2017-08-25 20:09:44.9838 [DEBUG] Disconnecting temporarily to enter play mode.
2017-08-25 20:09:44.9848 [DEBUG] Aborting connection attempt for room (38755:SceneFusion:SceneFusion)
2017-08-25 20:09:44.9848 [DEBUG] Connection attempt aborted. (38755:SceneFusion:SceneFusion)
2017-08-25 20:09:44.9848 [DEBUG] Connection Failed. (38755:SceneFusion:SceneFusion)
2017-08-25 20:09:45.0069 [ERROR] Socket Exception Interrupted: A blocking operation was interrupted by a call to WSACancelBlockingCall.

  at System.Net.Sockets.Socket.Connect (System.Net.EndPoint remoteEP, Boolean requireSocketPolicy) [0x00000] in <filename unknown>:0 
  at System.Net.Sockets.Socket.Connect (System.Net.EndPoint remoteEP) [0x00000] in <filename unknown>:0 
  at  .⁚.  () [0x00000] in <filename unknown>:0 
2017-08-25 20:09:45.0074 [DEBUG] Connection Failed. (38755:SceneFusion:SceneFusion)
2017-08-25 20:09:47.1092 [DEBUG] Scene Fusion version 1.5.2
2017-08-25 20:09:47.1410 [DEBUG] Play mode: True, sync in play mode: True
2017-08-25 20:09:47.4499 [DEBUG] Connecting to room (38755:SceneFusion:SceneFusion) via TCP at console.kinematicsoup.com:1026
2017-08-25 20:09:47.4559 [DEBUG] Guest connection. (Session: 38755)
2017-08-25 20:09:51.9285 [DEBUG] Play mode: False
2017-08-25 20:09:55.6299 [DEBUG] Disconnecting temporarily to recompile.
2017-08-25 20:09:55.6304 [DEBUG] Aborting connection attempt for room (38755:SceneFusion:SceneFusion)
2017-08-25 20:09:55.6309 [DEBUG] Connection attempt aborted. (38755:SceneFusion:SceneFusion)
2017-08-25 20:09:55.6319 [DEBUG] Connection Failed. (38755:SceneFusion:SceneFusion)
2017-08-25 20:09:55.6369 [ERROR] Socket Exception Interrupted: A blocking operation was interrupted by a call to WSACancelBlockingCall.

  at System.Net.Sockets.Socket.Connect (System.Net.EndPoint remoteEP, Boolean requireSocketPolicy) [0x00000] in <filename unknown>:0 
  at System.Net.Sockets.Socket.Connect (System.Net.EndPoint remoteEP) [0x00000] in <filename unknown>:0 
  at  .⁚.  () [0x00000] in <filename unknown>:0 
2017-08-25 20:09:55.6369 [DEBUG] Connection Failed. (38755:SceneFusion:SceneFusion)
