2017-09-29 17:01:52.6933 [DEBUG] Authenticating with server...
2017-09-29 17:01:52.9354 [DEBUG] Connected to room. (43474:SceneFusion:SceneFusion)
2017-09-29 17:01:52.9435 [INFO] Connected to server.
2017-09-29 17:01:52.9440 [DEBUG] OS : Microsoft Windows NT 10.0.15063.0
2017-09-29 17:01:52.9440 [DEBUG] Unity Version : 2017.1.1f1
2017-09-29 17:01:52.9440 [DEBUG] Pro License : False
2017-09-29 17:01:52.9445 [DEBUG] Platform : WindowsEditor
2017-09-29 17:01:52.9445 [DEBUG] Build Target : StandaloneWindows64
2017-09-29 17:01:52.9445 [DEBUG] Scene Fusion version : 1.6.0
2017-09-29 17:01:52.9575 [DEBUG] User : 
2017-09-29 17:01:53.0427 [DEBUG] Tier: SF Essential 4, Permissions: 00000003
2017-09-29 17:01:53.0427 [DEBUG] User Permissions: FFFFFFFF
2017-09-29 17:01:54.3908 [DEBUG] No stand-in for UnityEngine.CustomRenderTexture
2017-09-29 17:01:54.3908 [DEBUG] No stand-in for UnityEngine.U2D.SpriteAtlas
2017-09-29 17:01:54.3913 [DEBUG] No stand-in for UnityEngine.AI.NavMeshData
2017-09-29 17:01:54.3913 [DEBUG] No stand-in for UnityEngine.AvatarMask
2017-09-29 17:01:54.3913 [DEBUG] No stand-in for UnityEngine.Video.VideoClip
2017-09-29 17:01:54.7157 [DEBUG] Uploading scene 'Map 1'
2017-09-29 17:01:55.1428 [DEBUG] Spawn request. (Objects: 82)
2017-09-29 17:03:24.4478 [DEBUG] Upload terrain diff. (Type: 1, Size: 787, Entity: 2)
2017-09-29 17:03:24.4483 [DEBUG] Upload terrain diff complete. (Entity: 2)
2017-09-29 17:03:24.7300 [DEBUG] Upload terrain diff. (Type: 1, Size: 787, Entity: 2)
2017-09-29 17:03:24.7305 [DEBUG] Upload terrain diff complete. (Entity: 2)
2017-09-29 17:03:24.8082 [DEBUG] Upload terrain diff. (Type: 1, Size: 3894, Entity: 2)
2017-09-29 17:03:24.8093 [DEBUG] Upload terrain diff complete. (Entity: 2)
2017-09-29 17:03:24.9175 [DEBUG] Upload terrain diff. (Type: 1, Size: 1738, Entity: 2)
2017-09-29 17:03:24.9181 [DEBUG] Upload terrain diff complete. (Entity: 2)
2017-09-29 17:03:25.1224 [DEBUG] Upload terrain diff. (Type: 1, Size: 1134, Entity: 2)
2017-09-29 17:03:25.1229 [DEBUG] Upload terrain diff complete. (Entity: 2)
2017-09-29 17:03:25.2276 [DEBUG] Upload terrain diff. (Type: 1, Size: 2949, Entity: 2)
2017-09-29 17:03:25.2281 [DEBUG] Upload terrain diff complete. (Entity: 2)
2017-09-29 17:03:25.3588 [DEBUG] Upload terrain diff. (Type: 1, Size: 4532, Entity: 2)
2017-09-29 17:03:25.3598 [DEBUG] Upload terrain diff complete. (Entity: 2)
2017-09-29 17:03:25.4645 [DEBUG] Upload terrain diff. (Type: 1, Size: 1993, Entity: 2)
2017-09-29 17:03:25.4650 [DEBUG] Upload terrain diff complete. (Entity: 2)
2017-09-29 17:03:25.5826 [DEBUG] Upload terrain diff. (Type: 1, Size: 2582, Entity: 2)
2017-09-29 17:03:25.5836 [DEBUG] Upload terrain diff complete. (Entity: 2)
2017-09-29 17:03:25.6867 [DEBUG] Upload terrain diff. (Type: 1, Size: 484, Entity: 2)
2017-09-29 17:03:25.6867 [DEBUG] Upload terrain diff complete. (Entity: 2)
2017-09-29 17:03:25.7900 [DEBUG] Upload terrain diff. (Type: 1, Size: 628, Entity: 2)
2017-09-29 17:03:25.7905 [DEBUG] Upload terrain diff complete. (Entity: 2)
2017-09-29 17:03:30.1908 [DEBUG] Upload terrain diff. (Type: 1, Size: 5391, Entity: 2)
2017-09-29 17:03:30.1929 [DEBUG] Upload terrain diff complete. (Entity: 2)
2017-09-29 17:03:43.1265 [DEBUG] Upload terrain diff. (Type: 1, Size: 1041, Entity: 2)
2017-09-29 17:03:43.1269 [DEBUG] Upload terrain diff complete. (Entity: 2)
2017-09-29 17:03:43.2433 [DEBUG] Upload terrain diff. (Type: 1, Size: 1056, Entity: 2)
2017-09-29 17:03:43.2433 [DEBUG] Upload terrain diff complete. (Entity: 2)
2017-09-29 17:03:43.3510 [DEBUG] Upload terrain diff. (Type: 1, Size: 1790, Entity: 2)
2017-09-29 17:03:43.3515 [DEBUG] Upload terrain diff complete. (Entity: 2)
2017-09-29 17:03:43.4769 [DEBUG] Upload terrain diff. (Type: 1, Size: 1435, Entity: 2)
2017-09-29 17:03:43.4774 [DEBUG] Upload terrain diff complete. (Entity: 2)
2017-09-29 17:03:43.5776 [DEBUG] Upload terrain diff. (Type: 1, Size: 958, Entity: 2)
2017-09-29 17:03:43.5781 [DEBUG] Upload terrain diff complete. (Entity: 2)
2017-09-29 17:03:43.6793 [DEBUG] Upload terrain diff. (Type: 1, Size: 1044, Entity: 2)
2017-09-29 17:03:43.6798 [DEBUG] Upload terrain diff complete. (Entity: 2)
2017-09-29 17:03:43.7883 [DEBUG] Upload terrain diff. (Type: 1, Size: 768, Entity: 2)
2017-09-29 17:03:43.7883 [DEBUG] Upload terrain diff complete. (Entity: 2)
2017-09-29 17:03:43.8941 [DEBUG] Upload terrain diff. (Type: 1, Size: 1059, Entity: 2)
2017-09-29 17:03:43.8946 [DEBUG] Upload terrain diff complete. (Entity: 2)
2017-09-29 17:03:44.0009 [DEBUG] Upload terrain diff. (Type: 1, Size: 774, Entity: 2)
2017-09-29 17:03:44.0009 [DEBUG] Upload terrain diff complete. (Entity: 2)
2017-09-29 17:03:44.1106 [DEBUG] Upload terrain diff. (Type: 1, Size: 2017, Entity: 2)
2017-09-29 17:03:44.1111 [DEBUG] Upload terrain diff complete. (Entity: 2)
2017-09-29 17:03:44.2179 [DEBUG] Upload terrain diff. (Type: 1, Size: 1024, Entity: 2)
2017-09-29 17:03:44.2184 [DEBUG] Upload terrain diff complete. (Entity: 2)
2017-09-29 17:03:44.3282 [DEBUG] Upload terrain diff. (Type: 1, Size: 1325, Entity: 2)
2017-09-29 17:03:44.3287 [DEBUG] Upload terrain diff complete. (Entity: 2)
2017-09-29 17:03:44.4354 [DEBUG] Upload terrain diff. (Type: 1, Size: 962, Entity: 2)
2017-09-29 17:03:44.4354 [DEBUG] Upload terrain diff complete. (Entity: 2)
2017-09-29 17:03:44.5513 [DEBUG] Upload terrain diff. (Type: 1, Size: 859, Entity: 2)
2017-09-29 17:03:44.5518 [DEBUG] Upload terrain diff complete. (Entity: 2)
2017-09-29 17:03:44.6626 [DEBUG] Upload terrain diff. (Type: 1, Size: 651, Entity: 2)
2017-09-29 17:03:44.6631 [DEBUG] Upload terrain diff complete. (Entity: 2)
2017-09-29 17:03:44.7678 [DEBUG] Upload terrain diff. (Type: 1, Size: 281, Entity: 2)
2017-09-29 17:03:44.7683 [DEBUG] Upload terrain diff complete. (Entity: 2)
2017-09-29 17:03:44.8761 [DEBUG] Upload terrain diff. (Type: 1, Size: 306, Entity: 2)
2017-09-29 17:03:44.8761 [DEBUG] Upload terrain diff complete. (Entity: 2)
2017-09-29 17:03:44.9889 [DEBUG] Upload terrain diff. (Type: 1, Size: 333, Entity: 2)
2017-09-29 17:03:44.9894 [DEBUG] Upload terrain diff complete. (Entity: 2)
2017-09-29 17:03:45.0972 [DEBUG] Upload terrain diff. (Type: 1, Size: 170, Entity: 2)
2017-09-29 17:03:45.0972 [DEBUG] Upload terrain diff complete. (Entity: 2)
2017-09-29 17:03:45.1945 [DEBUG] Upload terrain diff. (Type: 1, Size: 246, Entity: 2)
2017-09-29 17:03:45.1945 [DEBUG] Upload terrain diff complete. (Entity: 2)
2017-09-29 17:03:45.3078 [DEBUG] Upload terrain diff. (Type: 1, Size: 404, Entity: 2)
2017-09-29 17:03:45.3078 [DEBUG] Upload terrain diff complete. (Entity: 2)
2017-09-29 17:03:45.4140 [DEBUG] Upload terrain diff. (Type: 1, Size: 440, Entity: 2)
2017-09-29 17:03:45.4140 [DEBUG] Upload terrain diff complete. (Entity: 2)
2017-09-29 17:03:45.5289 [DEBUG] Upload terrain diff. (Type: 1, Size: 750, Entity: 2)
2017-09-29 17:03:45.5294 [DEBUG] Upload terrain diff complete. (Entity: 2)
2017-09-29 17:03:45.6372 [DEBUG] Upload terrain diff. (Type: 1, Size: 439, Entity: 2)
2017-09-29 17:03:45.6372 [DEBUG] Upload terrain diff complete. (Entity: 2)
2017-09-29 17:03:45.7434 [DEBUG] Upload terrain diff. (Type: 1, Size: 448, Entity: 2)
2017-09-29 17:03:45.7434 [DEBUG] Upload terrain diff complete. (Entity: 2)
2017-09-29 17:03:45.8513 [DEBUG] Upload terrain diff. (Type: 1, Size: 790, Entity: 2)
2017-09-29 17:03:45.8518 [DEBUG] Upload terrain diff complete. (Entity: 2)
2017-09-29 17:03:45.9584 [DEBUG] Upload terrain diff. (Type: 1, Size: 225, Entity: 2)
2017-09-29 17:03:45.9584 [DEBUG] Upload terrain diff complete. (Entity: 2)
2017-09-29 17:03:46.0750 [DEBUG] Upload terrain diff. (Type: 1, Size: 429, Entity: 2)
2017-09-29 17:03:46.0750 [DEBUG] Upload terrain diff complete. (Entity: 2)
2017-09-29 17:03:46.0750 [DEBUG] Upload terrain diff. (Type: 1, Size: 511, Entity: 2)
2017-09-29 17:03:46.0750 [DEBUG] Upload terrain diff complete. (Entity: 2)
2017-09-29 17:03:46.1879 [DEBUG] Upload terrain diff. (Type: 1, Size: 219, Entity: 2)
2017-09-29 17:03:46.1879 [DEBUG] Upload terrain diff complete. (Entity: 2)
2017-09-29 17:03:46.2910 [DEBUG] Upload terrain diff. (Type: 1, Size: 35, Entity: 2)
2017-09-29 17:03:46.2910 [DEBUG] Upload terrain diff complete. (Entity: 2)
2017-09-29 17:03:46.4068 [DEBUG] Upload terrain diff. (Type: 1, Size: 19, Entity: 2)
2017-09-29 17:03:46.4068 [DEBUG] Upload terrain diff complete. (Entity: 2)
2017-09-29 17:03:46.5096 [DEBUG] Upload terrain diff. (Type: 1, Size: 25, Entity: 2)
2017-09-29 17:03:46.5096 [DEBUG] Upload terrain diff complete. (Entity: 2)
2017-09-29 17:03:46.6179 [DEBUG] Upload terrain diff. (Type: 1, Size: 22, Entity: 2)
2017-09-29 17:03:46.6179 [DEBUG] Upload terrain diff complete. (Entity: 2)
2017-09-29 17:03:46.7327 [DEBUG] Upload terrain diff. (Type: 1, Size: 1333, Entity: 2)
2017-09-29 17:03:46.7332 [DEBUG] Upload terrain diff complete. (Entity: 2)
2017-09-29 17:03:46.8324 [DEBUG] Upload terrain diff. (Type: 1, Size: 286, Entity: 2)
2017-09-29 17:03:46.8324 [DEBUG] Upload terrain diff complete. (Entity: 2)
2017-09-29 17:03:46.9408 [DEBUG] Upload terrain diff. (Type: 1, Size: 563, Entity: 2)
2017-09-29 17:03:46.9413 [DEBUG] Upload terrain diff complete. (Entity: 2)
2017-09-29 17:03:47.0571 [DEBUG] Upload terrain diff. (Type: 1, Size: 126, Entity: 2)
2017-09-29 17:03:47.0571 [DEBUG] Upload terrain diff complete. (Entity: 2)
2017-09-29 17:03:47.1594 [DEBUG] Upload terrain diff. (Type: 1, Size: 160, Entity: 2)
2017-09-29 17:03:47.1594 [DEBUG] Upload terrain diff complete. (Entity: 2)
2017-09-29 17:03:47.2642 [DEBUG] Upload terrain diff. (Type: 1, Size: 60, Entity: 2)
2017-09-29 17:03:47.2642 [DEBUG] Upload terrain diff complete. (Entity: 2)
2017-09-29 17:03:47.3719 [DEBUG] Upload terrain diff. (Type: 1, Size: 11, Entity: 2)
2017-09-29 17:03:47.3719 [DEBUG] Upload terrain diff complete. (Entity: 2)
2017-09-29 17:03:47.4807 [DEBUG] Upload terrain diff. (Type: 1, Size: 159, Entity: 2)
2017-09-29 17:03:47.4812 [DEBUG] Upload terrain diff complete. (Entity: 2)
2017-09-29 17:03:47.6305 [DEBUG] Upload terrain diff. (Type: 1, Size: 48, Entity: 2)
2017-09-29 17:03:47.6305 [DEBUG] Upload terrain diff complete. (Entity: 2)
2017-09-29 17:03:47.7453 [DEBUG] Upload terrain diff. (Type: 1, Size: 58, Entity: 2)
2017-09-29 17:03:47.7453 [DEBUG] Upload terrain diff complete. (Entity: 2)
2017-09-29 17:03:47.8511 [DEBUG] Upload terrain diff. (Type: 1, Size: 19, Entity: 2)
2017-09-29 17:03:47.8511 [DEBUG] Upload terrain diff complete. (Entity: 2)
2017-09-29 17:03:47.9601 [DEBUG] Upload terrain diff. (Type: 1, Size: 31, Entity: 2)
2017-09-29 17:03:47.9606 [DEBUG] Upload terrain diff complete. (Entity: 2)
2017-09-29 17:04:02.0208 [DEBUG] Upload terrain diff. (Type: 1, Size: 1117, Entity: 2)
2017-09-29 17:04:02.0213 [DEBUG] Upload terrain diff complete. (Entity: 2)
2017-09-29 17:04:02.1321 [DEBUG] Upload terrain diff. (Type: 1, Size: 1066, Entity: 2)
2017-09-29 17:04:02.1321 [DEBUG] Upload terrain diff complete. (Entity: 2)
2017-09-29 17:04:02.2414 [DEBUG] Upload terrain diff. (Type: 1, Size: 1142, Entity: 2)
2017-09-29 17:04:02.2419 [DEBUG] Upload terrain diff complete. (Entity: 2)
2017-09-29 17:04:02.3467 [DEBUG] Upload terrain diff. (Type: 1, Size: 2317, Entity: 2)
2017-09-29 17:04:02.3472 [DEBUG] Upload terrain diff complete. (Entity: 2)
2017-09-29 17:04:02.4669 [DEBUG] Upload terrain diff. (Type: 1, Size: 2711, Entity: 2)
2017-09-29 17:04:02.4674 [DEBUG] Upload terrain diff complete. (Entity: 2)
2017-09-29 17:04:02.5614 [DEBUG] Upload terrain diff. (Type: 1, Size: 2718, Entity: 2)
2017-09-29 17:04:02.5619 [DEBUG] Upload terrain diff complete. (Entity: 2)
2017-09-29 17:04:02.6717 [DEBUG] Upload terrain diff. (Type: 1, Size: 1725, Entity: 2)
2017-09-29 17:04:02.6722 [DEBUG] Upload terrain diff complete. (Entity: 2)
2017-09-29 17:04:02.7837 [DEBUG] Upload terrain diff. (Type: 1, Size: 1552, Entity: 2)
2017-09-29 17:04:02.7842 [DEBUG] Upload terrain diff complete. (Entity: 2)
2017-09-29 17:04:02.8990 [DEBUG] Upload terrain diff. (Type: 1, Size: 2029, Entity: 2)
2017-09-29 17:04:02.8995 [DEBUG] Upload terrain diff complete. (Entity: 2)
2017-09-29 17:04:03.0033 [DEBUG] Upload terrain diff. (Type: 1, Size: 4344, Entity: 2)
2017-09-29 17:04:03.0043 [DEBUG] Upload terrain diff complete. (Entity: 2)
2017-09-29 17:04:03.1076 [DEBUG] Upload terrain diff. (Type: 1, Size: 2419, Entity: 2)
2017-09-29 17:04:03.1081 [DEBUG] Upload terrain diff complete. (Entity: 2)
2017-09-29 17:04:03.2219 [DEBUG] Upload terrain diff. (Type: 1, Size: 560, Entity: 2)
2017-09-29 17:04:03.2219 [DEBUG] Upload terrain diff complete. (Entity: 2)
2017-09-29 17:04:04.2441 [DEBUG] Upload terrain diff. (Type: 1, Size: 864, Entity: 2)
2017-09-29 17:04:04.2441 [DEBUG] Upload terrain diff complete. (Entity: 2)
2017-09-29 17:04:10.6812 [DEBUG] Upload terrain diff. (Type: 1, Size: 787, Entity: 2)
2017-09-29 17:04:10.6812 [DEBUG] Upload terrain diff complete. (Entity: 2)
2017-09-29 17:04:10.8016 [DEBUG] Upload terrain diff. (Type: 1, Size: 522, Entity: 2)
2017-09-29 17:04:10.8016 [DEBUG] Upload terrain diff complete. (Entity: 2)
2017-09-29 17:04:10.9059 [DEBUG] Upload terrain diff. (Type: 1, Size: 693, Entity: 2)
2017-09-29 17:04:10.9064 [DEBUG] Upload terrain diff complete. (Entity: 2)
2017-09-29 17:04:11.0197 [DEBUG] Upload terrain diff. (Type: 1, Size: 913, Entity: 2)
2017-09-29 17:04:11.0197 [DEBUG] Upload terrain diff complete. (Entity: 2)
2017-09-29 17:04:11.1284 [DEBUG] Upload terrain diff. (Type: 1, Size: 843, Entity: 2)
2017-09-29 17:04:11.1284 [DEBUG] Upload terrain diff complete. (Entity: 2)
2017-09-29 17:04:11.2533 [DEBUG] Upload terrain diff. (Type: 1, Size: 900, Entity: 2)
2017-09-29 17:04:11.2538 [DEBUG] Upload terrain diff complete. (Entity: 2)
2017-09-29 17:04:11.3480 [DEBUG] Upload terrain diff. (Type: 1, Size: 669, Entity: 2)
2017-09-29 17:04:11.3480 [DEBUG] Upload terrain diff complete. (Entity: 2)
2017-09-29 17:04:11.4556 [DEBUG] Upload terrain diff. (Type: 1, Size: 562, Entity: 2)
2017-09-29 17:04:11.4556 [DEBUG] Upload terrain diff complete. (Entity: 2)
2017-09-29 17:04:11.5666 [DEBUG] Upload terrain diff. (Type: 1, Size: 700, Entity: 2)
2017-09-29 17:04:11.5666 [DEBUG] Upload terrain diff complete. (Entity: 2)
2017-09-29 17:04:11.6799 [DEBUG] Upload terrain diff. (Type: 1, Size: 821, Entity: 2)
2017-09-29 17:04:11.6804 [DEBUG] Upload terrain diff complete. (Entity: 2)
2017-09-29 17:04:11.7811 [DEBUG] Upload terrain diff. (Type: 1, Size: 1004, Entity: 2)
2017-09-29 17:04:11.7817 [DEBUG] Upload terrain diff complete. (Entity: 2)
2017-09-29 17:04:11.8864 [DEBUG] Upload terrain diff. (Type: 1, Size: 621, Entity: 2)
2017-09-29 17:04:11.8864 [DEBUG] Upload terrain diff complete. (Entity: 2)
2017-09-29 17:04:11.9937 [DEBUG] Upload terrain diff. (Type: 1, Size: 356, Entity: 2)
2017-09-29 17:04:11.9942 [DEBUG] Upload terrain diff complete. (Entity: 2)
2017-09-29 17:04:12.1031 [DEBUG] Upload terrain diff. (Type: 1, Size: 131, Entity: 2)
2017-09-29 17:04:12.1031 [DEBUG] Upload terrain diff complete. (Entity: 2)
2017-09-29 17:04:12.2135 [DEBUG] Upload terrain diff. (Type: 1, Size: 10, Entity: 2)
2017-09-29 17:04:12.2135 [DEBUG] Upload terrain diff complete. (Entity: 2)
2017-09-29 17:04:12.3258 [DEBUG] Upload terrain diff. (Type: 1, Size: 13, Entity: 2)
2017-09-29 17:04:12.3258 [DEBUG] Upload terrain diff complete. (Entity: 2)
2017-09-29 17:04:12.4381 [DEBUG] Upload terrain diff. (Type: 1, Size: 13, Entity: 2)
2017-09-29 17:04:12.4386 [DEBUG] Upload terrain diff complete. (Entity: 2)
2017-09-29 17:04:12.5399 [DEBUG] Upload terrain diff. (Type: 1, Size: 14, Entity: 2)
2017-09-29 17:04:12.5399 [DEBUG] Upload terrain diff complete. (Entity: 2)
2017-09-29 17:04:12.9806 [DEBUG] Upload terrain diff. (Type: 1, Size: 50, Entity: 2)
2017-09-29 17:04:12.9806 [DEBUG] Upload terrain diff complete. (Entity: 2)
2017-09-29 17:04:13.0949 [DEBUG] Upload terrain diff. (Type: 1, Size: 200, Entity: 2)
2017-09-29 17:04:13.0949 [DEBUG] Upload terrain diff complete. (Entity: 2)
2017-09-29 17:04:13.2052 [DEBUG] Upload terrain diff. (Type: 1, Size: 585, Entity: 2)
2017-09-29 17:04:13.2052 [DEBUG] Upload terrain diff complete. (Entity: 2)
2017-09-29 17:04:13.3080 [DEBUG] Upload terrain diff. (Type: 1, Size: 564, Entity: 2)
2017-09-29 17:04:13.3085 [DEBUG] Upload terrain diff complete. (Entity: 2)
2017-09-29 17:04:13.4238 [DEBUG] Upload terrain diff. (Type: 1, Size: 459, Entity: 2)
2017-09-29 17:04:13.4243 [DEBUG] Upload terrain diff complete. (Entity: 2)
2017-09-29 17:04:13.5338 [DEBUG] Upload terrain diff. (Type: 1, Size: 600, Entity: 2)
2017-09-29 17:04:13.5338 [DEBUG] Upload terrain diff complete. (Entity: 2)
2017-09-29 17:04:13.6401 [DEBUG] Upload terrain diff. (Type: 1, Size: 424, Entity: 2)
2017-09-29 17:04:13.6401 [DEBUG] Upload terrain diff complete. (Entity: 2)
2017-09-29 17:04:13.7559 [DEBUG] Upload terrain diff. (Type: 1, Size: 407, Entity: 2)
2017-09-29 17:04:13.7564 [DEBUG] Upload terrain diff complete. (Entity: 2)
2017-09-29 17:04:13.8569 [DEBUG] Upload terrain diff. (Type: 1, Size: 357, Entity: 2)
2017-09-29 17:04:13.8569 [DEBUG] Upload terrain diff complete. (Entity: 2)
2017-09-29 17:04:13.9758 [DEBUG] Upload terrain diff. (Type: 1, Size: 487, Entity: 2)
2017-09-29 17:04:13.9758 [DEBUG] Upload terrain diff complete. (Entity: 2)
2017-09-29 17:04:14.0876 [DEBUG] Upload terrain diff. (Type: 1, Size: 412, Entity: 2)
2017-09-29 17:04:14.0881 [DEBUG] Upload terrain diff complete. (Entity: 2)
2017-09-29 17:04:14.2084 [DEBUG] Upload terrain diff. (Type: 1, Size: 312, Entity: 2)
2017-09-29 17:04:14.2089 [DEBUG] Upload terrain diff complete. (Entity: 2)
2017-09-29 17:04:14.3027 [DEBUG] Upload terrain diff. (Type: 1, Size: 301, Entity: 2)
2017-09-29 17:04:14.3027 [DEBUG] Upload terrain diff complete. (Entity: 2)
2017-09-29 17:04:14.4079 [DEBUG] Upload terrain diff. (Type: 1, Size: 279, Entity: 2)
2017-09-29 17:04:14.4079 [DEBUG] Upload terrain diff complete. (Entity: 2)
2017-09-29 17:04:14.5212 [DEBUG] Upload terrain diff. (Type: 1, Size: 246, Entity: 2)
2017-09-29 17:04:14.5218 [DEBUG] Upload terrain diff complete. (Entity: 2)
2017-09-29 17:04:14.6300 [DEBUG] Upload terrain diff. (Type: 1, Size: 171, Entity: 2)
2017-09-29 17:04:14.6300 [DEBUG] Upload terrain diff complete. (Entity: 2)
2017-09-29 17:04:14.7413 [DEBUG] Upload terrain diff. (Type: 1, Size: 141, Entity: 2)
2017-09-29 17:04:14.7418 [DEBUG] Upload terrain diff complete. (Entity: 2)
2017-09-29 17:04:15.0948 [DEBUG] Upload terrain diff. (Type: 1, Size: 179, Entity: 2)
2017-09-29 17:04:15.0948 [DEBUG] Upload terrain diff complete. (Entity: 2)
2017-09-29 17:04:15.2046 [DEBUG] Upload terrain diff. (Type: 1, Size: 294, Entity: 2)
2017-09-29 17:04:15.2051 [DEBUG] Upload terrain diff complete. (Entity: 2)
2017-09-29 17:04:15.3093 [DEBUG] Upload terrain diff. (Type: 1, Size: 276, Entity: 2)
2017-09-29 17:04:15.3098 [DEBUG] Upload terrain diff complete. (Entity: 2)
2017-09-29 17:04:15.4225 [DEBUG] Upload terrain diff. (Type: 1, Size: 309, Entity: 2)
2017-09-29 17:04:15.4225 [DEBUG] Upload terrain diff complete. (Entity: 2)
2017-09-29 17:04:15.5303 [DEBUG] Upload terrain diff. (Type: 1, Size: 285, Entity: 2)
2017-09-29 17:04:15.5303 [DEBUG] Upload terrain diff complete. (Entity: 2)
2017-09-29 17:04:15.6386 [DEBUG] Upload terrain diff. (Type: 1, Size: 231, Entity: 2)
2017-09-29 17:04:15.6391 [DEBUG] Upload terrain diff complete. (Entity: 2)
2017-09-29 17:04:15.7484 [DEBUG] Upload terrain diff. (Type: 1, Size: 316, Entity: 2)
2017-09-29 17:04:15.7484 [DEBUG] Upload terrain diff complete. (Entity: 2)
2017-09-29 17:04:15.8598 [DEBUG] Upload terrain diff. (Type: 1, Size: 284, Entity: 2)
2017-09-29 17:04:15.8598 [DEBUG] Upload terrain diff complete. (Entity: 2)
2017-09-29 17:04:15.9686 [DEBUG] Upload terrain diff. (Type: 1, Size: 848, Entity: 2)
2017-09-29 17:04:15.9691 [DEBUG] Upload terrain diff complete. (Entity: 2)
2017-09-29 17:04:16.0709 [DEBUG] Upload terrain diff. (Type: 1, Size: 500, Entity: 2)
2017-09-29 17:04:16.0709 [DEBUG] Upload terrain diff complete. (Entity: 2)
2017-09-29 17:04:16.1867 [DEBUG] Upload terrain diff. (Type: 1, Size: 252, Entity: 2)
2017-09-29 17:04:16.1867 [DEBUG] Upload terrain diff complete. (Entity: 2)
2017-09-29 17:04:16.2895 [DEBUG] Upload terrain diff. (Type: 1, Size: 230, Entity: 2)
2017-09-29 17:04:16.2900 [DEBUG] Upload terrain diff complete. (Entity: 2)
2017-09-29 17:04:16.4363 [DEBUG] Upload terrain diff. (Type: 1, Size: 452, Entity: 2)
2017-09-29 17:04:16.4368 [DEBUG] Upload terrain diff complete. (Entity: 2)
2017-09-29 17:04:16.5231 [DEBUG] Upload terrain diff. (Type: 1, Size: 249, Entity: 2)
2017-09-29 17:04:16.5231 [DEBUG] Upload terrain diff complete. (Entity: 2)
2017-09-29 17:04:16.6244 [DEBUG] Upload terrain diff. (Type: 1, Size: 523, Entity: 2)
2017-09-29 17:04:16.6249 [DEBUG] Upload terrain diff complete. (Entity: 2)
2017-09-29 17:04:16.7371 [DEBUG] Upload terrain diff. (Type: 1, Size: 537, Entity: 2)
2017-09-29 17:04:16.7371 [DEBUG] Upload terrain diff complete. (Entity: 2)
2017-09-29 17:04:16.8409 [DEBUG] Upload terrain diff. (Type: 1, Size: 538, Entity: 2)
2017-09-29 17:04:16.8414 [DEBUG] Upload terrain diff complete. (Entity: 2)
2017-09-29 17:04:23.1494 [DEBUG] Upload terrain diff. (Type: 1, Size: 43, Entity: 2)
2017-09-29 17:04:23.1494 [DEBUG] Upload terrain diff complete. (Entity: 2)
2017-09-29 17:04:23.4658 [DEBUG] Upload terrain diff. (Type: 1, Size: 146, Entity: 2)
2017-09-29 17:04:23.4658 [DEBUG] Upload terrain diff complete. (Entity: 2)
2017-09-29 17:04:23.5801 [DEBUG] Upload terrain diff. (Type: 1, Size: 253, Entity: 2)
2017-09-29 17:04:23.5806 [DEBUG] Upload terrain diff complete. (Entity: 2)
2017-09-29 17:04:23.6869 [DEBUG] Upload terrain diff. (Type: 1, Size: 483, Entity: 2)
2017-09-29 17:04:23.6869 [DEBUG] Upload terrain diff complete. (Entity: 2)
2017-09-29 17:04:23.7891 [DEBUG] Upload terrain diff. (Type: 1, Size: 356, Entity: 2)
2017-09-29 17:04:23.7896 [DEBUG] Upload terrain diff complete. (Entity: 2)
2017-09-29 17:04:23.9014 [DEBUG] Upload terrain diff. (Type: 1, Size: 233, Entity: 2)
2017-09-29 17:04:23.9014 [DEBUG] Upload terrain diff complete. (Entity: 2)
2017-09-29 17:04:24.0137 [DEBUG] Upload terrain diff. (Type: 1, Size: 100, Entity: 2)
2017-09-29 17:04:24.0137 [DEBUG] Upload terrain diff complete. (Entity: 2)
2017-09-29 17:04:24.2103 [DEBUG] Upload terrain diff. (Type: 1, Size: 25, Entity: 2)
2017-09-29 17:04:24.2103 [DEBUG] Upload terrain diff complete. (Entity: 2)
2017-09-29 17:04:24.7427 [DEBUG] Upload terrain diff. (Type: 1, Size: 88, Entity: 2)
2017-09-29 17:04:24.7427 [DEBUG] Upload terrain diff complete. (Entity: 2)
2017-09-29 17:04:24.8594 [DEBUG] Upload terrain diff. (Type: 1, Size: 111, Entity: 2)
2017-09-29 17:04:24.8594 [DEBUG] Upload terrain diff complete. (Entity: 2)
2017-09-29 17:04:24.9600 [DEBUG] Upload terrain diff. (Type: 1, Size: 310, Entity: 2)
2017-09-29 17:04:24.9600 [DEBUG] Upload terrain diff complete. (Entity: 2)
2017-09-29 17:04:25.0730 [DEBUG] Upload terrain diff. (Type: 1, Size: 223, Entity: 2)
2017-09-29 17:04:25.0730 [DEBUG] Upload terrain diff complete. (Entity: 2)
2017-09-29 17:04:25.1841 [DEBUG] Upload terrain diff. (Type: 1, Size: 155, Entity: 2)
2017-09-29 17:04:25.1841 [DEBUG] Upload terrain diff complete. (Entity: 2)
2017-09-29 17:04:25.2944 [DEBUG] Upload terrain diff. (Type: 1, Size: 37, Entity: 2)
2017-09-29 17:04:25.2944 [DEBUG] Upload terrain diff complete. (Entity: 2)
2017-09-29 17:04:25.6825 [DEBUG] Upload terrain diff. (Type: 1, Size: 150, Entity: 2)
2017-09-29 17:04:25.6825 [DEBUG] Upload terrain diff complete. (Entity: 2)
2017-09-29 17:04:25.7914 [DEBUG] Upload terrain diff. (Type: 1, Size: 165, Entity: 2)
2017-09-29 17:04:25.7914 [DEBUG] Upload terrain diff complete. (Entity: 2)
2017-09-29 17:04:25.8996 [DEBUG] Upload terrain diff. (Type: 1, Size: 333, Entity: 2)
2017-09-29 17:04:25.8996 [DEBUG] Upload terrain diff complete. (Entity: 2)
2017-09-29 17:04:26.0079 [DEBUG] Upload terrain diff. (Type: 1, Size: 260, Entity: 2)
2017-09-29 17:04:26.0079 [DEBUG] Upload terrain diff complete. (Entity: 2)
2017-09-29 17:04:26.1217 [DEBUG] Upload terrain diff. (Type: 1, Size: 266, Entity: 2)
2017-09-29 17:04:26.1222 [DEBUG] Upload terrain diff complete. (Entity: 2)
2017-09-29 17:04:26.2305 [DEBUG] Upload terrain diff. (Type: 1, Size: 306, Entity: 2)
2017-09-29 17:04:26.2305 [DEBUG] Upload terrain diff complete. (Entity: 2)
2017-09-29 17:04:26.3353 [DEBUG] Upload terrain diff. (Type: 1, Size: 161, Entity: 2)
2017-09-29 17:04:26.3353 [DEBUG] Upload terrain diff complete. (Entity: 2)
2017-09-29 17:04:26.4441 [DEBUG] Upload terrain diff. (Type: 1, Size: 340, Entity: 2)
2017-09-29 17:04:26.4446 [DEBUG] Upload terrain diff complete. (Entity: 2)
2017-09-29 17:04:26.5562 [DEBUG] Upload terrain diff. (Type: 1, Size: 1103, Entity: 2)
2017-09-29 17:04:26.5567 [DEBUG] Upload terrain diff complete. (Entity: 2)
2017-09-29 17:04:26.6617 [DEBUG] Upload terrain diff. (Type: 1, Size: 1427, Entity: 2)
2017-09-29 17:04:26.6622 [DEBUG] Upload terrain diff complete. (Entity: 2)
2017-09-29 17:04:26.7735 [DEBUG] Upload terrain diff. (Type: 1, Size: 662, Entity: 2)
2017-09-29 17:04:26.7740 [DEBUG] Upload terrain diff complete. (Entity: 2)
2017-09-29 17:04:26.8783 [DEBUG] Upload terrain diff. (Type: 1, Size: 958, Entity: 2)
2017-09-29 17:04:26.8788 [DEBUG] Upload terrain diff complete. (Entity: 2)
2017-09-29 17:04:26.9896 [DEBUG] Upload terrain diff. (Type: 1, Size: 740, Entity: 2)
2017-09-29 17:04:26.9896 [DEBUG] Upload terrain diff complete. (Entity: 2)
2017-09-29 17:04:27.1194 [DEBUG] Upload terrain diff. (Type: 1, Size: 440, Entity: 2)
2017-09-29 17:04:27.1194 [DEBUG] Upload terrain diff complete. (Entity: 2)
2017-09-29 17:04:27.2227 [DEBUG] Upload terrain diff. (Type: 1, Size: 170, Entity: 2)
2017-09-29 17:04:27.2227 [DEBUG] Upload terrain diff complete. (Entity: 2)
2017-09-29 17:04:28.7705 [DEBUG] Upload terrain diff. (Type: 1, Size: 2777, Entity: 2)
2017-09-29 17:04:28.7710 [DEBUG] Upload terrain diff complete. (Entity: 2)
2017-09-29 17:04:29.4714 [DEBUG] Upload terrain diff. (Type: 1, Size: 551, Entity: 2)
2017-09-29 17:04:29.4719 [DEBUG] Upload terrain diff complete. (Entity: 2)
2017-09-29 17:04:29.5827 [DEBUG] Upload terrain diff. (Type: 1, Size: 400, Entity: 2)
2017-09-29 17:04:29.5827 [DEBUG] Upload terrain diff complete. (Entity: 2)
2017-09-29 17:04:29.6980 [DEBUG] Upload terrain diff. (Type: 1, Size: 490, Entity: 2)
2017-09-29 17:04:29.6980 [DEBUG] Upload terrain diff complete. (Entity: 2)
2017-09-29 17:04:29.8083 [DEBUG] Upload terrain diff. (Type: 1, Size: 166, Entity: 2)
2017-09-29 17:04:29.8088 [DEBUG] Upload terrain diff complete. (Entity: 2)
2017-09-29 17:04:29.9928 [DEBUG] Upload terrain diff. (Type: 1, Size: 124, Entity: 2)
2017-09-29 17:04:29.9933 [DEBUG] Upload terrain diff complete. (Entity: 2)
2017-09-29 17:04:30.1101 [DEBUG] Upload terrain diff. (Type: 1, Size: 195, Entity: 2)
2017-09-29 17:04:30.1101 [DEBUG] Upload terrain diff complete. (Entity: 2)
2017-09-29 17:04:30.2159 [DEBUG] Upload terrain diff. (Type: 1, Size: 172, Entity: 2)
2017-09-29 17:04:30.2164 [DEBUG] Upload terrain diff complete. (Entity: 2)
2017-09-29 17:04:30.3277 [DEBUG] Upload terrain diff. (Type: 1, Size: 557, Entity: 2)
2017-09-29 17:04:30.3282 [DEBUG] Upload terrain diff complete. (Entity: 2)
2017-09-29 17:04:30.4350 [DEBUG] Upload terrain diff. (Type: 1, Size: 193, Entity: 2)
2017-09-29 17:04:30.4350 [DEBUG] Upload terrain diff complete. (Entity: 2)
2017-09-29 17:04:30.6304 [DEBUG] Upload terrain diff. (Type: 1, Size: 249, Entity: 2)
2017-09-29 17:04:30.6304 [DEBUG] Upload terrain diff complete. (Entity: 2)
2017-09-29 17:04:30.8327 [DEBUG] Upload terrain diff. (Type: 1, Size: 230, Entity: 2)
2017-09-29 17:04:30.8327 [DEBUG] Upload terrain diff complete. (Entity: 2)
2017-09-29 17:04:30.9405 [DEBUG] Upload terrain diff. (Type: 1, Size: 75, Entity: 2)
2017-09-29 17:04:30.9405 [DEBUG] Upload terrain diff complete. (Entity: 2)
2017-09-29 17:04:31.0554 [DEBUG] Upload terrain diff. (Type: 1, Size: 89, Entity: 2)
2017-09-29 17:04:31.0554 [DEBUG] Upload terrain diff complete. (Entity: 2)
2017-09-29 17:04:31.1596 [DEBUG] Upload terrain diff. (Type: 1, Size: 71, Entity: 2)
2017-09-29 17:04:31.1596 [DEBUG] Upload terrain diff complete. (Entity: 2)
2017-09-29 17:04:32.5187 [DEBUG] Upload terrain diff. (Type: 1, Size: 41, Entity: 2)
2017-09-29 17:04:32.5187 [DEBUG] Upload terrain diff complete. (Entity: 2)
2017-09-29 17:04:32.6305 [DEBUG] Upload terrain diff. (Type: 1, Size: 135, Entity: 2)
2017-09-29 17:04:32.6305 [DEBUG] Upload terrain diff complete. (Entity: 2)
2017-09-29 17:04:32.7388 [DEBUG] Upload terrain diff. (Type: 1, Size: 334, Entity: 2)
2017-09-29 17:04:32.7388 [DEBUG] Upload terrain diff complete. (Entity: 2)
2017-09-29 17:04:32.8411 [DEBUG] Upload terrain diff. (Type: 1, Size: 298, Entity: 2)
2017-09-29 17:04:32.8411 [DEBUG] Upload terrain diff complete. (Entity: 2)
2017-09-29 17:04:32.9488 [DEBUG] Upload terrain diff. (Type: 1, Size: 321, Entity: 2)
2017-09-29 17:04:32.9488 [DEBUG] Upload terrain diff complete. (Entity: 2)
2017-09-29 17:04:33.0682 [DEBUG] Upload terrain diff. (Type: 1, Size: 265, Entity: 2)
2017-09-29 17:04:33.0682 [DEBUG] Upload terrain diff complete. (Entity: 2)
2017-09-29 17:04:33.1760 [DEBUG] Upload terrain diff. (Type: 1, Size: 160, Entity: 2)
2017-09-29 17:04:33.1765 [DEBUG] Upload terrain diff complete. (Entity: 2)
2017-09-29 17:04:33.2823 [DEBUG] Upload terrain diff. (Type: 1, Size: 171, Entity: 2)
2017-09-29 17:04:33.2823 [DEBUG] Upload terrain diff complete. (Entity: 2)
2017-09-29 17:04:33.3871 [DEBUG] Upload terrain diff. (Type: 1, Size: 122, Entity: 2)
2017-09-29 17:04:33.3871 [DEBUG] Upload terrain diff complete. (Entity: 2)
2017-09-29 17:04:33.4974 [DEBUG] Upload terrain diff. (Type: 1, Size: 158, Entity: 2)
2017-09-29 17:04:33.4974 [DEBUG] Upload terrain diff complete. (Entity: 2)
2017-09-29 17:04:33.8702 [DEBUG] Upload terrain diff. (Type: 1, Size: 253, Entity: 2)
2017-09-29 17:04:33.8702 [DEBUG] Upload terrain diff complete. (Entity: 2)
2017-09-29 17:04:34.2913 [DEBUG] Upload terrain diff. (Type: 1, Size: 202, Entity: 2)
2017-09-29 17:04:34.2913 [DEBUG] Upload terrain diff complete. (Entity: 2)
2017-09-29 17:04:34.3991 [DEBUG] Upload terrain diff. (Type: 1, Size: 105, Entity: 2)
2017-09-29 17:04:34.3991 [DEBUG] Upload terrain diff complete. (Entity: 2)
2017-09-29 17:04:34.5024 [DEBUG] Upload terrain diff. (Type: 1, Size: 93, Entity: 2)
2017-09-29 17:04:34.5024 [DEBUG] Upload terrain diff complete. (Entity: 2)
2017-09-29 17:04:34.6187 [DEBUG] Upload terrain diff. (Type: 1, Size: 86, Entity: 2)
2017-09-29 17:04:34.6187 [DEBUG] Upload terrain diff complete. (Entity: 2)
2017-09-29 17:04:34.7260 [DEBUG] Upload terrain diff. (Type: 1, Size: 131, Entity: 2)
2017-09-29 17:04:34.7260 [DEBUG] Upload terrain diff complete. (Entity: 2)
2017-09-29 17:04:34.8338 [DEBUG] Upload terrain diff. (Type: 1, Size: 176, Entity: 2)
2017-09-29 17:04:34.8338 [DEBUG] Upload terrain diff complete. (Entity: 2)
2017-09-29 17:04:34.9396 [DEBUG] Upload terrain diff. (Type: 1, Size: 97, Entity: 2)
2017-09-29 17:04:34.9396 [DEBUG] Upload terrain diff complete. (Entity: 2)
2017-09-29 17:04:35.0504 [DEBUG] Upload terrain diff. (Type: 1, Size: 97, Entity: 2)
2017-09-29 17:04:35.0504 [DEBUG] Upload terrain diff complete. (Entity: 2)
2017-09-29 17:04:35.1546 [DEBUG] Upload terrain diff. (Type: 1, Size: 117, Entity: 2)
2017-09-29 17:04:35.1546 [DEBUG] Upload terrain diff complete. (Entity: 2)
2017-09-29 17:04:35.2639 [DEBUG] Upload terrain diff. (Type: 1, Size: 168, Entity: 2)
2017-09-29 17:04:35.2644 [DEBUG] Upload terrain diff complete. (Entity: 2)
2017-09-29 17:04:35.3682 [DEBUG] Upload terrain diff. (Type: 1, Size: 218, Entity: 2)
2017-09-29 17:04:35.3687 [DEBUG] Upload terrain diff complete. (Entity: 2)
2017-09-29 17:04:35.4815 [DEBUG] Upload terrain diff. (Type: 1, Size: 144, Entity: 2)
2017-09-29 17:04:35.4815 [DEBUG] Upload terrain diff complete. (Entity: 2)
2017-09-29 17:04:35.5888 [DEBUG] Upload terrain diff. (Type: 1, Size: 189, Entity: 2)
2017-09-29 17:04:35.5888 [DEBUG] Upload terrain diff complete. (Entity: 2)
2017-09-29 17:04:35.6943 [DEBUG] Upload terrain diff. (Type: 1, Size: 174, Entity: 2)
2017-09-29 17:04:35.6943 [DEBUG] Upload terrain diff complete. (Entity: 2)
2017-09-29 17:04:35.8061 [DEBUG] Upload terrain diff. (Type: 1, Size: 207, Entity: 2)
2017-09-29 17:04:35.8061 [DEBUG] Upload terrain diff complete. (Entity: 2)
2017-09-29 17:04:35.9112 [DEBUG] Upload terrain diff. (Type: 1, Size: 136, Entity: 2)
2017-09-29 17:04:35.9112 [DEBUG] Upload terrain diff complete. (Entity: 2)
2017-09-29 17:04:36.0215 [DEBUG] Upload terrain diff. (Type: 1, Size: 95, Entity: 2)
2017-09-29 17:04:36.0215 [DEBUG] Upload terrain diff complete. (Entity: 2)
2017-09-29 17:04:36.1372 [DEBUG] Upload terrain diff. (Type: 1, Size: 78, Entity: 2)
2017-09-29 17:04:36.1372 [DEBUG] Upload terrain diff complete. (Entity: 2)
2017-09-29 17:04:40.8693 [DEBUG] Upload terrain diff. (Type: 1, Size: 787, Entity: 2)
2017-09-29 17:04:40.8698 [DEBUG] Upload terrain diff complete. (Entity: 2)
2017-09-29 17:04:40.9771 [DEBUG] Upload terrain diff. (Type: 1, Size: 622, Entity: 2)
2017-09-29 17:04:40.9771 [DEBUG] Upload terrain diff complete. (Entity: 2)
2017-09-29 17:04:41.0863 [DEBUG] Upload terrain diff. (Type: 1, Size: 376, Entity: 2)
2017-09-29 17:04:41.0863 [DEBUG] Upload terrain diff complete. (Entity: 2)
2017-09-29 17:04:41.2002 [DEBUG] Upload terrain diff. (Type: 1, Size: 486, Entity: 2)
2017-09-29 17:04:41.2007 [DEBUG] Upload terrain diff complete. (Entity: 2)
2017-09-29 17:04:41.3070 [DEBUG] Upload terrain diff. (Type: 1, Size: 1019, Entity: 2)
2017-09-29 17:04:41.3070 [DEBUG] Upload terrain diff complete. (Entity: 2)
2017-09-29 17:04:41.4217 [DEBUG] Upload terrain diff. (Type: 1, Size: 756, Entity: 2)
2017-09-29 17:04:41.4222 [DEBUG] Upload terrain diff complete. (Entity: 2)
2017-09-29 17:04:41.5295 [DEBUG] Upload terrain diff. (Type: 1, Size: 888, Entity: 2)
2017-09-29 17:04:41.5295 [DEBUG] Upload terrain diff complete. (Entity: 2)
2017-09-29 17:04:41.6419 [DEBUG] Upload terrain diff. (Type: 1, Size: 820, Entity: 2)
2017-09-29 17:04:41.6419 [DEBUG] Upload terrain diff complete. (Entity: 2)
2017-09-29 17:04:41.7461 [DEBUG] Upload terrain diff. (Type: 1, Size: 577, Entity: 2)
2017-09-29 17:04:41.7461 [DEBUG] Upload terrain diff complete. (Entity: 2)
2017-09-29 17:04:41.8586 [DEBUG] Upload terrain diff. (Type: 1, Size: 751, Entity: 2)
2017-09-29 17:04:41.8586 [DEBUG] Upload terrain diff complete. (Entity: 2)
2017-09-29 17:04:41.9693 [DEBUG] Upload terrain diff. (Type: 1, Size: 852, Entity: 2)
2017-09-29 17:04:41.9693 [DEBUG] Upload terrain diff complete. (Entity: 2)
2017-09-29 17:04:42.0852 [DEBUG] Upload terrain diff. (Type: 1, Size: 468, Entity: 2)
2017-09-29 17:04:42.0852 [DEBUG] Upload terrain diff complete. (Entity: 2)
2017-09-29 17:04:42.1974 [DEBUG] Upload terrain diff. (Type: 1, Size: 498, Entity: 2)
2017-09-29 17:04:42.1979 [DEBUG] Upload terrain diff complete. (Entity: 2)
2017-09-29 17:04:42.3092 [DEBUG] Upload terrain diff. (Type: 1, Size: 297, Entity: 2)
2017-09-29 17:04:42.3092 [DEBUG] Upload terrain diff complete. (Entity: 2)
2017-09-29 17:04:42.4065 [DEBUG] Upload terrain diff. (Type: 1, Size: 104, Entity: 2)
2017-09-29 17:04:42.4070 [DEBUG] Upload terrain diff complete. (Entity: 2)
2017-09-29 17:04:42.5208 [DEBUG] Upload terrain diff. (Type: 1, Size: 10, Entity: 2)
2017-09-29 17:04:42.5208 [DEBUG] Upload terrain diff complete. (Entity: 2)
2017-09-29 17:04:43.0718 [DEBUG] Upload terrain diff. (Type: 1, Size: 24, Entity: 2)
2017-09-29 17:04:43.0718 [DEBUG] Upload terrain diff complete. (Entity: 2)
2017-09-29 17:04:43.1784 [DEBUG] Upload terrain diff. (Type: 1, Size: 135, Entity: 2)
2017-09-29 17:04:43.1789 [DEBUG] Upload terrain diff complete. (Entity: 2)
2017-09-29 17:04:43.2837 [DEBUG] Upload terrain diff. (Type: 1, Size: 102, Entity: 2)
2017-09-29 17:04:43.2837 [DEBUG] Upload terrain diff complete. (Entity: 2)
2017-09-29 17:04:43.4000 [DEBUG] Upload terrain diff. (Type: 1, Size: 237, Entity: 2)
2017-09-29 17:04:43.4000 [DEBUG] Upload terrain diff complete. (Entity: 2)
2017-09-29 17:04:43.5043 [DEBUG] Upload terrain diff. (Type: 1, Size: 437, Entity: 2)
2017-09-29 17:04:43.5048 [DEBUG] Upload terrain diff complete. (Entity: 2)
2017-09-29 17:04:43.6131 [DEBUG] Upload terrain diff. (Type: 1, Size: 364, Entity: 2)
2017-09-29 17:04:43.6131 [DEBUG] Upload terrain diff complete. (Entity: 2)
2017-09-29 17:04:43.7276 [DEBUG] Upload terrain diff. (Type: 1, Size: 358, Entity: 2)
2017-09-29 17:04:43.7276 [DEBUG] Upload terrain diff complete. (Entity: 2)
2017-09-29 17:04:43.8329 [DEBUG] Upload terrain diff. (Type: 1, Size: 511, Entity: 2)
2017-09-29 17:04:43.8329 [DEBUG] Upload terrain diff complete. (Entity: 2)
2017-09-29 17:04:43.9447 [DEBUG] Upload terrain diff. (Type: 1, Size: 371, Entity: 2)
2017-09-29 17:04:43.9447 [DEBUG] Upload terrain diff complete. (Entity: 2)
2017-09-29 17:04:44.0525 [DEBUG] Upload terrain diff. (Type: 1, Size: 590, Entity: 2)
2017-09-29 17:04:44.0525 [DEBUG] Upload terrain diff complete. (Entity: 2)
2017-09-29 17:04:44.1607 [DEBUG] Upload terrain diff. (Type: 1, Size: 891, Entity: 2)
2017-09-29 17:04:44.1607 [DEBUG] Upload terrain diff complete. (Entity: 2)
2017-09-29 17:04:44.2716 [DEBUG] Upload terrain diff. (Type: 1, Size: 728, Entity: 2)
2017-09-29 17:04:44.2720 [DEBUG] Upload terrain diff complete. (Entity: 2)
2017-09-29 17:04:44.3823 [DEBUG] Upload terrain diff. (Type: 1, Size: 309, Entity: 2)
2017-09-29 17:04:44.3823 [DEBUG] Upload terrain diff complete. (Entity: 2)
2017-09-29 17:04:44.4896 [DEBUG] Upload terrain diff. (Type: 1, Size: 328, Entity: 2)
2017-09-29 17:04:44.4896 [DEBUG] Upload terrain diff complete. (Entity: 2)
2017-09-29 17:04:44.6074 [DEBUG] Upload terrain diff. (Type: 1, Size: 384, Entity: 2)
2017-09-29 17:04:44.6074 [DEBUG] Upload terrain diff complete. (Entity: 2)
2017-09-29 17:04:44.7122 [DEBUG] Upload terrain diff. (Type: 1, Size: 204, Entity: 2)
2017-09-29 17:04:44.7122 [DEBUG] Upload terrain diff complete. (Entity: 2)
2017-09-29 17:04:44.8275 [DEBUG] Upload terrain diff. (Type: 1, Size: 188, Entity: 2)
2017-09-29 17:04:44.8275 [DEBUG] Upload terrain diff complete. (Entity: 2)
2017-09-29 17:04:44.9281 [DEBUG] Upload terrain diff. (Type: 1, Size: 154, Entity: 2)
2017-09-29 17:04:44.9286 [DEBUG] Upload terrain diff complete. (Entity: 2)
2017-09-29 17:04:45.0344 [DEBUG] Upload terrain diff. (Type: 1, Size: 141, Entity: 2)
2017-09-29 17:04:45.0349 [DEBUG] Upload terrain diff complete. (Entity: 2)
2017-09-29 17:04:45.1470 [DEBUG] Upload terrain diff. (Type: 1, Size: 95, Entity: 2)
2017-09-29 17:04:45.1470 [DEBUG] Upload terrain diff complete. (Entity: 2)
2017-09-29 17:04:45.2769 [DEBUG] Upload terrain diff. (Type: 1, Size: 125, Entity: 2)
2017-09-29 17:04:45.2774 [DEBUG] Upload terrain diff complete. (Entity: 2)
2017-09-29 17:04:45.3616 [DEBUG] Upload terrain diff. (Type: 1, Size: 91, Entity: 2)
2017-09-29 17:04:45.3621 [DEBUG] Upload terrain diff complete. (Entity: 2)
2017-09-29 17:04:45.4892 [DEBUG] Upload terrain diff. (Type: 1, Size: 88, Entity: 2)
2017-09-29 17:04:45.4892 [DEBUG] Upload terrain diff complete. (Entity: 2)
2017-09-29 17:04:45.5839 [DEBUG] Upload terrain diff. (Type: 1, Size: 243, Entity: 2)
2017-09-29 17:04:45.5844 [DEBUG] Upload terrain diff complete. (Entity: 2)
2017-09-29 17:04:45.7021 [DEBUG] Upload terrain diff. (Type: 1, Size: 77, Entity: 2)
2017-09-29 17:04:45.7026 [DEBUG] Upload terrain diff complete. (Entity: 2)
2017-09-29 17:04:48.8248 [DEBUG] Upload terrain diff. (Type: 1, Size: 404, Entity: 2)
2017-09-29 17:04:48.8248 [DEBUG] Upload terrain diff complete. (Entity: 2)
2017-09-29 17:04:49.0473 [DEBUG] Upload terrain diff. (Type: 1, Size: 232, Entity: 2)
2017-09-29 17:04:49.0473 [DEBUG] Upload terrain diff complete. (Entity: 2)
2017-09-29 17:04:49.2528 [DEBUG] Upload terrain diff. (Type: 1, Size: 236, Entity: 2)
2017-09-29 17:04:49.2528 [DEBUG] Upload terrain diff complete. (Entity: 2)
2017-09-29 17:04:49.3596 [DEBUG] Upload terrain diff. (Type: 1, Size: 164, Entity: 2)
2017-09-29 17:04:49.3601 [DEBUG] Upload terrain diff complete. (Entity: 2)
2017-09-29 17:04:49.4645 [DEBUG] Upload terrain diff. (Type: 1, Size: 193, Entity: 2)
2017-09-29 17:04:49.4645 [DEBUG] Upload terrain diff complete. (Entity: 2)
2017-09-29 17:04:49.5763 [DEBUG] Upload terrain diff. (Type: 1, Size: 159, Entity: 2)
2017-09-29 17:04:49.5768 [DEBUG] Upload terrain diff complete. (Entity: 2)
2017-09-29 17:04:49.6906 [DEBUG] Upload terrain diff. (Type: 1, Size: 164, Entity: 2)
2017-09-29 17:04:49.6906 [DEBUG] Upload terrain diff complete. (Entity: 2)
2017-09-29 17:04:49.7899 [DEBUG] Upload terrain diff. (Type: 1, Size: 124, Entity: 2)
2017-09-29 17:04:49.7899 [DEBUG] Upload terrain diff complete. (Entity: 2)
2017-09-29 17:04:49.9453 [DEBUG] Upload terrain diff. (Type: 1, Size: 216, Entity: 2)
2017-09-29 17:04:49.9453 [DEBUG] Upload terrain diff complete. (Entity: 2)
2017-09-29 17:04:50.0355 [DEBUG] Upload terrain diff. (Type: 1, Size: 112, Entity: 2)
2017-09-29 17:04:50.0355 [DEBUG] Upload terrain diff complete. (Entity: 2)
2017-09-29 17:04:50.1438 [DEBUG] Upload terrain diff. (Type: 1, Size: 71, Entity: 2)
2017-09-29 17:04:50.1438 [DEBUG] Upload terrain diff complete. (Entity: 2)
2017-09-29 17:04:50.2511 [DEBUG] Upload terrain diff. (Type: 1, Size: 135, Entity: 2)
2017-09-29 17:04:50.2511 [DEBUG] Upload terrain diff complete. (Entity: 2)
2017-09-29 17:04:50.3574 [DEBUG] Upload terrain diff. (Type: 1, Size: 87, Entity: 2)
2017-09-29 17:04:50.3574 [DEBUG] Upload terrain diff complete. (Entity: 2)
2017-09-29 17:04:50.4692 [DEBUG] Upload terrain diff. (Type: 1, Size: 81, Entity: 2)
2017-09-29 17:04:50.4692 [DEBUG] Upload terrain diff complete. (Entity: 2)
2017-09-29 17:04:50.5719 [DEBUG] Upload terrain diff. (Type: 1, Size: 72, Entity: 2)
2017-09-29 17:04:50.5719 [DEBUG] Upload terrain diff complete. (Entity: 2)
2017-09-29 17:04:51.1058 [DEBUG] Upload terrain diff. (Type: 1, Size: 191, Entity: 2)
2017-09-29 17:04:51.1058 [DEBUG] Upload terrain diff complete. (Entity: 2)
2017-09-29 17:04:51.2135 [DEBUG] Upload terrain diff. (Type: 1, Size: 167, Entity: 2)
2017-09-29 17:04:51.2135 [DEBUG] Upload terrain diff complete. (Entity: 2)
2017-09-29 17:04:51.7670 [DEBUG] Upload terrain diff. (Type: 1, Size: 172, Entity: 2)
2017-09-29 17:04:51.7670 [DEBUG] Upload terrain diff complete. (Entity: 2)
2017-09-29 17:04:51.8818 [DEBUG] Upload terrain diff. (Type: 1, Size: 61, Entity: 2)
2017-09-29 17:04:51.8818 [DEBUG] Upload terrain diff complete. (Entity: 2)
2017-09-29 17:04:51.9961 [DEBUG] Upload terrain diff. (Type: 1, Size: 23, Entity: 2)
2017-09-29 17:04:51.9966 [DEBUG] Upload terrain diff complete. (Entity: 2)
2017-09-29 17:06:20.3824 [DEBUG] Disconnecting temporarily to enter play mode.
2017-09-29 17:06:20.3829 [DEBUG] Disconnecting from room (43474:SceneFusion:SceneFusion)
2017-09-29 17:06:20.3944 [INFO] Disconnected from server.
2017-09-29 17:06:20.3944 [DEBUG] Disconnect. (Duration: 267)
2017-09-29 17:06:20.4430 [INFO] Static batching in play mode is not supported in a Scene Fusion session and will be temporarily disabled.
2017-09-29 17:06:22.9053 [DEBUG] Scene Fusion version 1.6.0-1
2017-09-29 17:06:22.9399 [DEBUG] Play mode: True, sync in play mode: True
2017-09-29 17:06:23.6137 [DEBUG] Connecting to room (43474:SceneFusion:SceneFusion) via TCP at console.kinematicsoup.com:1025
2017-09-29 17:06:23.6226 [DEBUG] Host connection. (Session: 43474)
2017-09-29 17:06:23.9793 [DEBUG] Authenticating with server...
2017-09-29 17:06:24.1884 [DEBUG] Connected to room. (43474:SceneFusion:SceneFusion)
2017-09-29 17:06:24.1994 [INFO] Connected to server.
2017-09-29 17:06:24.1994 [DEBUG] OS : Microsoft Windows NT 10.0.15063.0
2017-09-29 17:06:24.1994 [DEBUG] Unity Version : 2017.1.1f1
2017-09-29 17:06:24.1999 [DEBUG] Pro License : False
2017-09-29 17:06:24.1999 [DEBUG] Platform : WindowsEditor
2017-09-29 17:06:24.1999 [DEBUG] Build Target : StandaloneWindows64
2017-09-29 17:06:24.1999 [DEBUG] Scene Fusion version : 1.6.0
2017-09-29 17:06:24.1999 [DEBUG] User : 
2017-09-29 17:06:24.2781 [DEBUG] Tier: SF Essential 4, Permissions: 00000003
2017-09-29 17:06:24.2781 [DEBUG] User Permissions: FFFFFFFF
2017-09-29 17:06:24.3423 [DEBUG] No stand-in for UnityEngine.CustomRenderTexture
2017-09-29 17:06:24.3423 [DEBUG] No stand-in for UnityEngine.U2D.SpriteAtlas
2017-09-29 17:06:24.3428 [DEBUG] No stand-in for UnityEngine.AI.NavMeshData
2017-09-29 17:06:24.3428 [DEBUG] No stand-in for UnityEngine.AvatarMask
2017-09-29 17:06:24.3428 [DEBUG] No stand-in for UnityEngine.Video.VideoClip
2017-09-29 17:06:25.1896 [DEBUG] Confirmed terrain checksum. (Type: 0 Entity: 2)
2017-09-29 17:06:25.1986 [DEBUG] Confirmed terrain checksum. (Type: 2 Entity: 2)
2017-09-29 17:06:25.2001 [DEBUG] Confirmed terrain checksum. (Type: 3 Entity: 2)
2017-09-29 17:06:25.2012 [DEBUG] Terrain data downloading. (Type: 1 Size: 19825 Entity: 2)
2017-09-29 17:06:25.2017 [DEBUG] Terrain data download complete. (Entity: 2)
2017-09-29 17:07:20.3377 [DEBUG] Play mode: False
2017-09-29 17:07:32.1260 [DEBUG] Upload terrain diff. (Type: 1, Size: 266, Entity: 2)
2017-09-29 17:07:32.1260 [DEBUG] Upload terrain diff complete. (Entity: 2)
2017-09-29 17:07:32.2338 [DEBUG] Upload terrain diff. (Type: 1, Size: 148, Entity: 2)
2017-09-29 17:07:32.2338 [DEBUG] Upload terrain diff complete. (Entity: 2)
2017-09-29 17:07:32.3466 [DEBUG] Upload terrain diff. (Type: 1, Size: 127, Entity: 2)
2017-09-29 17:07:32.3466 [DEBUG] Upload terrain diff complete. (Entity: 2)
2017-09-29 17:07:32.4493 [DEBUG] Upload terrain diff. (Type: 1, Size: 169, Entity: 2)
2017-09-29 17:07:32.4493 [DEBUG] Upload terrain diff complete. (Entity: 2)
2017-09-29 17:07:32.5591 [DEBUG] Upload terrain diff. (Type: 1, Size: 124, Entity: 2)
2017-09-29 17:07:32.5591 [DEBUG] Upload terrain diff complete. (Entity: 2)
2017-09-29 17:07:32.7406 [DEBUG] Upload terrain diff. (Type: 1, Size: 205, Entity: 2)
2017-09-29 17:07:32.7411 [DEBUG] Upload terrain diff complete. (Entity: 2)
2017-09-29 17:07:32.8459 [DEBUG] Upload terrain diff. (Type: 1, Size: 165, Entity: 2)
2017-09-29 17:07:32.8464 [DEBUG] Upload terrain diff complete. (Entity: 2)
2017-09-29 17:07:32.9622 [DEBUG] Upload terrain diff. (Type: 1, Size: 222, Entity: 2)
2017-09-29 17:07:32.9622 [DEBUG] Upload terrain diff complete. (Entity: 2)
2017-09-29 17:07:33.0655 [DEBUG] Upload terrain diff. (Type: 1, Size: 153, Entity: 2)
2017-09-29 17:07:33.0655 [DEBUG] Upload terrain diff complete. (Entity: 2)
2017-09-29 17:07:33.1758 [DEBUG] Upload terrain diff. (Type: 1, Size: 218, Entity: 2)
2017-09-29 17:07:33.1758 [DEBUG] Upload terrain diff complete. (Entity: 2)
2017-09-29 17:07:35.1320 [DEBUG] Upload terrain diff. (Type: 1, Size: 290, Entity: 2)
2017-09-29 17:07:35.1325 [DEBUG] Upload terrain diff complete. (Entity: 2)
2017-09-29 17:07:36.0583 [DEBUG] Upload terrain diff. (Type: 1, Size: 242, Entity: 2)
2017-09-29 17:07:36.0588 [DEBUG] Upload terrain diff complete. (Entity: 2)
2017-09-29 17:07:41.9175 [DEBUG] Upload terrain diff. (Type: 0, Size: 2960, Entity: 2)
2017-09-29 17:07:41.9180 [DEBUG] Upload terrain diff complete. (Entity: 2)
2017-09-29 17:07:42.7542 [DEBUG] Upload terrain diff. (Type: 0, Size: 3192, Entity: 2)
2017-09-29 17:07:42.7547 [DEBUG] Upload terrain diff complete. (Entity: 2)
2017-09-29 17:07:42.8635 [DEBUG] Upload terrain diff. (Type: 0, Size: 3964, Entity: 2)
2017-09-29 17:07:42.8645 [DEBUG] Upload terrain diff complete. (Entity: 2)
2017-09-29 17:07:42.9884 [DEBUG] Upload terrain diff. (Type: 0, Size: 4196, Entity: 2)
2017-09-29 17:07:42.9894 [DEBUG] Upload terrain diff complete. (Entity: 2)
2017-09-29 17:07:43.0885 [DEBUG] Upload terrain diff. (Type: 0, Size: 3244, Entity: 2)
2017-09-29 17:07:43.0890 [DEBUG] Upload terrain diff complete. (Entity: 2)
2017-09-29 17:07:43.6986 [DEBUG] Upload terrain diff. (Type: 0, Size: 2960, Entity: 2)
2017-09-29 17:07:43.6996 [DEBUG] Upload terrain diff complete. (Entity: 2)
2017-09-29 17:07:44.2165 [DEBUG] Upload terrain diff. (Type: 0, Size: 2960, Entity: 2)
2017-09-29 17:07:44.2170 [DEBUG] Upload terrain diff complete. (Entity: 2)
2017-09-29 17:07:44.8426 [DEBUG] Upload terrain diff. (Type: 0, Size: 2960, Entity: 2)
2017-09-29 17:07:44.8436 [DEBUG] Upload terrain diff complete. (Entity: 2)
2017-09-29 17:07:44.9484 [DEBUG] Upload terrain diff. (Type: 0, Size: 2960, Entity: 2)
2017-09-29 17:07:44.9495 [DEBUG] Upload terrain diff complete. (Entity: 2)
2017-09-29 17:07:45.0612 [DEBUG] Upload terrain diff. (Type: 0, Size: 3736, Entity: 2)
2017-09-29 17:07:45.0622 [DEBUG] Upload terrain diff complete. (Entity: 2)
2017-09-29 17:07:45.1786 [DEBUG] Upload terrain diff. (Type: 0, Size: 4288, Entity: 2)
2017-09-29 17:07:45.1796 [DEBUG] Upload terrain diff complete. (Entity: 2)
2017-09-29 17:07:45.2872 [DEBUG] Upload terrain diff. (Type: 0, Size: 3428, Entity: 2)
2017-09-29 17:07:45.2877 [DEBUG] Upload terrain diff complete. (Entity: 2)
2017-09-29 17:07:45.4004 [DEBUG] Upload terrain diff. (Type: 0, Size: 3448, Entity: 2)
2017-09-29 17:07:45.4014 [DEBUG] Upload terrain diff complete. (Entity: 2)
2017-09-29 17:07:46.3142 [DEBUG] Upload terrain diff. (Type: 0, Size: 4016, Entity: 2)
2017-09-29 17:07:46.3152 [DEBUG] Upload terrain diff complete. (Entity: 2)
2017-09-29 17:07:46.4386 [DEBUG] Upload terrain diff. (Type: 0, Size: 3528, Entity: 2)
2017-09-29 17:07:46.4391 [DEBUG] Upload terrain diff complete. (Entity: 2)
2017-09-29 17:07:46.5428 [DEBUG] Upload terrain diff. (Type: 0, Size: 2960, Entity: 2)
2017-09-29 17:07:46.5438 [DEBUG] Upload terrain diff complete. (Entity: 2)
2017-09-29 17:07:47.2466 [DEBUG] Upload terrain diff. (Type: 0, Size: 3364, Entity: 2)
2017-09-29 17:07:47.2476 [DEBUG] Upload terrain diff complete. (Entity: 2)
2017-09-29 17:07:47.3759 [DEBUG] Upload terrain diff. (Type: 0, Size: 4128, Entity: 2)
2017-09-29 17:07:47.3770 [DEBUG] Upload terrain diff complete. (Entity: 2)
2017-09-29 17:07:47.4842 [DEBUG] Upload terrain diff. (Type: 0, Size: 3656, Entity: 2)
2017-09-29 17:07:47.4852 [DEBUG] Upload terrain diff complete. (Entity: 2)
2017-09-29 17:07:47.6005 [DEBUG] Upload terrain diff. (Type: 0, Size: 3440, Entity: 2)
2017-09-29 17:07:47.6015 [DEBUG] Upload terrain diff complete. (Entity: 2)
2017-09-29 17:07:47.7183 [DEBUG] Upload terrain diff. (Type: 0, Size: 3476, Entity: 2)
2017-09-29 17:07:47.7188 [DEBUG] Upload terrain diff complete. (Entity: 2)
2017-09-29 17:07:47.8382 [DEBUG] Upload terrain diff. (Type: 0, Size: 3308, Entity: 2)
2017-09-29 17:07:47.8392 [DEBUG] Upload terrain diff complete. (Entity: 2)
2017-09-29 17:07:47.9499 [DEBUG] Upload terrain diff. (Type: 0, Size: 3272, Entity: 2)
2017-09-29 17:07:47.9509 [DEBUG] Upload terrain diff complete. (Entity: 2)
2017-09-29 17:07:48.0577 [DEBUG] Upload terrain diff. (Type: 0, Size: 3168, Entity: 2)
2017-09-29 17:07:48.0588 [DEBUG] Upload terrain diff complete. (Entity: 2)
2017-09-29 17:07:48.1946 [DEBUG] Upload terrain diff. (Type: 0, Size: 3320, Entity: 2)
2017-09-29 17:07:48.1961 [DEBUG] Upload terrain diff complete. (Entity: 2)
2017-09-29 17:07:48.3034 [DEBUG] Upload terrain diff. (Type: 0, Size: 3488, Entity: 2)
2017-09-29 17:07:48.3044 [DEBUG] Upload terrain diff complete. (Entity: 2)
2017-09-29 17:07:48.4137 [DEBUG] Upload terrain diff. (Type: 0, Size: 3076, Entity: 2)
2017-09-29 17:07:48.4147 [DEBUG] Upload terrain diff complete. (Entity: 2)
2017-09-29 17:07:48.5294 [DEBUG] Upload terrain diff. (Type: 0, Size: 3532, Entity: 2)
2017-09-29 17:07:48.5299 [DEBUG] Upload terrain diff complete. (Entity: 2)
2017-09-29 17:07:48.6467 [DEBUG] Upload terrain diff. (Type: 0, Size: 3248, Entity: 2)
2017-09-29 17:07:48.6472 [DEBUG] Upload terrain diff complete. (Entity: 2)
2017-09-29 17:07:48.7545 [DEBUG] Upload terrain diff. (Type: 0, Size: 3348, Entity: 2)
2017-09-29 17:07:48.7555 [DEBUG] Upload terrain diff complete. (Entity: 2)
2017-09-29 17:07:50.5212 [DEBUG] Upload terrain diff. (Type: 0, Size: 12936, Entity: 2)
2017-09-29 17:07:50.5242 [DEBUG] Entity RPC. (Id: 21, Size: 12946, Reporting Threshold: 10000)
2017-09-29 17:07:50.5242 [DEBUG] Upload terrain diff complete. (Entity: 2)
2017-09-29 17:07:51.4515 [DEBUG] Upload terrain diff. (Type: 0, Size: 3932, Entity: 2)
2017-09-29 17:07:51.4525 [DEBUG] Upload terrain diff complete. (Entity: 2)
2017-09-29 17:07:51.8746 [DEBUG] Upload terrain diff. (Type: 0, Size: 2960, Entity: 2)
2017-09-29 17:07:51.8756 [DEBUG] Upload terrain diff complete. (Entity: 2)
2017-09-29 17:07:52.6585 [DEBUG] Upload terrain diff. (Type: 0, Size: 3032, Entity: 2)
2017-09-29 17:07:52.6590 [DEBUG] Upload terrain diff complete. (Entity: 2)
2017-09-29 17:07:53.0483 [DEBUG] Upload terrain diff. (Type: 0, Size: 3980, Entity: 2)
2017-09-29 17:07:53.0493 [DEBUG] Upload terrain diff complete. (Entity: 2)
2017-09-29 17:07:53.0493 [DEBUG] Upload terrain diff. (Type: 0, Size: 4992, Entity: 2)
2017-09-29 17:07:53.0503 [DEBUG] Upload terrain diff complete. (Entity: 2)
2017-09-29 17:07:53.4669 [DEBUG] Upload terrain diff. (Type: 0, Size: 7296, Entity: 2)
2017-09-29 17:07:53.4684 [DEBUG] Upload terrain diff complete. (Entity: 2)
2017-09-29 17:07:53.4684 [DEBUG] Upload terrain diff. (Type: 0, Size: 3032, Entity: 2)
2017-09-29 17:07:53.4689 [DEBUG] Upload terrain diff complete. (Entity: 2)
2017-09-29 17:07:53.6594 [DEBUG] Upload terrain diff. (Type: 0, Size: 3032, Entity: 2)
2017-09-29 17:07:53.6599 [DEBUG] Upload terrain diff complete. (Entity: 2)
2017-09-29 17:07:53.8515 [DEBUG] Upload terrain diff. (Type: 0, Size: 6748, Entity: 2)
2017-09-29 17:07:53.8530 [DEBUG] Upload terrain diff complete. (Entity: 2)
2017-09-29 17:07:54.2542 [DEBUG] Upload terrain diff. (Type: 0, Size: 3032, Entity: 2)
2017-09-29 17:07:54.2547 [DEBUG] Upload terrain diff complete. (Entity: 2)
2017-09-29 17:08:50.8541 [DEBUG] Disconnecting temporarily to enter play mode.
2017-09-29 17:08:50.8546 [DEBUG] Disconnecting from room (43474:SceneFusion:SceneFusion)
2017-09-29 17:08:50.8737 [INFO] Disconnected from server.
2017-09-29 17:08:50.8742 [DEBUG] Disconnect. (Duration: 66)
2017-09-29 17:08:50.9043 [INFO] Static batching in play mode is not supported in a Scene Fusion session and will be temporarily disabled.
2017-09-29 17:08:53.3896 [DEBUG] Scene Fusion version 1.6.0-1
2017-09-29 17:08:53.4352 [DEBUG] Play mode: True, sync in play mode: True
2017-09-29 17:08:54.1095 [DEBUG] Connecting to room (43474:SceneFusion:SceneFusion) via TCP at console.kinematicsoup.com:1025
2017-09-29 17:08:54.1197 [DEBUG] Host connection. (Session: 43474)
2017-09-29 17:08:54.4742 [DEBUG] Authenticating with server...
2017-09-29 17:08:54.6793 [DEBUG] Connected to room. (43474:SceneFusion:SceneFusion)
2017-09-29 17:08:54.6893 [INFO] Connected to server.
2017-09-29 17:08:54.6898 [DEBUG] OS : Microsoft Windows NT 10.0.15063.0
2017-09-29 17:08:54.6898 [DEBUG] Unity Version : 2017.1.1f1
2017-09-29 17:08:54.6898 [DEBUG] Pro License : False
2017-09-29 17:08:54.6903 [DEBUG] Platform : WindowsEditor
2017-09-29 17:08:54.6903 [DEBUG] Build Target : StandaloneWindows64
2017-09-29 17:08:54.6903 [DEBUG] Scene Fusion version : 1.6.0
2017-09-29 17:08:54.6903 [DEBUG] User : 
2017-09-29 17:08:54.7570 [DEBUG] Tier: SF Essential 4, Permissions: 00000003
2017-09-29 17:08:54.7570 [DEBUG] User Permissions: FFFFFFFF
2017-09-29 17:08:54.8197 [DEBUG] No stand-in for UnityEngine.CustomRenderTexture
2017-09-29 17:08:54.8197 [DEBUG] No stand-in for UnityEngine.U2D.SpriteAtlas
2017-09-29 17:08:54.8197 [DEBUG] No stand-in for UnityEngine.AI.NavMeshData
2017-09-29 17:08:54.8197 [DEBUG] No stand-in for UnityEngine.AvatarMask
2017-09-29 17:08:54.8197 [DEBUG] No stand-in for UnityEngine.Video.VideoClip
2017-09-29 17:08:55.3375 [DEBUG] Confirmed terrain checksum. (Type: 0 Entity: 2)
2017-09-29 17:08:55.3466 [DEBUG] Confirmed terrain checksum. (Type: 1 Entity: 2)
2017-09-29 17:08:55.3636 [DEBUG] Confirmed terrain checksum. (Type: 2 Entity: 2)
2017-09-29 17:08:55.3651 [DEBUG] Confirmed terrain checksum. (Type: 3 Entity: 2)
2017-09-29 17:11:30.8897 [DEBUG] Play mode: False
2017-09-29 17:11:59.5186 [DEBUG] Upload terrain diff. (Type: 2, Size: 1301, Entity: 2)
2017-09-29 17:11:59.5186 [DEBUG] Upload terrain diff complete. (Entity: 2)
2017-09-29 17:12:00.0460 [DEBUG] Upload terrain diff. (Type: 2, Size: 1185, Entity: 2)
2017-09-29 17:12:00.0465 [DEBUG] Upload terrain diff complete. (Entity: 2)
2017-09-29 17:12:01.2139 [DEBUG] Upload terrain diff. (Type: 2, Size: 1218, Entity: 2)
2017-09-29 17:12:01.2144 [DEBUG] Upload terrain diff complete. (Entity: 2)
2017-09-29 17:12:01.6375 [DEBUG] Upload terrain diff. (Type: 2, Size: 1185, Entity: 2)
2017-09-29 17:12:01.6380 [DEBUG] Upload terrain diff complete. (Entity: 2)
2017-09-29 17:12:02.1544 [DEBUG] Upload terrain diff. (Type: 2, Size: 1235, Entity: 2)
2017-09-29 17:12:02.1549 [DEBUG] Upload terrain diff complete. (Entity: 2)
2017-09-29 17:12:02.2582 [DEBUG] Upload terrain diff. (Type: 2, Size: 835, Entity: 2)
2017-09-29 17:12:02.2582 [DEBUG] Upload terrain diff complete. (Entity: 2)
2017-09-29 17:12:02.9031 [DEBUG] Upload terrain diff. (Type: 2, Size: 1268, Entity: 2)
2017-09-29 17:12:02.9031 [DEBUG] Upload terrain diff complete. (Entity: 2)
2017-09-29 17:12:15.8828 [DEBUG] Upload terrain diff. (Type: 2, Size: 1202, Entity: 2)
2017-09-29 17:12:15.8833 [DEBUG] Upload terrain diff complete. (Entity: 2)
2017-09-29 17:12:16.8218 [DEBUG] Upload terrain diff. (Type: 2, Size: 1301, Entity: 2)
2017-09-29 17:12:16.8218 [DEBUG] Upload terrain diff complete. (Entity: 2)
2017-09-29 17:18:26.3410 [DEBUG] Spawn request. (Objects: 1)
2017-09-29 17:18:53.1968 [DEBUG] Upload terrain diff. (Type: 2, Size: 166255, Entity: 2)
2017-09-29 17:18:53.2139 [DEBUG] Entity RPC. (Id: 21, Size: 100014, Reporting Threshold: 10000)
2017-09-29 17:18:53.2655 [DEBUG] batch size: 100020
2017-09-29 17:18:53.2871 [DEBUG] Entity RPC. (Id: 21, Size: 66263, Reporting Threshold: 10000)
2017-09-29 17:18:53.2871 [DEBUG] Upload terrain diff complete. (Entity: 2)
2017-09-29 17:18:53.2956 [DEBUG] batch size: 66269
2017-09-29 17:19:09.7901 [DEBUG] Upload terrain diff. (Type: 2, Size: 570, Entity: 2)
2017-09-29 17:19:09.7906 [DEBUG] Upload terrain diff complete. (Entity: 2)
2017-09-29 17:19:09.9766 [DEBUG] Upload terrain diff. (Type: 2, Size: 121, Entity: 2)
2017-09-29 17:19:09.9766 [DEBUG] Upload terrain diff complete. (Entity: 2)
2017-09-29 17:19:10.1722 [DEBUG] Upload terrain diff. (Type: 2, Size: 14, Entity: 2)
2017-09-29 17:19:10.1722 [DEBUG] Upload terrain diff complete. (Entity: 2)
2017-09-29 17:19:10.1722 [DEBUG] Upload terrain diff. (Type: 2, Size: 122, Entity: 2)
2017-09-29 17:19:10.1722 [DEBUG] Upload terrain diff complete. (Entity: 2)
2017-09-29 17:19:10.3314 [DEBUG] Upload terrain diff. (Type: 2, Size: 101, Entity: 2)
2017-09-29 17:19:10.3314 [DEBUG] Upload terrain diff complete. (Entity: 2)
2017-09-29 17:19:10.6943 [DEBUG] Upload terrain diff. (Type: 2, Size: 515, Entity: 2)
2017-09-29 17:19:10.6943 [DEBUG] Upload terrain diff complete. (Entity: 2)
2017-09-29 17:19:10.8939 [DEBUG] Upload terrain diff. (Type: 2, Size: 59, Entity: 2)
2017-09-29 17:19:10.8939 [DEBUG] Upload terrain diff complete. (Entity: 2)
2017-09-29 17:19:11.0673 [DEBUG] Upload terrain diff. (Type: 2, Size: 88, Entity: 2)
2017-09-29 17:19:11.0678 [DEBUG] Upload terrain diff complete. (Entity: 2)
2017-09-29 17:19:11.0678 [DEBUG] Upload terrain diff. (Type: 2, Size: 69, Entity: 2)
2017-09-29 17:19:11.0678 [DEBUG] Upload terrain diff complete. (Entity: 2)
2017-09-29 17:19:11.2038 [DEBUG] Upload terrain diff. (Type: 2, Size: 89, Entity: 2)
2017-09-29 17:19:11.2038 [DEBUG] Upload terrain diff complete. (Entity: 2)
2017-09-29 17:19:11.3453 [DEBUG] Upload terrain diff. (Type: 2, Size: 11, Entity: 2)
2017-09-29 17:19:11.3453 [DEBUG] Upload terrain diff complete. (Entity: 2)
2017-09-29 17:19:11.4961 [DEBUG] Upload terrain diff. (Type: 2, Size: 8, Entity: 2)
2017-09-29 17:19:11.4961 [DEBUG] Upload terrain diff complete. (Entity: 2)
2017-09-29 17:19:11.7397 [DEBUG] Upload terrain diff. (Type: 2, Size: 347, Entity: 2)
2017-09-29 17:19:11.7397 [DEBUG] Upload terrain diff complete. (Entity: 2)
2017-09-29 17:19:11.7397 [DEBUG] Upload terrain diff. (Type: 2, Size: 253, Entity: 2)
2017-09-29 17:19:11.7397 [DEBUG] Upload terrain diff complete. (Entity: 2)
2017-09-29 17:19:11.8485 [DEBUG] Upload terrain diff. (Type: 2, Size: 47, Entity: 2)
2017-09-29 17:19:11.8490 [DEBUG] Upload terrain diff complete. (Entity: 2)
2017-09-29 17:19:12.0661 [DEBUG] Upload terrain diff. (Type: 2, Size: 5, Entity: 2)
2017-09-29 17:19:12.0666 [DEBUG] Upload terrain diff complete. (Entity: 2)
2017-09-29 17:19:12.3052 [DEBUG] Upload terrain diff. (Type: 2, Size: 41, Entity: 2)
2017-09-29 17:19:12.3057 [DEBUG] Upload terrain diff complete. (Entity: 2)
2017-09-29 17:19:12.5143 [DEBUG] Upload terrain diff. (Type: 2, Size: 59, Entity: 2)
2017-09-29 17:19:12.5148 [DEBUG] Upload terrain diff complete. (Entity: 2)
2017-09-29 17:19:12.6808 [DEBUG] Upload terrain diff. (Type: 2, Size: 183, Entity: 2)
2017-09-29 17:19:12.6808 [DEBUG] Upload terrain diff complete. (Entity: 2)
2017-09-29 17:19:12.8065 [DEBUG] Upload terrain diff. (Type: 2, Size: 215, Entity: 2)
2017-09-29 17:19:12.8065 [DEBUG] Upload terrain diff complete. (Entity: 2)
2017-09-29 17:19:13.1810 [DEBUG] Upload terrain diff. (Type: 2, Size: 53, Entity: 2)
2017-09-29 17:19:13.1815 [DEBUG] Upload terrain diff complete. (Entity: 2)
2017-09-29 17:19:13.3479 [DEBUG] Upload terrain diff. (Type: 2, Size: 41, Entity: 2)
2017-09-29 17:19:13.3479 [DEBUG] Upload terrain diff complete. (Entity: 2)
2017-09-29 17:19:13.4752 [DEBUG] Upload terrain diff. (Type: 2, Size: 54, Entity: 2)
2017-09-29 17:19:13.4752 [DEBUG] Upload terrain diff complete. (Entity: 2)
2017-09-29 17:19:13.5594 [DEBUG] Upload terrain diff. (Type: 2, Size: 5, Entity: 2)
2017-09-29 17:19:13.5594 [DEBUG] Upload terrain diff complete. (Entity: 2)
2017-09-29 17:19:13.7118 [DEBUG] Upload terrain diff. (Type: 2, Size: 105, Entity: 2)
2017-09-29 17:19:13.7118 [DEBUG] Upload terrain diff complete. (Entity: 2)
2017-09-29 17:19:13.8778 [DEBUG] Upload terrain diff. (Type: 2, Size: 5, Entity: 2)
2017-09-29 17:19:13.8783 [DEBUG] Upload terrain diff complete. (Entity: 2)
2017-09-29 17:19:13.9790 [DEBUG] Upload terrain diff. (Type: 2, Size: 11, Entity: 2)
2017-09-29 17:19:13.9795 [DEBUG] Upload terrain diff complete. (Entity: 2)
2017-09-29 17:19:18.6955 [DEBUG] Upload terrain diff. (Type: 2, Size: 166256, Entity: 2)
2017-09-29 17:19:18.7141 [DEBUG] Entity RPC. (Id: 21, Size: 100014, Reporting Threshold: 10000)
2017-09-29 17:19:18.7973 [DEBUG] batch size: 100020
2017-09-29 17:19:18.8269 [DEBUG] Entity RPC. (Id: 21, Size: 66264, Reporting Threshold: 10000)
2017-09-29 17:19:18.8274 [DEBUG] Upload terrain diff complete. (Entity: 2)
2017-09-29 17:19:18.8369 [DEBUG] batch size: 66270
2017-09-29 17:19:22.3754 [DEBUG] Disconnecting temporarily to enter play mode.
2017-09-29 17:19:22.3759 [DEBUG] Disconnecting from room (43474:SceneFusion:SceneFusion)
2017-09-29 17:19:22.3839 [INFO] Disconnected from server.
2017-09-29 17:19:22.3844 [DEBUG] Disconnect. (Duration: 447)
2017-09-29 17:19:22.4039 [INFO] Static batching in play mode is not supported in a Scene Fusion session and will be temporarily disabled.
2017-09-29 17:19:25.3174 [DEBUG] Scene Fusion version 1.6.0-1
2017-09-29 17:19:25.3700 [DEBUG] Play mode: True, sync in play mode: True
2017-09-29 17:19:26.0579 [DEBUG] Connecting to room (43474:SceneFusion:SceneFusion) via TCP at console.kinematicsoup.com:1025
2017-09-29 17:19:26.0835 [DEBUG] Host connection. (Session: 43474)
2017-09-29 17:19:26.3994 [DEBUG] Authenticating with server...
2017-09-29 17:19:26.5819 [DEBUG] Connected to room. (43474:SceneFusion:SceneFusion)
2017-09-29 17:19:26.5919 [INFO] Connected to server.
2017-09-29 17:19:26.5919 [DEBUG] OS : Microsoft Windows NT 10.0.15063.0
2017-09-29 17:19:26.5919 [DEBUG] Unity Version : 2017.1.1f1
2017-09-29 17:19:26.5919 [DEBUG] Pro License : False
2017-09-29 17:19:26.5924 [DEBUG] Platform : WindowsEditor
2017-09-29 17:19:26.5924 [DEBUG] Build Target : StandaloneWindows64
2017-09-29 17:19:26.5924 [DEBUG] Scene Fusion version : 1.6.0
2017-09-29 17:19:26.5924 [DEBUG] User : 
2017-09-29 17:19:26.6481 [DEBUG] Tier: SF Essential 4, Permissions: 00000003
2017-09-29 17:19:26.6486 [DEBUG] User Permissions: FFFFFFFF
2017-09-29 17:19:26.7133 [DEBUG] No stand-in for UnityEngine.CustomRenderTexture
2017-09-29 17:19:26.7133 [DEBUG] No stand-in for UnityEngine.U2D.SpriteAtlas
2017-09-29 17:19:26.7133 [DEBUG] No stand-in for UnityEngine.AI.NavMeshData
2017-09-29 17:19:26.7133 [DEBUG] No stand-in for UnityEngine.AvatarMask
2017-09-29 17:19:26.7133 [DEBUG] No stand-in for UnityEngine.Video.VideoClip
2017-09-29 17:19:27.4841 [DEBUG] frame size: 100606
2017-09-29 17:19:28.4487 [DEBUG] frame size: 100101
2017-09-29 17:19:28.4558 [DEBUG] Confirmed terrain checksum. (Type: 0 Entity: 2)
2017-09-29 17:19:28.4663 [DEBUG] Confirmed terrain checksum. (Type: 1 Entity: 2)
2017-09-29 17:19:28.4934 [DEBUG] Confirmed terrain checksum. (Type: 3 Entity: 2)
2017-09-29 17:19:28.5079 [DEBUG] Terrain data downloading. (Type: 2 Size: 368593 Entity: 2)
2017-09-29 17:19:29.1817 [DEBUG] frame size: 100101
2017-09-29 17:19:29.7850 [DEBUG] frame size: 68644
2017-09-29 17:19:30.3177 [DEBUG] Terrain data download complete. (Entity: 2)
2017-09-29 17:19:55.8262 [DEBUG] Play mode: False
2017-09-29 17:20:21.9121 [DEBUG] Disconnecting temporarily to enter play mode.
2017-09-29 17:20:21.9126 [DEBUG] Disconnecting from room (43474:SceneFusion:SceneFusion)
2017-09-29 17:20:21.9237 [INFO] Disconnected from server.
2017-09-29 17:20:21.9237 [DEBUG] Disconnect. (Duration: 2)
2017-09-29 17:20:21.9497 [INFO] Static batching in play mode is not supported in a Scene Fusion session and will be temporarily disabled.
2017-09-29 17:20:24.7836 [DEBUG] Scene Fusion version 1.6.0-1
2017-09-29 17:20:24.8624 [DEBUG] Play mode: True, sync in play mode: True
2017-09-29 17:20:25.5658 [DEBUG] Connecting to room (43474:SceneFusion:SceneFusion) via TCP at console.kinematicsoup.com:1025
2017-09-29 17:20:25.5724 [DEBUG] Host connection. (Session: 43474)
2017-09-29 17:20:25.7342 [DEBUG] Authenticating with server...
2017-09-29 17:20:25.8491 [DEBUG] Connected to room. (43474:SceneFusion:SceneFusion)
2017-09-29 17:20:25.8601 [INFO] Connected to server.
2017-09-29 17:20:25.8601 [DEBUG] OS : Microsoft Windows NT 10.0.15063.0
2017-09-29 17:20:25.8606 [DEBUG] Unity Version : 2017.1.1f1
2017-09-29 17:20:25.8606 [DEBUG] Pro License : False
2017-09-29 17:20:25.8606 [DEBUG] Platform : WindowsEditor
2017-09-29 17:20:25.8606 [DEBUG] Build Target : StandaloneWindows64
2017-09-29 17:20:25.8611 [DEBUG] Scene Fusion version : 1.6.0
2017-09-29 17:20:25.8611 [DEBUG] User : 
2017-09-29 17:20:25.9378 [DEBUG] Tier: SF Essential 4, Permissions: 00000003
2017-09-29 17:20:25.9378 [DEBUG] User Permissions: FFFFFFFF
2017-09-29 17:20:26.0015 [DEBUG] No stand-in for UnityEngine.CustomRenderTexture
2017-09-29 17:20:26.0015 [DEBUG] No stand-in for UnityEngine.U2D.SpriteAtlas
2017-09-29 17:20:26.0020 [DEBUG] No stand-in for UnityEngine.AI.NavMeshData
2017-09-29 17:20:26.0020 [DEBUG] No stand-in for UnityEngine.AvatarMask
2017-09-29 17:20:26.0020 [DEBUG] No stand-in for UnityEngine.Video.VideoClip
2017-09-29 17:20:26.6143 [DEBUG] frame size: 100556
2017-09-29 17:20:27.1165 [DEBUG] frame size: 100101
2017-09-29 17:20:27.1225 [DEBUG] Confirmed terrain checksum. (Type: 0 Entity: 2)
2017-09-29 17:20:27.1340 [DEBUG] Confirmed terrain checksum. (Type: 1 Entity: 2)
2017-09-29 17:20:27.1611 [DEBUG] Confirmed terrain checksum. (Type: 3 Entity: 2)
2017-09-29 17:20:27.1756 [DEBUG] Terrain data downloading. (Type: 2 Size: 368593 Entity: 2)
2017-09-29 17:20:27.5324 [DEBUG] frame size: 100071
2017-09-29 17:20:27.8643 [DEBUG] frame size: 68644
2017-09-29 17:20:28.0323 [DEBUG] Terrain data download complete. (Entity: 2)
2017-09-29 17:20:30.0489 [DEBUG] Play mode: False
2017-09-29 17:20:35.0039 [DEBUG] Disconnecting temporarily to recompile.
2017-09-29 17:20:35.0044 [DEBUG] Disconnecting from room (43474:SceneFusion:SceneFusion)
2017-09-29 17:20:35.0209 [INFO] Disconnected from server.
2017-09-29 17:20:35.0214 [DEBUG] Disconnect. (Duration: -20)
