2017-09-29 16:09:12.9649 [DEBUG] Authenticating with server...
2017-09-29 16:09:13.1930 [DEBUG] Connected to room. (43469:SceneFusion:SceneFusion)
2017-09-29 16:09:13.1975 [INFO] Connected to server.
2017-09-29 16:09:13.1975 [DEBUG] OS : Microsoft Windows NT 10.0.15063.0
2017-09-29 16:09:13.1975 [DEBUG] Unity Version : 2017.1.0f3
2017-09-29 16:09:13.1975 [DEBUG] Pro License : False
2017-09-29 16:09:13.1975 [DEBUG] Platform : WindowsEditor
2017-09-29 16:09:13.1975 [DEBUG] Build Target : StandaloneWindows64
2017-09-29 16:09:13.1975 [DEBUG] Scene Fusion version : 1.6.0
2017-09-29 16:09:13.1980 [DEBUG] User : 
2017-09-29 16:09:13.2125 [DEBUG] Tier: SF Essential 4, Permissions: 00000003
2017-09-29 16:09:13.2125 [DEBUG] User Permissions: FFFFFFFF
2017-09-29 16:09:13.2140 [DEBUG] No stand-in for UnityEngine.CustomRenderTexture
2017-09-29 16:09:13.2140 [DEBUG] No stand-in for UnityEngine.U2D.SpriteAtlas
2017-09-29 16:09:13.2140 [DEBUG] No stand-in for UnityEngine.AI.NavMeshData
2017-09-29 16:09:13.2140 [DEBUG] No stand-in for UnityEngine.AvatarMask
2017-09-29 16:09:13.2140 [DEBUG] No stand-in for UnityEngine.Video.VideoClip
2017-09-29 16:09:13.3324 [DEBUG] Uploading scene 'Map 1'
2017-09-29 16:09:13.4636 [DEBUG] Spawn request. (Objects: 82)
2017-09-29 16:09:57.0576 [DEBUG] Disconnecting temporarily to enter play mode.
2017-09-29 16:09:57.0576 [DEBUG] Disconnecting from room (43469:SceneFusion:SceneFusion)
2017-09-29 16:09:57.0751 [INFO] Disconnected from server.
2017-09-29 16:09:57.0751 [DEBUG] Disconnect. (Duration: 43)
2017-09-29 16:09:57.0842 [INFO] Static batching in play mode is not supported in a Scene Fusion session and will be temporarily disabled.
2017-09-29 16:09:59.6592 [DEBUG] Scene Fusion version 1.6.0-1
2017-09-29 16:09:59.7083 [DEBUG] Play mode: True, sync in play mode: True
2017-09-29 16:10:00.3487 [DEBUG] Connecting to room (43469:SceneFusion:SceneFusion) via TCP at console.kinematicsoup.com:1026
2017-09-29 16:10:00.3547 [DEBUG] Host connection. (Session: 43469)
2017-09-29 16:10:00.5137 [DEBUG] Authenticating with server...
2017-09-29 16:10:00.6215 [DEBUG] Connected to room. (43469:SceneFusion:SceneFusion)
2017-09-29 16:10:00.6316 [INFO] Connected to server.
2017-09-29 16:10:00.6316 [DEBUG] OS : Microsoft Windows NT 10.0.15063.0
2017-09-29 16:10:00.6316 [DEBUG] Unity Version : 2017.1.0f3
2017-09-29 16:10:00.6316 [DEBUG] Pro License : False
2017-09-29 16:10:00.6321 [DEBUG] Platform : WindowsEditor
2017-09-29 16:10:00.6321 [DEBUG] Build Target : StandaloneWindows64
2017-09-29 16:10:00.6321 [DEBUG] Scene Fusion version : 1.6.0
2017-09-29 16:10:00.6321 [DEBUG] User : 
2017-09-29 16:10:00.6988 [DEBUG] Tier: SF Essential 4, Permissions: 00000003
2017-09-29 16:10:00.6993 [DEBUG] User Permissions: FFFFFFFF
2017-09-29 16:10:00.7544 [DEBUG] No stand-in for UnityEngine.CustomRenderTexture
2017-09-29 16:10:00.7544 [DEBUG] No stand-in for UnityEngine.U2D.SpriteAtlas
2017-09-29 16:10:00.7544 [DEBUG] No stand-in for UnityEngine.AI.NavMeshData
2017-09-29 16:10:00.7544 [DEBUG] No stand-in for UnityEngine.AvatarMask
2017-09-29 16:10:00.7544 [DEBUG] No stand-in for UnityEngine.Video.VideoClip
2017-09-29 16:10:01.2006 [DEBUG] Confirmed terrain checksum. (Type: 0 Entity: 2)
2017-09-29 16:10:01.2031 [DEBUG] Confirmed terrain checksum. (Type: 1 Entity: 2)
2017-09-29 16:10:01.2121 [DEBUG] Confirmed terrain checksum. (Type: 2 Entity: 2)
2017-09-29 16:10:01.2136 [DEBUG] Confirmed terrain checksum. (Type: 3 Entity: 2)
2017-09-29 16:10:08.6960 [DEBUG] Play mode: False
2017-09-29 16:14:35.0095 [DEBUG] Upload terrain diff. (Type: 1, Size: 787, Entity: 2)
2017-09-29 16:14:35.0100 [DEBUG] Upload terrain diff complete. (Entity: 2)
2017-09-29 16:14:35.1128 [DEBUG] Upload terrain diff. (Type: 1, Size: 742, Entity: 2)
2017-09-29 16:14:35.1133 [DEBUG] Upload terrain diff complete. (Entity: 2)
2017-09-29 16:14:35.2256 [DEBUG] Upload terrain diff. (Type: 1, Size: 1129, Entity: 2)
2017-09-29 16:14:35.2261 [DEBUG] Upload terrain diff complete. (Entity: 2)
2017-09-29 16:14:35.3369 [DEBUG] Upload terrain diff. (Type: 1, Size: 1500, Entity: 2)
2017-09-29 16:14:35.3374 [DEBUG] Upload terrain diff complete. (Entity: 2)
2017-09-29 16:14:35.4462 [DEBUG] Upload terrain diff. (Type: 1, Size: 735, Entity: 2)
2017-09-29 16:14:35.4467 [DEBUG] Upload terrain diff complete. (Entity: 2)
2017-09-29 16:14:35.5550 [DEBUG] Upload terrain diff. (Type: 1, Size: 954, Entity: 2)
2017-09-29 16:14:35.5555 [DEBUG] Upload terrain diff complete. (Entity: 2)
2017-09-29 16:14:35.6748 [DEBUG] Upload terrain diff. (Type: 1, Size: 1115, Entity: 2)
2017-09-29 16:14:35.6753 [DEBUG] Upload terrain diff complete. (Entity: 2)
2017-09-29 16:14:35.7816 [DEBUG] Upload terrain diff. (Type: 1, Size: 764, Entity: 2)
2017-09-29 16:14:35.7821 [DEBUG] Upload terrain diff complete. (Entity: 2)
2017-09-29 16:14:35.8944 [DEBUG] Upload terrain diff. (Type: 1, Size: 571, Entity: 2)
2017-09-29 16:14:35.8944 [DEBUG] Upload terrain diff complete. (Entity: 2)
2017-09-29 16:14:35.9992 [DEBUG] Upload terrain diff. (Type: 1, Size: 440, Entity: 2)
2017-09-29 16:14:35.9992 [DEBUG] Upload terrain diff complete. (Entity: 2)
2017-09-29 16:14:36.1185 [DEBUG] Upload terrain diff. (Type: 1, Size: 527, Entity: 2)
2017-09-29 16:14:36.1185 [DEBUG] Upload terrain diff complete. (Entity: 2)
2017-09-29 16:14:36.2268 [DEBUG] Upload terrain diff. (Type: 1, Size: 789, Entity: 2)
2017-09-29 16:14:36.2273 [DEBUG] Upload terrain diff complete. (Entity: 2)
2017-09-29 16:14:36.3356 [DEBUG] Upload terrain diff. (Type: 1, Size: 641, Entity: 2)
2017-09-29 16:14:36.3361 [DEBUG] Upload terrain diff complete. (Entity: 2)
2017-09-29 16:14:36.4403 [DEBUG] Upload terrain diff. (Type: 1, Size: 772, Entity: 2)
2017-09-29 16:14:36.4403 [DEBUG] Upload terrain diff complete. (Entity: 2)
2017-09-29 16:14:36.5532 [DEBUG] Upload terrain diff. (Type: 1, Size: 688, Entity: 2)
2017-09-29 16:14:36.5532 [DEBUG] Upload terrain diff complete. (Entity: 2)
2017-09-29 16:14:36.6624 [DEBUG] Upload terrain diff. (Type: 1, Size: 317, Entity: 2)
2017-09-29 16:14:36.6624 [DEBUG] Upload terrain diff complete. (Entity: 2)
2017-09-29 16:14:36.7657 [DEBUG] Upload terrain diff. (Type: 1, Size: 504, Entity: 2)
2017-09-29 16:14:36.7662 [DEBUG] Upload terrain diff complete. (Entity: 2)
2017-09-29 16:14:36.8765 [DEBUG] Upload terrain diff. (Type: 1, Size: 560, Entity: 2)
2017-09-29 16:14:36.8770 [DEBUG] Upload terrain diff complete. (Entity: 2)
2017-09-29 16:14:36.9863 [DEBUG] Upload terrain diff. (Type: 1, Size: 913, Entity: 2)
2017-09-29 16:14:36.9868 [DEBUG] Upload terrain diff complete. (Entity: 2)
2017-09-29 16:14:37.1006 [DEBUG] Upload terrain diff. (Type: 1, Size: 194, Entity: 2)
2017-09-29 16:14:37.1006 [DEBUG] Upload terrain diff complete. (Entity: 2)
2017-09-29 16:14:37.1006 [DEBUG] Upload terrain diff. (Type: 1, Size: 132, Entity: 2)
2017-09-29 16:14:37.1011 [DEBUG] Upload terrain diff complete. (Entity: 2)
2017-09-29 16:14:37.2064 [DEBUG] Upload terrain diff. (Type: 1, Size: 20, Entity: 2)
2017-09-29 16:14:37.2064 [DEBUG] Upload terrain diff complete. (Entity: 2)
2017-09-29 16:14:37.7283 [DEBUG] Upload terrain diff. (Type: 1, Size: 70, Entity: 2)
2017-09-29 16:14:37.7283 [DEBUG] Upload terrain diff complete. (Entity: 2)
2017-09-29 16:14:37.8341 [DEBUG] Upload terrain diff. (Type: 1, Size: 84, Entity: 2)
2017-09-29 16:14:37.8341 [DEBUG] Upload terrain diff complete. (Entity: 2)
2017-09-29 16:14:37.9439 [DEBUG] Upload terrain diff. (Type: 1, Size: 63, Entity: 2)
2017-09-29 16:14:37.9439 [DEBUG] Upload terrain diff complete. (Entity: 2)
2017-09-29 16:14:38.0560 [DEBUG] Upload terrain diff. (Type: 1, Size: 55, Entity: 2)
2017-09-29 16:14:38.0560 [DEBUG] Upload terrain diff complete. (Entity: 2)
2017-09-29 16:14:38.4632 [DEBUG] Upload terrain diff. (Type: 1, Size: 14, Entity: 2)
2017-09-29 16:14:38.4632 [DEBUG] Upload terrain diff complete. (Entity: 2)
2017-09-29 16:14:38.7705 [DEBUG] Upload terrain diff. (Type: 1, Size: 14, Entity: 2)
2017-09-29 16:14:38.7705 [DEBUG] Upload terrain diff complete. (Entity: 2)
2017-09-29 16:14:41.2878 [DEBUG] Upload terrain diff. (Type: 1, Size: 128, Entity: 2)
2017-09-29 16:14:41.2883 [DEBUG] Upload terrain diff complete. (Entity: 2)
2017-09-29 16:14:41.3951 [DEBUG] Upload terrain diff. (Type: 1, Size: 190, Entity: 2)
2017-09-29 16:14:41.3951 [DEBUG] Upload terrain diff complete. (Entity: 2)
2017-09-29 16:14:41.5179 [DEBUG] Upload terrain diff. (Type: 1, Size: 192, Entity: 2)
2017-09-29 16:14:41.5179 [DEBUG] Upload terrain diff complete. (Entity: 2)
2017-09-29 16:14:41.6126 [DEBUG] Upload terrain diff. (Type: 1, Size: 164, Entity: 2)
2017-09-29 16:14:41.6126 [DEBUG] Upload terrain diff complete. (Entity: 2)
2017-09-29 16:14:41.7249 [DEBUG] Upload terrain diff. (Type: 1, Size: 72, Entity: 2)
2017-09-29 16:14:41.7254 [DEBUG] Upload terrain diff complete. (Entity: 2)
2017-09-29 16:14:41.8347 [DEBUG] Upload terrain diff. (Type: 1, Size: 34, Entity: 2)
2017-09-29 16:14:41.8352 [DEBUG] Upload terrain diff complete. (Entity: 2)
2017-09-29 16:14:41.9375 [DEBUG] Upload terrain diff. (Type: 1, Size: 15, Entity: 2)
2017-09-29 16:14:41.9375 [DEBUG] Upload terrain diff complete. (Entity: 2)
2017-09-29 16:14:42.0476 [DEBUG] Upload terrain diff. (Type: 1, Size: 10, Entity: 2)
2017-09-29 16:14:42.0476 [DEBUG] Upload terrain diff complete. (Entity: 2)
2017-09-29 16:14:42.7413 [DEBUG] Upload terrain diff. (Type: 1, Size: 24, Entity: 2)
2017-09-29 16:14:42.7413 [DEBUG] Upload terrain diff complete. (Entity: 2)
2017-09-29 16:14:42.8497 [DEBUG] Upload terrain diff. (Type: 1, Size: 104, Entity: 2)
2017-09-29 16:14:42.8497 [DEBUG] Upload terrain diff complete. (Entity: 2)
2017-09-29 16:14:42.9604 [DEBUG] Upload terrain diff. (Type: 1, Size: 35, Entity: 2)
2017-09-29 16:14:42.9604 [DEBUG] Upload terrain diff complete. (Entity: 2)
2017-09-29 16:14:43.8142 [DEBUG] Upload terrain diff. (Type: 1, Size: 10, Entity: 2)
2017-09-29 16:14:43.8142 [DEBUG] Upload terrain diff complete. (Entity: 2)
2017-09-29 16:14:49.1559 [DEBUG] Upload terrain diff. (Type: 1, Size: 617, Entity: 2)
2017-09-29 16:14:49.1559 [DEBUG] Upload terrain diff complete. (Entity: 2)
2017-09-29 16:14:49.3655 [DEBUG] Upload terrain diff. (Type: 1, Size: 448, Entity: 2)
2017-09-29 16:14:49.3655 [DEBUG] Upload terrain diff complete. (Entity: 2)
2017-09-29 16:14:49.4748 [DEBUG] Upload terrain diff. (Type: 1, Size: 632, Entity: 2)
2017-09-29 16:14:49.4753 [DEBUG] Upload terrain diff complete. (Entity: 2)
2017-09-29 16:14:49.5837 [DEBUG] Upload terrain diff. (Type: 1, Size: 352, Entity: 2)
2017-09-29 16:14:49.5837 [DEBUG] Upload terrain diff complete. (Entity: 2)
2017-09-29 16:14:49.6985 [DEBUG] Upload terrain diff. (Type: 1, Size: 511, Entity: 2)
2017-09-29 16:14:49.6985 [DEBUG] Upload terrain diff complete. (Entity: 2)
2017-09-29 16:14:49.8008 [DEBUG] Upload terrain diff. (Type: 1, Size: 622, Entity: 2)
2017-09-29 16:14:49.8008 [DEBUG] Upload terrain diff complete. (Entity: 2)
2017-09-29 16:14:49.9140 [DEBUG] Upload terrain diff. (Type: 1, Size: 426, Entity: 2)
2017-09-29 16:14:49.9140 [DEBUG] Upload terrain diff complete. (Entity: 2)
2017-09-29 16:14:50.0232 [DEBUG] Upload terrain diff. (Type: 1, Size: 721, Entity: 2)
2017-09-29 16:14:50.0237 [DEBUG] Upload terrain diff complete. (Entity: 2)
2017-09-29 16:14:50.1351 [DEBUG] Upload terrain diff. (Type: 1, Size: 424, Entity: 2)
2017-09-29 16:14:50.1351 [DEBUG] Upload terrain diff complete. (Entity: 2)
2017-09-29 16:14:50.2454 [DEBUG] Upload terrain diff. (Type: 1, Size: 525, Entity: 2)
2017-09-29 16:14:50.2454 [DEBUG] Upload terrain diff complete. (Entity: 2)
2017-09-29 16:14:50.6219 [DEBUG] Upload terrain diff. (Type: 1, Size: 484, Entity: 2)
2017-09-29 16:14:50.6224 [DEBUG] Upload terrain diff complete. (Entity: 2)
2017-09-29 16:14:50.7347 [DEBUG] Upload terrain diff. (Type: 1, Size: 464, Entity: 2)
2017-09-29 16:14:50.7347 [DEBUG] Upload terrain diff complete. (Entity: 2)
2017-09-29 16:14:50.8510 [DEBUG] Upload terrain diff. (Type: 1, Size: 373, Entity: 2)
2017-09-29 16:14:50.8510 [DEBUG] Upload terrain diff complete. (Entity: 2)
2017-09-29 16:14:50.9563 [DEBUG] Upload terrain diff. (Type: 1, Size: 434, Entity: 2)
2017-09-29 16:14:50.9568 [DEBUG] Upload terrain diff complete. (Entity: 2)
2017-09-29 16:14:51.0676 [DEBUG] Upload terrain diff. (Type: 1, Size: 396, Entity: 2)
2017-09-29 16:14:51.0676 [DEBUG] Upload terrain diff complete. (Entity: 2)
2017-09-29 16:14:51.1759 [DEBUG] Upload terrain diff. (Type: 1, Size: 545, Entity: 2)
2017-09-29 16:14:51.1764 [DEBUG] Upload terrain diff complete. (Entity: 2)
2017-09-29 16:14:51.2901 [DEBUG] Upload terrain diff. (Type: 1, Size: 644, Entity: 2)
2017-09-29 16:14:51.2901 [DEBUG] Upload terrain diff complete. (Entity: 2)
2017-09-29 16:14:51.3938 [DEBUG] Upload terrain diff. (Type: 1, Size: 732, Entity: 2)
2017-09-29 16:14:51.3938 [DEBUG] Upload terrain diff complete. (Entity: 2)
2017-09-29 16:14:51.6755 [DEBUG] Upload terrain diff. (Type: 1, Size: 924, Entity: 2)
2017-09-29 16:14:51.6755 [DEBUG] Upload terrain diff complete. (Entity: 2)
2017-09-29 16:14:51.8107 [DEBUG] Upload terrain diff. (Type: 1, Size: 1296, Entity: 2)
2017-09-29 16:14:51.8112 [DEBUG] Upload terrain diff complete. (Entity: 2)
2017-09-29 16:14:51.9014 [DEBUG] Upload terrain diff. (Type: 1, Size: 1013, Entity: 2)
2017-09-29 16:14:51.9014 [DEBUG] Upload terrain diff complete. (Entity: 2)
2017-09-29 16:14:52.0152 [DEBUG] Upload terrain diff. (Type: 1, Size: 1086, Entity: 2)
2017-09-29 16:14:52.0152 [DEBUG] Upload terrain diff complete. (Entity: 2)
2017-09-29 16:14:52.1204 [DEBUG] Upload terrain diff. (Type: 1, Size: 692, Entity: 2)
2017-09-29 16:14:52.1204 [DEBUG] Upload terrain diff complete. (Entity: 2)
2017-09-29 16:14:52.4283 [DEBUG] Upload terrain diff. (Type: 1, Size: 397, Entity: 2)
2017-09-29 16:14:52.4283 [DEBUG] Upload terrain diff complete. (Entity: 2)
2017-09-29 16:14:52.5366 [DEBUG] Upload terrain diff. (Type: 1, Size: 768, Entity: 2)
2017-09-29 16:14:52.5371 [DEBUG] Upload terrain diff complete. (Entity: 2)
2017-09-29 16:14:52.6554 [DEBUG] Upload terrain diff. (Type: 1, Size: 593, Entity: 2)
2017-09-29 16:14:52.6559 [DEBUG] Upload terrain diff complete. (Entity: 2)
2017-09-29 16:14:52.7552 [DEBUG] Upload terrain diff. (Type: 1, Size: 614, Entity: 2)
2017-09-29 16:14:52.7552 [DEBUG] Upload terrain diff complete. (Entity: 2)
2017-09-29 16:14:52.8770 [DEBUG] Upload terrain diff. (Type: 1, Size: 579, Entity: 2)
2017-09-29 16:14:52.8770 [DEBUG] Upload terrain diff complete. (Entity: 2)
2017-09-29 16:14:52.9833 [DEBUG] Upload terrain diff. (Type: 1, Size: 519, Entity: 2)
2017-09-29 16:14:52.9838 [DEBUG] Upload terrain diff complete. (Entity: 2)
2017-09-29 16:14:53.2705 [DEBUG] Upload terrain diff. (Type: 1, Size: 675, Entity: 2)
2017-09-29 16:14:53.2705 [DEBUG] Upload terrain diff complete. (Entity: 2)
2017-09-29 16:14:53.3908 [DEBUG] Upload terrain diff. (Type: 1, Size: 610, Entity: 2)
2017-09-29 16:14:53.3908 [DEBUG] Upload terrain diff complete. (Entity: 2)
2017-09-29 16:14:53.4936 [DEBUG] Upload terrain diff. (Type: 1, Size: 565, Entity: 2)
2017-09-29 16:14:53.4941 [DEBUG] Upload terrain diff complete. (Entity: 2)
2017-09-29 16:14:53.6067 [DEBUG] Upload terrain diff. (Type: 1, Size: 569, Entity: 2)
2017-09-29 16:14:53.6067 [DEBUG] Upload terrain diff complete. (Entity: 2)
2017-09-29 16:14:53.7175 [DEBUG] Upload terrain diff. (Type: 1, Size: 543, Entity: 2)
2017-09-29 16:14:53.7180 [DEBUG] Upload terrain diff complete. (Entity: 2)
2017-09-29 16:14:53.8178 [DEBUG] Upload terrain diff. (Type: 1, Size: 712, Entity: 2)
2017-09-29 16:14:53.8183 [DEBUG] Upload terrain diff complete. (Entity: 2)
2017-09-29 16:14:53.9286 [DEBUG] Upload terrain diff. (Type: 1, Size: 541, Entity: 2)
2017-09-29 16:14:53.9291 [DEBUG] Upload terrain diff complete. (Entity: 2)
2017-09-29 16:14:54.2118 [DEBUG] Upload terrain diff. (Type: 1, Size: 877, Entity: 2)
2017-09-29 16:14:54.2123 [DEBUG] Upload terrain diff complete. (Entity: 2)
2017-09-29 16:14:54.3271 [DEBUG] Upload terrain diff. (Type: 1, Size: 878, Entity: 2)
2017-09-29 16:14:54.3276 [DEBUG] Upload terrain diff complete. (Entity: 2)
2017-09-29 16:14:54.4425 [DEBUG] Upload terrain diff. (Type: 1, Size: 750, Entity: 2)
2017-09-29 16:14:54.4430 [DEBUG] Upload terrain diff complete. (Entity: 2)
2017-09-29 16:14:54.5512 [DEBUG] Upload terrain diff. (Type: 1, Size: 551, Entity: 2)
2017-09-29 16:14:54.5512 [DEBUG] Upload terrain diff complete. (Entity: 2)
2017-09-29 16:14:54.6555 [DEBUG] Upload terrain diff. (Type: 1, Size: 418, Entity: 2)
2017-09-29 16:14:54.6555 [DEBUG] Upload terrain diff complete. (Entity: 2)
2017-09-29 16:14:54.7623 [DEBUG] Upload terrain diff. (Type: 1, Size: 256, Entity: 2)
2017-09-29 16:14:54.7623 [DEBUG] Upload terrain diff complete. (Entity: 2)
2017-09-29 16:14:54.8776 [DEBUG] Upload terrain diff. (Type: 1, Size: 172, Entity: 2)
2017-09-29 16:14:54.8776 [DEBUG] Upload terrain diff complete. (Entity: 2)
2017-09-29 16:14:55.0001 [DEBUG] Upload terrain diff. (Type: 1, Size: 407, Entity: 2)
2017-09-29 16:14:55.0001 [DEBUG] Upload terrain diff complete. (Entity: 2)
2017-09-29 16:14:55.0928 [DEBUG] Upload terrain diff. (Type: 1, Size: 969, Entity: 2)
2017-09-29 16:14:55.0928 [DEBUG] Upload terrain diff complete. (Entity: 2)
2017-09-29 16:14:55.2035 [DEBUG] Upload terrain diff. (Type: 1, Size: 1402, Entity: 2)
2017-09-29 16:14:55.2040 [DEBUG] Upload terrain diff complete. (Entity: 2)
2017-09-29 16:14:55.3158 [DEBUG] Upload terrain diff. (Type: 1, Size: 1148, Entity: 2)
2017-09-29 16:14:55.3163 [DEBUG] Upload terrain diff complete. (Entity: 2)
2017-09-29 16:14:55.4267 [DEBUG] Upload terrain diff. (Type: 1, Size: 960, Entity: 2)
2017-09-29 16:14:55.4272 [DEBUG] Upload terrain diff complete. (Entity: 2)
2017-09-29 16:14:55.5381 [DEBUG] Upload terrain diff. (Type: 1, Size: 894, Entity: 2)
2017-09-29 16:14:55.5381 [DEBUG] Upload terrain diff complete. (Entity: 2)
2017-09-29 16:14:55.6474 [DEBUG] Upload terrain diff. (Type: 1, Size: 839, Entity: 2)
2017-09-29 16:14:55.6474 [DEBUG] Upload terrain diff complete. (Entity: 2)
2017-09-29 16:14:55.7567 [DEBUG] Upload terrain diff. (Type: 1, Size: 938, Entity: 2)
2017-09-29 16:14:55.7567 [DEBUG] Upload terrain diff complete. (Entity: 2)
2017-09-29 16:14:55.8755 [DEBUG] Upload terrain diff. (Type: 1, Size: 552, Entity: 2)
2017-09-29 16:14:55.8760 [DEBUG] Upload terrain diff complete. (Entity: 2)
2017-09-29 16:14:55.9783 [DEBUG] Upload terrain diff. (Type: 1, Size: 330, Entity: 2)
2017-09-29 16:14:55.9783 [DEBUG] Upload terrain diff complete. (Entity: 2)
2017-09-29 16:14:56.0836 [DEBUG] Upload terrain diff. (Type: 1, Size: 181, Entity: 2)
2017-09-29 16:14:56.0836 [DEBUG] Upload terrain diff complete. (Entity: 2)
2017-09-29 16:14:56.1999 [DEBUG] Upload terrain diff. (Type: 1, Size: 208, Entity: 2)
2017-09-29 16:14:56.2004 [DEBUG] Upload terrain diff complete. (Entity: 2)
2017-09-29 16:14:56.3082 [DEBUG] Upload terrain diff. (Type: 1, Size: 59, Entity: 2)
2017-09-29 16:14:56.3087 [DEBUG] Upload terrain diff complete. (Entity: 2)
2017-09-29 16:14:59.6920 [DEBUG] Upload terrain diff. (Type: 1, Size: 60, Entity: 2)
2017-09-29 16:14:59.6920 [DEBUG] Upload terrain diff complete. (Entity: 2)
2017-09-29 16:14:59.8088 [DEBUG] Upload terrain diff. (Type: 1, Size: 38, Entity: 2)
2017-09-29 16:14:59.8088 [DEBUG] Upload terrain diff complete. (Entity: 2)
2017-09-29 16:15:00.3181 [DEBUG] Upload terrain diff. (Type: 1, Size: 30, Entity: 2)
2017-09-29 16:15:00.3181 [DEBUG] Upload terrain diff complete. (Entity: 2)
2017-09-29 16:15:00.4329 [DEBUG] Upload terrain diff. (Type: 1, Size: 81, Entity: 2)
2017-09-29 16:15:00.4329 [DEBUG] Upload terrain diff complete. (Entity: 2)
2017-09-29 16:15:00.5437 [DEBUG] Upload terrain diff. (Type: 1, Size: 126, Entity: 2)
2017-09-29 16:15:00.5442 [DEBUG] Upload terrain diff complete. (Entity: 2)
2017-09-29 16:15:00.7304 [DEBUG] Upload terrain diff. (Type: 1, Size: 215, Entity: 2)
2017-09-29 16:15:00.7304 [DEBUG] Upload terrain diff complete. (Entity: 2)
2017-09-29 16:15:00.8365 [DEBUG] Upload terrain diff. (Type: 1, Size: 207, Entity: 2)
2017-09-29 16:15:00.8365 [DEBUG] Upload terrain diff complete. (Entity: 2)
2017-09-29 16:15:01.0455 [DEBUG] Upload terrain diff. (Type: 1, Size: 124, Entity: 2)
2017-09-29 16:15:01.0455 [DEBUG] Upload terrain diff complete. (Entity: 2)
2017-09-29 16:15:01.1558 [DEBUG] Upload terrain diff. (Type: 1, Size: 241, Entity: 2)
2017-09-29 16:15:01.1558 [DEBUG] Upload terrain diff complete. (Entity: 2)
2017-09-29 16:15:01.2633 [DEBUG] Upload terrain diff. (Type: 1, Size: 187, Entity: 2)
2017-09-29 16:15:01.2633 [DEBUG] Upload terrain diff complete. (Entity: 2)
2017-09-29 16:15:01.3716 [DEBUG] Upload terrain diff. (Type: 1, Size: 287, Entity: 2)
2017-09-29 16:15:01.3721 [DEBUG] Upload terrain diff complete. (Entity: 2)
2017-09-29 16:15:01.7917 [DEBUG] Upload terrain diff. (Type: 1, Size: 244, Entity: 2)
2017-09-29 16:15:01.7922 [DEBUG] Upload terrain diff complete. (Entity: 2)
2017-09-29 16:15:01.9015 [DEBUG] Upload terrain diff. (Type: 1, Size: 259, Entity: 2)
2017-09-29 16:15:01.9020 [DEBUG] Upload terrain diff complete. (Entity: 2)
2017-09-29 16:15:02.0108 [DEBUG] Upload terrain diff. (Type: 1, Size: 151, Entity: 2)
2017-09-29 16:15:02.0108 [DEBUG] Upload terrain diff complete. (Entity: 2)
2017-09-29 16:15:02.1231 [DEBUG] Upload terrain diff. (Type: 1, Size: 64, Entity: 2)
2017-09-29 16:15:02.1231 [DEBUG] Upload terrain diff complete. (Entity: 2)
2017-09-29 16:15:02.2429 [DEBUG] Upload terrain diff. (Type: 1, Size: 12, Entity: 2)
2017-09-29 16:15:02.2429 [DEBUG] Upload terrain diff complete. (Entity: 2)
2017-09-29 16:15:02.7425 [DEBUG] Upload terrain diff. (Type: 1, Size: 887, Entity: 2)
2017-09-29 16:15:02.7430 [DEBUG] Upload terrain diff complete. (Entity: 2)
2017-09-29 16:15:02.8573 [DEBUG] Upload terrain diff. (Type: 1, Size: 679, Entity: 2)
2017-09-29 16:15:02.8573 [DEBUG] Upload terrain diff complete. (Entity: 2)
2017-09-29 16:15:02.9675 [DEBUG] Upload terrain diff. (Type: 1, Size: 718, Entity: 2)
2017-09-29 16:15:02.9675 [DEBUG] Upload terrain diff complete. (Entity: 2)
2017-09-29 16:15:03.0739 [DEBUG] Upload terrain diff. (Type: 1, Size: 566, Entity: 2)
2017-09-29 16:15:03.0744 [DEBUG] Upload terrain diff complete. (Entity: 2)
2017-09-29 16:15:03.1832 [DEBUG] Upload terrain diff. (Type: 1, Size: 317, Entity: 2)
2017-09-29 16:15:03.1832 [DEBUG] Upload terrain diff complete. (Entity: 2)
2017-09-29 16:15:03.2940 [DEBUG] Upload terrain diff. (Type: 1, Size: 468, Entity: 2)
2017-09-29 16:15:03.2940 [DEBUG] Upload terrain diff complete. (Entity: 2)
2017-09-29 16:15:03.3937 [DEBUG] Upload terrain diff. (Type: 1, Size: 694, Entity: 2)
2017-09-29 16:15:03.3942 [DEBUG] Upload terrain diff complete. (Entity: 2)
2017-09-29 16:15:03.5075 [DEBUG] Upload terrain diff. (Type: 1, Size: 316, Entity: 2)
2017-09-29 16:15:03.5075 [DEBUG] Upload terrain diff complete. (Entity: 2)
2017-09-29 16:15:03.6198 [DEBUG] Upload terrain diff. (Type: 1, Size: 342, Entity: 2)
2017-09-29 16:15:03.6198 [DEBUG] Upload terrain diff complete. (Entity: 2)
2017-09-29 16:15:03.7261 [DEBUG] Upload terrain diff. (Type: 1, Size: 313, Entity: 2)
2017-09-29 16:15:03.7261 [DEBUG] Upload terrain diff complete. (Entity: 2)
2017-09-29 16:15:03.8439 [DEBUG] Upload terrain diff. (Type: 1, Size: 144, Entity: 2)
2017-09-29 16:15:03.8444 [DEBUG] Upload terrain diff complete. (Entity: 2)
2017-09-29 16:15:03.9532 [DEBUG] Upload terrain diff. (Type: 1, Size: 141, Entity: 2)
2017-09-29 16:15:03.9537 [DEBUG] Upload terrain diff complete. (Entity: 2)
2017-09-29 16:15:04.0610 [DEBUG] Upload terrain diff. (Type: 1, Size: 59, Entity: 2)
2017-09-29 16:15:04.0610 [DEBUG] Upload terrain diff complete. (Entity: 2)
2017-09-29 16:15:04.1828 [DEBUG] Upload terrain diff. (Type: 1, Size: 147, Entity: 2)
2017-09-29 16:15:04.1828 [DEBUG] Upload terrain diff complete. (Entity: 2)
2017-09-29 16:15:04.6229 [DEBUG] Upload terrain diff. (Type: 1, Size: 66, Entity: 2)
2017-09-29 16:15:04.6229 [DEBUG] Upload terrain diff complete. (Entity: 2)
2017-09-29 16:15:04.7331 [DEBUG] Upload terrain diff. (Type: 1, Size: 360, Entity: 2)
2017-09-29 16:15:04.7331 [DEBUG] Upload terrain diff complete. (Entity: 2)
2017-09-29 16:15:04.8456 [DEBUG] Upload terrain diff. (Type: 1, Size: 801, Entity: 2)
2017-09-29 16:15:04.8462 [DEBUG] Upload terrain diff complete. (Entity: 2)
2017-09-29 16:15:04.9598 [DEBUG] Upload terrain diff. (Type: 1, Size: 664, Entity: 2)
2017-09-29 16:15:04.9598 [DEBUG] Upload terrain diff complete. (Entity: 2)
2017-09-29 16:15:05.0696 [DEBUG] Upload terrain diff. (Type: 1, Size: 427, Entity: 2)
2017-09-29 16:15:05.0696 [DEBUG] Upload terrain diff complete. (Entity: 2)
2017-09-29 16:15:05.1789 [DEBUG] Upload terrain diff. (Type: 1, Size: 183, Entity: 2)
2017-09-29 16:15:05.1789 [DEBUG] Upload terrain diff complete. (Entity: 2)
2017-09-29 16:15:05.3087 [DEBUG] Upload terrain diff. (Type: 1, Size: 121, Entity: 2)
2017-09-29 16:15:05.3087 [DEBUG] Upload terrain diff complete. (Entity: 2)
2017-09-29 16:15:05.4225 [DEBUG] Upload terrain diff. (Type: 1, Size: 36, Entity: 2)
2017-09-29 16:15:05.4225 [DEBUG] Upload terrain diff complete. (Entity: 2)
2017-09-29 16:15:06.5211 [DEBUG] Upload terrain diff. (Type: 1, Size: 787, Entity: 2)
2017-09-29 16:15:06.5215 [DEBUG] Upload terrain diff complete. (Entity: 2)
2017-09-29 16:15:06.6323 [DEBUG] Upload terrain diff. (Type: 1, Size: 748, Entity: 2)
2017-09-29 16:15:06.6328 [DEBUG] Upload terrain diff complete. (Entity: 2)
2017-09-29 16:15:06.7381 [DEBUG] Upload terrain diff. (Type: 1, Size: 702, Entity: 2)
2017-09-29 16:15:06.7386 [DEBUG] Upload terrain diff complete. (Entity: 2)
2017-09-29 16:15:06.8484 [DEBUG] Upload terrain diff. (Type: 1, Size: 968, Entity: 2)
2017-09-29 16:15:06.8484 [DEBUG] Upload terrain diff complete. (Entity: 2)
2017-09-29 16:15:06.9597 [DEBUG] Upload terrain diff. (Type: 1, Size: 1153, Entity: 2)
2017-09-29 16:15:06.9602 [DEBUG] Upload terrain diff complete. (Entity: 2)
2017-09-29 16:15:07.0760 [DEBUG] Upload terrain diff. (Type: 1, Size: 1232, Entity: 2)
2017-09-29 16:15:07.0765 [DEBUG] Upload terrain diff complete. (Entity: 2)
2017-09-29 16:15:07.1853 [DEBUG] Upload terrain diff. (Type: 1, Size: 997, Entity: 2)
2017-09-29 16:15:07.1853 [DEBUG] Upload terrain diff complete. (Entity: 2)
2017-09-29 16:15:07.3086 [DEBUG] Upload terrain diff. (Type: 1, Size: 1186, Entity: 2)
2017-09-29 16:15:07.3091 [DEBUG] Upload terrain diff complete. (Entity: 2)
2017-09-29 16:15:07.4184 [DEBUG] Upload terrain diff. (Type: 1, Size: 1001, Entity: 2)
2017-09-29 16:15:07.4189 [DEBUG] Upload terrain diff complete. (Entity: 2)
2017-09-29 16:15:07.5232 [DEBUG] Upload terrain diff. (Type: 1, Size: 500, Entity: 2)
2017-09-29 16:15:07.5232 [DEBUG] Upload terrain diff complete. (Entity: 2)
2017-09-29 16:15:07.6395 [DEBUG] Upload terrain diff. (Type: 1, Size: 359, Entity: 2)
2017-09-29 16:15:07.6395 [DEBUG] Upload terrain diff complete. (Entity: 2)
2017-09-29 16:15:07.7478 [DEBUG] Upload terrain diff. (Type: 1, Size: 173, Entity: 2)
2017-09-29 16:15:07.7478 [DEBUG] Upload terrain diff complete. (Entity: 2)
2017-09-29 16:15:07.8621 [DEBUG] Upload terrain diff. (Type: 1, Size: 377, Entity: 2)
2017-09-29 16:15:07.8626 [DEBUG] Upload terrain diff complete. (Entity: 2)
2017-09-29 16:15:07.9669 [DEBUG] Upload terrain diff. (Type: 1, Size: 492, Entity: 2)
2017-09-29 16:15:07.9674 [DEBUG] Upload terrain diff complete. (Entity: 2)
2017-09-29 16:15:08.0732 [DEBUG] Upload terrain diff. (Type: 1, Size: 44, Entity: 2)
2017-09-29 16:15:08.0732 [DEBUG] Upload terrain diff complete. (Entity: 2)
2017-09-29 16:15:08.1880 [DEBUG] Upload terrain diff. (Type: 1, Size: 43, Entity: 2)
2017-09-29 16:15:08.1880 [DEBUG] Upload terrain diff complete. (Entity: 2)
2017-09-29 16:15:08.2913 [DEBUG] Upload terrain diff. (Type: 1, Size: 680, Entity: 2)
2017-09-29 16:15:08.2913 [DEBUG] Upload terrain diff complete. (Entity: 2)
2017-09-29 16:15:08.4084 [DEBUG] Upload terrain diff. (Type: 1, Size: 346, Entity: 2)
2017-09-29 16:15:08.4084 [DEBUG] Upload terrain diff complete. (Entity: 2)
2017-09-29 16:15:08.7261 [DEBUG] Upload terrain diff. (Type: 1, Size: 114, Entity: 2)
2017-09-29 16:15:08.7267 [DEBUG] Upload terrain diff complete. (Entity: 2)
2017-09-29 16:15:08.8412 [DEBUG] Upload terrain diff. (Type: 1, Size: 285, Entity: 2)
2017-09-29 16:15:08.8417 [DEBUG] Upload terrain diff complete. (Entity: 2)
2017-09-29 16:15:08.9515 [DEBUG] Upload terrain diff. (Type: 1, Size: 141, Entity: 2)
2017-09-29 16:15:08.9515 [DEBUG] Upload terrain diff complete. (Entity: 2)
2017-09-29 16:15:09.0573 [DEBUG] Upload terrain diff. (Type: 1, Size: 41, Entity: 2)
2017-09-29 16:15:09.0573 [DEBUG] Upload terrain diff complete. (Entity: 2)
2017-09-29 16:15:11.5375 [DEBUG] Upload terrain diff. (Type: 1, Size: 495, Entity: 2)
2017-09-29 16:15:11.5375 [DEBUG] Upload terrain diff complete. (Entity: 2)
2017-09-29 16:15:11.6578 [DEBUG] Upload terrain diff. (Type: 1, Size: 436, Entity: 2)
2017-09-29 16:15:11.6583 [DEBUG] Upload terrain diff complete. (Entity: 2)
2017-09-29 16:15:11.7646 [DEBUG] Upload terrain diff. (Type: 1, Size: 719, Entity: 2)
2017-09-29 16:15:11.7651 [DEBUG] Upload terrain diff complete. (Entity: 2)
2017-09-29 16:15:11.8859 [DEBUG] Upload terrain diff. (Type: 1, Size: 1073, Entity: 2)
2017-09-29 16:15:11.8864 [DEBUG] Upload terrain diff complete. (Entity: 2)
2017-09-29 16:15:11.9920 [DEBUG] Upload terrain diff. (Type: 1, Size: 938, Entity: 2)
2017-09-29 16:15:11.9920 [DEBUG] Upload terrain diff complete. (Entity: 2)
2017-09-29 16:15:12.1056 [DEBUG] Upload terrain diff. (Type: 1, Size: 483, Entity: 2)
2017-09-29 16:15:12.1061 [DEBUG] Upload terrain diff complete. (Entity: 2)
2017-09-29 16:15:12.2039 [DEBUG] Upload terrain diff. (Type: 1, Size: 161, Entity: 2)
2017-09-29 16:15:12.2039 [DEBUG] Upload terrain diff complete. (Entity: 2)
2017-09-29 16:15:14.2776 [DEBUG] Upload terrain diff. (Type: 1, Size: 88, Entity: 2)
2017-09-29 16:15:14.2776 [DEBUG] Upload terrain diff complete. (Entity: 2)
2017-09-29 16:15:14.3884 [DEBUG] Upload terrain diff. (Type: 1, Size: 324, Entity: 2)
2017-09-29 16:15:14.3884 [DEBUG] Upload terrain diff complete. (Entity: 2)
2017-09-29 16:15:14.5017 [DEBUG] Upload terrain diff. (Type: 1, Size: 671, Entity: 2)
2017-09-29 16:15:14.5022 [DEBUG] Upload terrain diff complete. (Entity: 2)
2017-09-29 16:15:14.6165 [DEBUG] Upload terrain diff. (Type: 1, Size: 589, Entity: 2)
2017-09-29 16:15:14.6165 [DEBUG] Upload terrain diff complete. (Entity: 2)
2017-09-29 16:15:14.7308 [DEBUG] Upload terrain diff. (Type: 1, Size: 515, Entity: 2)
2017-09-29 16:15:14.7308 [DEBUG] Upload terrain diff complete. (Entity: 2)
2017-09-29 16:15:14.8446 [DEBUG] Upload terrain diff. (Type: 1, Size: 590, Entity: 2)
2017-09-29 16:15:14.8446 [DEBUG] Upload terrain diff complete. (Entity: 2)
2017-09-29 16:15:14.9484 [DEBUG] Upload terrain diff. (Type: 1, Size: 699, Entity: 2)
2017-09-29 16:15:14.9484 [DEBUG] Upload terrain diff complete. (Entity: 2)
2017-09-29 16:15:15.0577 [DEBUG] Upload terrain diff. (Type: 1, Size: 550, Entity: 2)
2017-09-29 16:15:15.0577 [DEBUG] Upload terrain diff complete. (Entity: 2)
2017-09-29 16:15:15.1705 [DEBUG] Upload terrain diff. (Type: 1, Size: 610, Entity: 2)
2017-09-29 16:15:15.1705 [DEBUG] Upload terrain diff complete. (Entity: 2)
2017-09-29 16:15:15.2798 [DEBUG] Upload terrain diff. (Type: 1, Size: 569, Entity: 2)
2017-09-29 16:15:15.2798 [DEBUG] Upload terrain diff complete. (Entity: 2)
2017-09-29 16:15:15.3961 [DEBUG] Upload terrain diff. (Type: 1, Size: 341, Entity: 2)
2017-09-29 16:15:15.3961 [DEBUG] Upload terrain diff complete. (Entity: 2)
2017-09-29 16:15:15.5014 [DEBUG] Upload terrain diff. (Type: 1, Size: 420, Entity: 2)
2017-09-29 16:15:15.5014 [DEBUG] Upload terrain diff complete. (Entity: 2)
2017-09-29 16:15:15.6142 [DEBUG] Upload terrain diff. (Type: 1, Size: 250, Entity: 2)
2017-09-29 16:15:15.6142 [DEBUG] Upload terrain diff complete. (Entity: 2)
2017-09-29 16:15:15.7194 [DEBUG] Upload terrain diff. (Type: 1, Size: 305, Entity: 2)
2017-09-29 16:15:15.7194 [DEBUG] Upload terrain diff complete. (Entity: 2)
2017-09-29 16:15:15.8275 [DEBUG] Upload terrain diff. (Type: 1, Size: 253, Entity: 2)
2017-09-29 16:15:15.8275 [DEBUG] Upload terrain diff complete. (Entity: 2)
2017-09-29 16:15:15.9379 [DEBUG] Upload terrain diff. (Type: 1, Size: 196, Entity: 2)
2017-09-29 16:15:15.9384 [DEBUG] Upload terrain diff complete. (Entity: 2)
2017-09-29 16:15:16.0485 [DEBUG] Upload terrain diff. (Type: 1, Size: 95, Entity: 2)
2017-09-29 16:15:16.0485 [DEBUG] Upload terrain diff complete. (Entity: 2)
2017-09-29 16:15:17.3546 [DEBUG] Upload terrain diff. (Type: 1, Size: 679, Entity: 2)
2017-09-29 16:15:17.3551 [DEBUG] Upload terrain diff complete. (Entity: 2)
2017-09-29 16:15:17.4666 [DEBUG] Upload terrain diff. (Type: 1, Size: 1781, Entity: 2)
2017-09-29 16:15:17.4671 [DEBUG] Upload terrain diff complete. (Entity: 2)
2017-09-29 16:15:17.5804 [DEBUG] Upload terrain diff. (Type: 1, Size: 1361, Entity: 2)
2017-09-29 16:15:17.5809 [DEBUG] Upload terrain diff complete. (Entity: 2)
2017-09-29 16:15:17.6852 [DEBUG] Upload terrain diff. (Type: 1, Size: 206, Entity: 2)
2017-09-29 16:15:17.6857 [DEBUG] Upload terrain diff complete. (Entity: 2)
2017-09-29 16:15:18.8194 [DEBUG] Upload terrain diff. (Type: 1, Size: 244, Entity: 2)
2017-09-29 16:15:18.8194 [DEBUG] Upload terrain diff complete. (Entity: 2)
2017-09-29 16:15:18.9282 [DEBUG] Upload terrain diff. (Type: 1, Size: 717, Entity: 2)
2017-09-29 16:15:18.9287 [DEBUG] Upload terrain diff complete. (Entity: 2)
2017-09-29 16:15:19.0456 [DEBUG] Upload terrain diff. (Type: 1, Size: 684, Entity: 2)
2017-09-29 16:15:19.0461 [DEBUG] Upload terrain diff complete. (Entity: 2)
2017-09-29 16:15:19.1583 [DEBUG] Upload terrain diff. (Type: 1, Size: 646, Entity: 2)
2017-09-29 16:15:19.1588 [DEBUG] Upload terrain diff complete. (Entity: 2)
2017-09-29 16:15:19.2738 [DEBUG] Upload terrain diff. (Type: 1, Size: 742, Entity: 2)
2017-09-29 16:15:19.2738 [DEBUG] Upload terrain diff complete. (Entity: 2)
2017-09-29 16:15:19.3801 [DEBUG] Upload terrain diff. (Type: 1, Size: 626, Entity: 2)
2017-09-29 16:15:19.3806 [DEBUG] Upload terrain diff complete. (Entity: 2)
2017-09-29 16:15:19.4914 [DEBUG] Upload terrain diff. (Type: 1, Size: 895, Entity: 2)
2017-09-29 16:15:19.4914 [DEBUG] Upload terrain diff complete. (Entity: 2)
2017-09-29 16:15:19.5967 [DEBUG] Upload terrain diff. (Type: 1, Size: 802, Entity: 2)
2017-09-29 16:15:19.5972 [DEBUG] Upload terrain diff complete. (Entity: 2)
2017-09-29 16:15:19.7070 [DEBUG] Upload terrain diff. (Type: 1, Size: 649, Entity: 2)
2017-09-29 16:15:19.7075 [DEBUG] Upload terrain diff complete. (Entity: 2)
2017-09-29 16:15:19.8208 [DEBUG] Upload terrain diff. (Type: 1, Size: 307, Entity: 2)
2017-09-29 16:15:19.8208 [DEBUG] Upload terrain diff complete. (Entity: 2)
2017-09-29 16:15:19.9351 [DEBUG] Upload terrain diff. (Type: 1, Size: 389, Entity: 2)
2017-09-29 16:15:19.9351 [DEBUG] Upload terrain diff complete. (Entity: 2)
2017-09-29 16:15:20.0424 [DEBUG] Upload terrain diff. (Type: 1, Size: 311, Entity: 2)
2017-09-29 16:15:20.0424 [DEBUG] Upload terrain diff complete. (Entity: 2)
2017-09-29 16:15:20.1542 [DEBUG] Upload terrain diff. (Type: 1, Size: 350, Entity: 2)
2017-09-29 16:15:20.1542 [DEBUG] Upload terrain diff complete. (Entity: 2)
2017-09-29 16:15:20.2655 [DEBUG] Upload terrain diff. (Type: 1, Size: 190, Entity: 2)
2017-09-29 16:15:20.2655 [DEBUG] Upload terrain diff complete. (Entity: 2)
2017-09-29 16:15:20.3718 [DEBUG] Upload terrain diff. (Type: 1, Size: 241, Entity: 2)
2017-09-29 16:15:20.3723 [DEBUG] Upload terrain diff complete. (Entity: 2)
2017-09-29 16:15:20.4856 [DEBUG] Upload terrain diff. (Type: 1, Size: 168, Entity: 2)
2017-09-29 16:15:20.4856 [DEBUG] Upload terrain diff complete. (Entity: 2)
2017-09-29 16:15:46.1236 [DEBUG] Upload terrain diff. (Type: 0, Size: 3368, Entity: 2)
2017-09-29 16:15:46.1246 [DEBUG] Upload terrain diff complete. (Entity: 2)
2017-09-29 16:15:46.7456 [DEBUG] Upload terrain diff. (Type: 0, Size: 2960, Entity: 2)
2017-09-29 16:15:46.7461 [DEBUG] Upload terrain diff complete. (Entity: 2)
2017-09-29 16:15:46.8569 [DEBUG] Upload terrain diff. (Type: 0, Size: 3140, Entity: 2)
2017-09-29 16:15:46.8579 [DEBUG] Upload terrain diff complete. (Entity: 2)
2017-09-29 16:15:47.1633 [DEBUG] Upload terrain diff. (Type: 0, Size: 3540, Entity: 2)
2017-09-29 16:15:47.1638 [DEBUG] Upload terrain diff complete. (Entity: 2)
2017-09-29 16:15:47.2751 [DEBUG] Upload terrain diff. (Type: 0, Size: 3424, Entity: 2)
2017-09-29 16:15:47.2761 [DEBUG] Upload terrain diff complete. (Entity: 2)
2017-09-29 16:15:47.6806 [DEBUG] Upload terrain diff. (Type: 0, Size: 3192, Entity: 2)
2017-09-29 16:15:47.6811 [DEBUG] Upload terrain diff complete. (Entity: 2)
2017-09-29 16:15:48.0857 [DEBUG] Upload terrain diff. (Type: 0, Size: 2960, Entity: 2)
2017-09-29 16:15:48.0867 [DEBUG] Upload terrain diff complete. (Entity: 2)
2017-09-29 16:15:48.7209 [DEBUG] Upload terrain diff. (Type: 0, Size: 2960, Entity: 2)
2017-09-29 16:15:48.7219 [DEBUG] Upload terrain diff complete. (Entity: 2)
2017-09-29 16:15:49.1371 [DEBUG] Upload terrain diff. (Type: 0, Size: 2960, Entity: 2)
2017-09-29 16:15:49.1386 [DEBUG] Upload terrain diff complete. (Entity: 2)
2017-09-29 16:15:50.4935 [DEBUG] Upload terrain diff. (Type: 0, Size: 2948, Entity: 2)
2017-09-29 16:15:50.4940 [DEBUG] Upload terrain diff complete. (Entity: 2)
2017-09-29 16:15:50.6173 [DEBUG] Upload terrain diff. (Type: 0, Size: 3768, Entity: 2)
2017-09-29 16:15:50.6183 [DEBUG] Upload terrain diff complete. (Entity: 2)
2017-09-29 16:15:50.7411 [DEBUG] Upload terrain diff. (Type: 0, Size: 3736, Entity: 2)
2017-09-29 16:15:50.7421 [DEBUG] Upload terrain diff complete. (Entity: 2)
2017-09-29 16:15:50.8640 [DEBUG] Upload terrain diff. (Type: 0, Size: 2988, Entity: 2)
2017-09-29 16:15:50.8645 [DEBUG] Upload terrain diff complete. (Entity: 2)
2017-09-29 16:15:50.9643 [DEBUG] Upload terrain diff. (Type: 0, Size: 1992, Entity: 2)
2017-09-29 16:15:50.9648 [DEBUG] Upload terrain diff complete. (Entity: 2)
2017-09-29 16:15:51.1016 [DEBUG] Upload terrain diff. (Type: 0, Size: 2264, Entity: 2)
2017-09-29 16:15:51.1021 [DEBUG] Upload terrain diff complete. (Entity: 2)
2017-09-29 16:15:51.2074 [DEBUG] Upload terrain diff. (Type: 0, Size: 1800, Entity: 2)
2017-09-29 16:15:51.2079 [DEBUG] Upload terrain diff complete. (Entity: 2)
2017-09-29 16:15:51.3287 [DEBUG] Upload terrain diff. (Type: 0, Size: 420, Entity: 2)
2017-09-29 16:15:51.3287 [DEBUG] Upload terrain diff complete. (Entity: 2)
2017-09-29 16:15:51.4738 [DEBUG] Upload terrain diff. (Type: 0, Size: 96, Entity: 2)
2017-09-29 16:15:51.4743 [DEBUG] Upload terrain diff complete. (Entity: 2)
2017-09-29 16:15:51.4743 [DEBUG] Upload terrain diff. (Type: 0, Size: 2084, Entity: 2)
2017-09-29 16:15:51.4748 [DEBUG] Upload terrain diff complete. (Entity: 2)
2017-09-29 16:15:51.5907 [DEBUG] Upload terrain diff. (Type: 0, Size: 1188, Entity: 2)
2017-09-29 16:15:51.5912 [DEBUG] Upload terrain diff complete. (Entity: 2)
2017-09-29 16:15:51.7148 [DEBUG] Upload terrain diff. (Type: 0, Size: 1476, Entity: 2)
2017-09-29 16:15:51.7153 [DEBUG] Upload terrain diff complete. (Entity: 2)
2017-09-29 16:15:51.8248 [DEBUG] Upload terrain diff. (Type: 0, Size: 212, Entity: 2)
2017-09-29 16:15:51.8253 [DEBUG] Upload terrain diff complete. (Entity: 2)
2017-09-29 16:15:51.9547 [DEBUG] Upload terrain diff. (Type: 0, Size: 636, Entity: 2)
2017-09-29 16:15:51.9552 [DEBUG] Upload terrain diff complete. (Entity: 2)
2017-09-29 16:15:52.0718 [DEBUG] Upload terrain diff. (Type: 0, Size: 416, Entity: 2)
2017-09-29 16:15:52.0718 [DEBUG] Upload terrain diff complete. (Entity: 2)
2017-09-29 16:15:52.1881 [DEBUG] Upload terrain diff. (Type: 0, Size: 1300, Entity: 2)
2017-09-29 16:15:52.1881 [DEBUG] Upload terrain diff complete. (Entity: 2)
2017-09-29 16:15:52.3184 [DEBUG] Upload terrain diff. (Type: 0, Size: 916, Entity: 2)
2017-09-29 16:15:52.3189 [DEBUG] Upload terrain diff complete. (Entity: 2)
2017-09-29 16:15:52.4307 [DEBUG] Upload terrain diff. (Type: 0, Size: 812, Entity: 2)
2017-09-29 16:15:52.4312 [DEBUG] Upload terrain diff complete. (Entity: 2)
2017-09-29 16:15:52.5651 [DEBUG] Upload terrain diff. (Type: 0, Size: 320, Entity: 2)
2017-09-29 16:15:52.5651 [DEBUG] Upload terrain diff complete. (Entity: 2)
2017-09-29 16:15:52.6714 [DEBUG] Upload terrain diff. (Type: 0, Size: 112, Entity: 2)
2017-09-29 16:15:52.6714 [DEBUG] Upload terrain diff complete. (Entity: 2)
2017-09-29 16:15:53.1307 [DEBUG] Upload terrain diff. (Type: 0, Size: 340, Entity: 2)
2017-09-29 16:15:53.1312 [DEBUG] Upload terrain diff complete. (Entity: 2)
2017-09-29 16:15:53.4727 [DEBUG] Upload terrain diff. (Type: 0, Size: 240, Entity: 2)
2017-09-29 16:15:53.4732 [DEBUG] Upload terrain diff complete. (Entity: 2)
2017-09-29 16:15:53.5920 [DEBUG] Upload terrain diff. (Type: 0, Size: 244, Entity: 2)
2017-09-29 16:15:53.5920 [DEBUG] Upload terrain diff complete. (Entity: 2)
2017-09-29 16:15:55.3378 [DEBUG] Upload terrain diff. (Type: 0, Size: 3664, Entity: 2)
2017-09-29 16:15:55.3388 [DEBUG] Upload terrain diff complete. (Entity: 2)
2017-09-29 16:15:55.4502 [DEBUG] Upload terrain diff. (Type: 0, Size: 4360, Entity: 2)
2017-09-29 16:15:55.4512 [DEBUG] Upload terrain diff complete. (Entity: 2)
2017-09-29 16:15:55.5625 [DEBUG] Upload terrain diff. (Type: 0, Size: 4508, Entity: 2)
2017-09-29 16:15:55.5640 [DEBUG] Upload terrain diff complete. (Entity: 2)
2017-09-29 16:15:55.6881 [DEBUG] Upload terrain diff. (Type: 0, Size: 3996, Entity: 2)
2017-09-29 16:15:55.6891 [DEBUG] Upload terrain diff complete. (Entity: 2)
2017-09-29 16:15:55.8038 [DEBUG] Upload terrain diff. (Type: 0, Size: 3424, Entity: 2)
2017-09-29 16:15:55.8048 [DEBUG] Upload terrain diff complete. (Entity: 2)
2017-09-29 16:15:55.9184 [DEBUG] Upload terrain diff. (Type: 0, Size: 4064, Entity: 2)
2017-09-29 16:15:55.9194 [DEBUG] Upload terrain diff complete. (Entity: 2)
2017-09-29 16:15:56.0357 [DEBUG] Upload terrain diff. (Type: 0, Size: 3960, Entity: 2)
2017-09-29 16:15:56.0367 [DEBUG] Upload terrain diff complete. (Entity: 2)
2017-09-29 16:15:56.1796 [DEBUG] Upload terrain diff. (Type: 0, Size: 3376, Entity: 2)
2017-09-29 16:15:56.1806 [DEBUG] Upload terrain diff complete. (Entity: 2)
2017-09-29 16:15:56.2769 [DEBUG] Upload terrain diff. (Type: 0, Size: 3740, Entity: 2)
2017-09-29 16:15:56.2774 [DEBUG] Upload terrain diff complete. (Entity: 2)
2017-09-29 16:15:56.3922 [DEBUG] Upload terrain diff. (Type: 0, Size: 4040, Entity: 2)
2017-09-29 16:15:56.3932 [DEBUG] Upload terrain diff complete. (Entity: 2)
2017-09-29 16:15:56.5190 [DEBUG] Upload terrain diff. (Type: 0, Size: 3992, Entity: 2)
2017-09-29 16:15:56.5200 [DEBUG] Upload terrain diff complete. (Entity: 2)
2017-09-29 16:15:56.6524 [DEBUG] Upload terrain diff. (Type: 0, Size: 4092, Entity: 2)
2017-09-29 16:15:56.6534 [DEBUG] Upload terrain diff complete. (Entity: 2)
2017-09-29 16:15:56.7652 [DEBUG] Upload terrain diff. (Type: 0, Size: 4004, Entity: 2)
2017-09-29 16:15:56.7662 [DEBUG] Upload terrain diff complete. (Entity: 2)
2017-09-29 16:15:56.8805 [DEBUG] Upload terrain diff. (Type: 0, Size: 4076, Entity: 2)
2017-09-29 16:15:56.8815 [DEBUG] Upload terrain diff complete. (Entity: 2)
2017-09-29 16:15:57.0134 [DEBUG] Upload terrain diff. (Type: 0, Size: 3644, Entity: 2)
2017-09-29 16:15:57.0144 [DEBUG] Upload terrain diff complete. (Entity: 2)
2017-09-29 16:15:57.0144 [DEBUG] Upload terrain diff. (Type: 0, Size: 3640, Entity: 2)
2017-09-29 16:15:57.0149 [DEBUG] Upload terrain diff complete. (Entity: 2)
2017-09-29 16:15:57.1266 [DEBUG] Upload terrain diff. (Type: 0, Size: 3420, Entity: 2)
2017-09-29 16:15:57.1271 [DEBUG] Upload terrain diff complete. (Entity: 2)
2017-09-29 16:15:57.2327 [DEBUG] Upload terrain diff. (Type: 0, Size: 2960, Entity: 2)
2017-09-29 16:15:57.2338 [DEBUG] Upload terrain diff complete. (Entity: 2)
2017-09-29 16:15:57.6582 [DEBUG] Upload terrain diff. (Type: 0, Size: 3140, Entity: 2)
2017-09-29 16:15:57.6592 [DEBUG] Upload terrain diff complete. (Entity: 2)
2017-09-29 16:15:57.7845 [DEBUG] Upload terrain diff. (Type: 0, Size: 3616, Entity: 2)
2017-09-29 16:15:57.7850 [DEBUG] Upload terrain diff complete. (Entity: 2)
2017-09-29 16:15:57.8998 [DEBUG] Upload terrain diff. (Type: 0, Size: 3564, Entity: 2)
2017-09-29 16:15:57.9013 [DEBUG] Upload terrain diff complete. (Entity: 2)
2017-09-29 16:15:58.0232 [DEBUG] Upload terrain diff. (Type: 0, Size: 3868, Entity: 2)
2017-09-29 16:15:58.0242 [DEBUG] Upload terrain diff complete. (Entity: 2)
2017-09-29 16:15:58.1475 [DEBUG] Upload terrain diff. (Type: 0, Size: 3772, Entity: 2)
2017-09-29 16:15:58.1490 [DEBUG] Upload terrain diff complete. (Entity: 2)
2017-09-29 16:15:58.2708 [DEBUG] Upload terrain diff. (Type: 0, Size: 4092, Entity: 2)
2017-09-29 16:15:58.2718 [DEBUG] Upload terrain diff complete. (Entity: 2)
2017-09-29 16:15:58.3977 [DEBUG] Upload terrain diff. (Type: 0, Size: 3468, Entity: 2)
2017-09-29 16:15:58.3987 [DEBUG] Upload terrain diff complete. (Entity: 2)
2017-09-29 16:15:58.6871 [DEBUG] Upload terrain diff. (Type: 0, Size: 3076, Entity: 2)
2017-09-29 16:15:58.6881 [DEBUG] Upload terrain diff complete. (Entity: 2)
2017-09-29 16:15:58.8159 [DEBUG] Upload terrain diff. (Type: 0, Size: 3716, Entity: 2)
2017-09-29 16:15:58.8169 [DEBUG] Upload terrain diff complete. (Entity: 2)
2017-09-29 16:15:58.9482 [DEBUG] Upload terrain diff. (Type: 0, Size: 3432, Entity: 2)
2017-09-29 16:15:58.9487 [DEBUG] Upload terrain diff complete. (Entity: 2)
2017-09-29 16:15:59.0540 [DEBUG] Upload terrain diff. (Type: 0, Size: 3452, Entity: 2)
2017-09-29 16:15:59.0550 [DEBUG] Upload terrain diff complete. (Entity: 2)
2017-09-29 16:15:59.1898 [DEBUG] Upload terrain diff. (Type: 0, Size: 3356, Entity: 2)
2017-09-29 16:15:59.1908 [DEBUG] Upload terrain diff complete. (Entity: 2)
2017-09-29 16:15:59.3111 [DEBUG] Upload terrain diff. (Type: 0, Size: 6212, Entity: 2)
2017-09-29 16:15:59.3126 [DEBUG] Upload terrain diff complete. (Entity: 2)
2017-09-29 16:15:59.4259 [DEBUG] Upload terrain diff. (Type: 0, Size: 3844, Entity: 2)
2017-09-29 16:15:59.4264 [DEBUG] Upload terrain diff complete. (Entity: 2)
2017-09-29 16:15:59.5452 [DEBUG] Upload terrain diff. (Type: 0, Size: 3628, Entity: 2)
2017-09-29 16:15:59.5462 [DEBUG] Upload terrain diff complete. (Entity: 2)
2017-09-29 16:15:59.6763 [DEBUG] Upload terrain diff. (Type: 0, Size: 4340, Entity: 2)
2017-09-29 16:15:59.6773 [DEBUG] Upload terrain diff complete. (Entity: 2)
2017-09-29 16:15:59.6773 [DEBUG] Upload terrain diff. (Type: 0, Size: 4004, Entity: 2)
2017-09-29 16:15:59.6783 [DEBUG] Upload terrain diff complete. (Entity: 2)
2017-09-29 16:16:00.0187 [DEBUG] Refresh token (WNhp805Oeaj9AazrRLQwHDBiGgxA1izt89a1slfPah9QXC0QqS3CWM8cuYof3uB9doLgYly9pii72r0DITQYhpHXknKcBfq4PNu9KPEPWlZaxejSO9yRRHrQdaneupiGMq7NF0NnelgHXaNcgFtaQ8eyhHffdodLAceTm5Rm1oC2WBfhXaPX3xbMhu199iiObTfGXE80EnLuJQCznfOPyCTeeCWmbyK0Ill3gp3kylTdu04ICIU0lE4zoNW4hiK) error: {"err":"Error getting response stream (ReadDone2): ReceiveFailure"}
2017-09-29 16:16:00.1290 [DEBUG] Upload terrain diff. (Type: 0, Size: 5852, Entity: 2)
2017-09-29 16:16:00.1300 [DEBUG] Upload terrain diff complete. (Entity: 2)
2017-09-29 16:16:00.2563 [DEBUG] Upload terrain diff. (Type: 0, Size: 3612, Entity: 2)
2017-09-29 16:16:00.2583 [DEBUG] Upload terrain diff complete. (Entity: 2)
2017-09-29 16:16:00.4112 [DEBUG] Upload terrain diff. (Type: 0, Size: 4140, Entity: 2)
2017-09-29 16:16:00.4122 [DEBUG] Upload terrain diff complete. (Entity: 2)
2017-09-29 16:16:00.5436 [DEBUG] Upload terrain diff. (Type: 0, Size: 4720, Entity: 2)
2017-09-29 16:16:00.5451 [DEBUG] Upload terrain diff complete. (Entity: 2)
2017-09-29 16:16:00.6609 [DEBUG] Upload terrain diff. (Type: 0, Size: 3748, Entity: 2)
2017-09-29 16:16:00.6619 [DEBUG] Upload terrain diff complete. (Entity: 2)
2017-09-29 16:16:00.9798 [DEBUG] Upload terrain diff. (Type: 0, Size: 3744, Entity: 2)
2017-09-29 16:16:00.9809 [DEBUG] Upload terrain diff complete. (Entity: 2)
2017-09-29 16:16:01.1517 [DEBUG] Upload terrain diff. (Type: 0, Size: 4112, Entity: 2)
2017-09-29 16:16:01.1527 [DEBUG] Upload terrain diff complete. (Entity: 2)
2017-09-29 16:16:01.2439 [DEBUG] Upload terrain diff. (Type: 0, Size: 5292, Entity: 2)
2017-09-29 16:16:01.2454 [DEBUG] Upload terrain diff complete. (Entity: 2)
2017-09-29 16:16:01.4024 [DEBUG] Upload terrain diff. (Type: 0, Size: 4812, Entity: 2)
2017-09-29 16:16:01.4040 [DEBUG] Upload terrain diff complete. (Entity: 2)
2017-09-29 16:16:01.5308 [DEBUG] Upload terrain diff. (Type: 0, Size: 3676, Entity: 2)
2017-09-29 16:16:01.5318 [DEBUG] Upload terrain diff complete. (Entity: 2)
2017-09-29 16:16:01.6336 [DEBUG] Upload terrain diff. (Type: 0, Size: 2960, Entity: 2)
2017-09-29 16:16:01.6346 [DEBUG] Upload terrain diff complete. (Entity: 2)
2017-09-29 16:16:01.8863 [DEBUG] Upload terrain diff. (Type: 0, Size: 6016, Entity: 2)
2017-09-29 16:16:01.8878 [DEBUG] Upload terrain diff complete. (Entity: 2)
2017-09-29 16:16:02.0362 [DEBUG] Upload terrain diff. (Type: 0, Size: 3380, Entity: 2)
2017-09-29 16:16:02.0367 [DEBUG] Upload terrain diff complete. (Entity: 2)
2017-09-29 16:16:02.1725 [DEBUG] Upload terrain diff. (Type: 0, Size: 3844, Entity: 2)
2017-09-29 16:16:02.1735 [DEBUG] Upload terrain diff complete. (Entity: 2)
2017-09-29 16:16:02.2944 [DEBUG] Upload terrain diff. (Type: 0, Size: 6544, Entity: 2)
2017-09-29 16:16:02.2959 [DEBUG] Upload terrain diff complete. (Entity: 2)
2017-09-29 16:16:02.4543 [DEBUG] Upload terrain diff. (Type: 0, Size: 4200, Entity: 2)
2017-09-29 16:16:02.4553 [DEBUG] Upload terrain diff complete. (Entity: 2)
2017-09-29 16:16:02.5555 [DEBUG] Upload terrain diff. (Type: 0, Size: 2960, Entity: 2)
2017-09-29 16:16:02.5560 [DEBUG] Upload terrain diff complete. (Entity: 2)
2017-09-29 16:16:02.8227 [DEBUG] Upload terrain diff. (Type: 0, Size: 4140, Entity: 2)
2017-09-29 16:16:02.8237 [DEBUG] Upload terrain diff complete. (Entity: 2)
2017-09-29 16:16:02.9716 [DEBUG] Upload terrain diff. (Type: 0, Size: 3168, Entity: 2)
2017-09-29 16:16:02.9726 [DEBUG] Upload terrain diff complete. (Entity: 2)
2017-09-29 16:16:03.1195 [DEBUG] Upload terrain diff. (Type: 0, Size: 3588, Entity: 2)
2017-09-29 16:16:03.1205 [DEBUG] Upload terrain diff complete. (Entity: 2)
2017-09-29 16:16:03.2223 [DEBUG] Upload terrain diff. (Type: 0, Size: 3236, Entity: 2)
2017-09-29 16:16:03.2233 [DEBUG] Upload terrain diff complete. (Entity: 2)
2017-09-29 16:16:03.5075 [DEBUG] Upload terrain diff. (Type: 0, Size: 3676, Entity: 2)
2017-09-29 16:16:03.5085 [DEBUG] Upload terrain diff complete. (Entity: 2)
2017-09-29 16:16:03.6705 [DEBUG] Upload terrain diff. (Type: 0, Size: 3976, Entity: 2)
2017-09-29 16:16:03.6715 [DEBUG] Upload terrain diff complete. (Entity: 2)
2017-09-29 16:16:03.7707 [DEBUG] Upload terrain diff. (Type: 0, Size: 2960, Entity: 2)
2017-09-29 16:16:03.7712 [DEBUG] Upload terrain diff complete. (Entity: 2)
2017-09-29 16:16:04.6425 [DEBUG] Upload terrain diff. (Type: 0, Size: 2880, Entity: 2)
2017-09-29 16:16:04.6430 [DEBUG] Upload terrain diff complete. (Entity: 2)
2017-09-29 16:16:04.7794 [DEBUG] Upload terrain diff. (Type: 0, Size: 3576, Entity: 2)
2017-09-29 16:16:04.7804 [DEBUG] Upload terrain diff complete. (Entity: 2)
2017-09-29 16:16:04.9178 [DEBUG] Upload terrain diff. (Type: 0, Size: 3192, Entity: 2)
2017-09-29 16:16:04.9183 [DEBUG] Upload terrain diff complete. (Entity: 2)
2017-09-29 16:16:05.0341 [DEBUG] Upload terrain diff. (Type: 0, Size: 3720, Entity: 2)
2017-09-29 16:16:05.0351 [DEBUG] Upload terrain diff complete. (Entity: 2)
2017-09-29 16:16:05.6385 [DEBUG] Upload terrain diff. (Type: 0, Size: 2088, Entity: 2)
2017-09-29 16:16:05.6395 [DEBUG] Upload terrain diff complete. (Entity: 2)
2017-09-29 16:16:05.7713 [DEBUG] Upload terrain diff. (Type: 0, Size: 3232, Entity: 2)
2017-09-29 16:16:05.7718 [DEBUG] Upload terrain diff complete. (Entity: 2)
2017-09-29 16:16:05.9247 [DEBUG] Upload terrain diff. (Type: 0, Size: 2960, Entity: 2)
2017-09-29 16:16:05.9252 [DEBUG] Upload terrain diff complete. (Entity: 2)
2017-09-29 16:16:06.0616 [DEBUG] Upload terrain diff. (Type: 0, Size: 4220, Entity: 2)
2017-09-29 16:16:06.0626 [DEBUG] Upload terrain diff complete. (Entity: 2)
2017-09-29 16:16:06.2366 [DEBUG] Upload terrain diff. (Type: 0, Size: 3888, Entity: 2)
2017-09-29 16:16:06.2376 [DEBUG] Upload terrain diff complete. (Entity: 2)
2017-09-29 16:16:06.3699 [DEBUG] Upload terrain diff. (Type: 0, Size: 3888, Entity: 2)
2017-09-29 16:16:06.3709 [DEBUG] Upload terrain diff complete. (Entity: 2)
2017-09-29 16:16:06.4842 [DEBUG] Upload terrain diff. (Type: 0, Size: 3244, Entity: 2)
2017-09-29 16:16:06.4847 [DEBUG] Upload terrain diff complete. (Entity: 2)
2017-09-29 16:16:06.7625 [DEBUG] Upload terrain diff. (Type: 0, Size: 6364, Entity: 2)
2017-09-29 16:16:06.7640 [DEBUG] Upload terrain diff complete. (Entity: 2)
2017-09-29 16:16:06.9262 [DEBUG] Upload terrain diff. (Type: 0, Size: 3868, Entity: 2)
2017-09-29 16:16:06.9272 [DEBUG] Upload terrain diff complete. (Entity: 2)
2017-09-29 16:16:07.0555 [DEBUG] Upload terrain diff. (Type: 0, Size: 5348, Entity: 2)
2017-09-29 16:16:07.0565 [DEBUG] Upload terrain diff complete. (Entity: 2)
2017-09-29 16:16:07.1839 [DEBUG] Upload terrain diff. (Type: 0, Size: 3628, Entity: 2)
2017-09-29 16:16:07.1849 [DEBUG] Upload terrain diff complete. (Entity: 2)
2017-09-29 16:16:07.3919 [DEBUG] Upload terrain diff. (Type: 0, Size: 4172, Entity: 2)
2017-09-29 16:16:07.3929 [DEBUG] Upload terrain diff complete. (Entity: 2)
2017-09-29 16:16:07.5328 [DEBUG] Upload terrain diff. (Type: 0, Size: 3924, Entity: 2)
2017-09-29 16:16:07.5338 [DEBUG] Upload terrain diff complete. (Entity: 2)
2017-09-29 16:16:07.6812 [DEBUG] Upload terrain diff. (Type: 0, Size: 5572, Entity: 2)
2017-09-29 16:16:07.6827 [DEBUG] Upload terrain diff complete. (Entity: 2)
2017-09-29 16:16:07.7860 [DEBUG] Upload terrain diff. (Type: 0, Size: 2960, Entity: 2)
2017-09-29 16:16:07.7865 [DEBUG] Upload terrain diff complete. (Entity: 2)
2017-09-29 16:16:08.0136 [DEBUG] Upload terrain diff. (Type: 0, Size: 3840, Entity: 2)
2017-09-29 16:16:08.0146 [DEBUG] Upload terrain diff complete. (Entity: 2)
2017-09-29 16:16:08.1564 [DEBUG] Upload terrain diff. (Type: 0, Size: 4168, Entity: 2)
2017-09-29 16:16:08.1575 [DEBUG] Upload terrain diff complete. (Entity: 2)
2017-09-29 16:16:08.3414 [DEBUG] Upload terrain diff. (Type: 0, Size: 4448, Entity: 2)
2017-09-29 16:16:08.3424 [DEBUG] Upload terrain diff complete. (Entity: 2)
2017-09-29 16:16:08.4774 [DEBUG] Upload terrain diff. (Type: 0, Size: 3928, Entity: 2)
2017-09-29 16:16:08.4784 [DEBUG] Upload terrain diff complete. (Entity: 2)
2017-09-29 16:16:08.5955 [DEBUG] Upload terrain diff. (Type: 0, Size: 3424, Entity: 2)
2017-09-29 16:16:08.5965 [DEBUG] Upload terrain diff complete. (Entity: 2)
2017-09-29 16:16:08.9000 [DEBUG] Upload terrain diff. (Type: 0, Size: 2960, Entity: 2)
2017-09-29 16:16:08.9006 [DEBUG] Upload terrain diff complete. (Entity: 2)
2017-09-29 16:16:09.0391 [DEBUG] Upload terrain diff. (Type: 0, Size: 3932, Entity: 2)
2017-09-29 16:16:09.0396 [DEBUG] Upload terrain diff complete. (Entity: 2)
2017-09-29 16:16:09.1965 [DEBUG] Upload terrain diff. (Type: 0, Size: 5536, Entity: 2)
2017-09-29 16:16:09.1980 [DEBUG] Upload terrain diff complete. (Entity: 2)
2017-09-29 16:16:09.3484 [DEBUG] Upload terrain diff. (Type: 0, Size: 2960, Entity: 2)
2017-09-29 16:16:09.3489 [DEBUG] Upload terrain diff complete. (Entity: 2)
2017-09-29 16:16:09.5134 [DEBUG] Upload terrain diff. (Type: 0, Size: 3320, Entity: 2)
2017-09-29 16:16:09.5144 [DEBUG] Upload terrain diff complete. (Entity: 2)
2017-09-29 16:16:09.6773 [DEBUG] Upload terrain diff. (Type: 0, Size: 4108, Entity: 2)
2017-09-29 16:16:09.6783 [DEBUG] Upload terrain diff complete. (Entity: 2)
2017-09-29 16:16:09.8372 [DEBUG] Upload terrain diff. (Type: 0, Size: 3720, Entity: 2)
2017-09-29 16:16:09.8382 [DEBUG] Upload terrain diff complete. (Entity: 2)
2017-09-29 16:16:09.8382 [DEBUG] Upload terrain diff. (Type: 0, Size: 3600, Entity: 2)
2017-09-29 16:16:09.8392 [DEBUG] Upload terrain diff complete. (Entity: 2)
2017-09-29 16:16:09.9756 [DEBUG] Upload terrain diff. (Type: 0, Size: 3568, Entity: 2)
2017-09-29 16:16:09.9766 [DEBUG] Upload terrain diff complete. (Entity: 2)
2017-09-29 16:16:10.1300 [DEBUG] Upload terrain diff. (Type: 0, Size: 3344, Entity: 2)
2017-09-29 16:16:10.1310 [DEBUG] Upload terrain diff complete. (Entity: 2)
2017-09-29 16:16:10.9146 [DEBUG] Upload terrain diff. (Type: 0, Size: 3568, Entity: 2)
2017-09-29 16:16:10.9156 [DEBUG] Upload terrain diff complete. (Entity: 2)
2017-09-29 16:16:11.0801 [DEBUG] Upload terrain diff. (Type: 0, Size: 3480, Entity: 2)
2017-09-29 16:16:11.0811 [DEBUG] Upload terrain diff complete. (Entity: 2)
2017-09-29 16:16:11.2405 [DEBUG] Upload terrain diff. (Type: 0, Size: 3424, Entity: 2)
2017-09-29 16:16:11.2410 [DEBUG] Upload terrain diff complete. (Entity: 2)
2017-09-29 16:16:11.2410 [DEBUG] Upload terrain diff. (Type: 0, Size: 3900, Entity: 2)
2017-09-29 16:16:11.2420 [DEBUG] Upload terrain diff complete. (Entity: 2)
2017-09-29 16:16:11.4060 [DEBUG] Upload terrain diff. (Type: 0, Size: 3236, Entity: 2)
2017-09-29 16:16:11.4070 [DEBUG] Upload terrain diff complete. (Entity: 2)
2017-09-29 16:16:11.5012 [DEBUG] Upload terrain diff. (Type: 0, Size: 2960, Entity: 2)
2017-09-29 16:16:11.5017 [DEBUG] Upload terrain diff complete. (Entity: 2)
2017-09-29 16:16:11.7218 [DEBUG] Upload terrain diff. (Type: 0, Size: 4452, Entity: 2)
2017-09-29 16:16:11.7233 [DEBUG] Upload terrain diff complete. (Entity: 2)
2017-09-29 16:16:11.8893 [DEBUG] Upload terrain diff. (Type: 0, Size: 3568, Entity: 2)
2017-09-29 16:16:11.8903 [DEBUG] Upload terrain diff complete. (Entity: 2)
2017-09-29 16:16:12.0602 [DEBUG] Upload terrain diff. (Type: 0, Size: 4768, Entity: 2)
2017-09-29 16:16:12.0612 [DEBUG] Upload terrain diff complete. (Entity: 2)
2017-09-29 16:16:12.0612 [DEBUG] Upload terrain diff. (Type: 0, Size: 2960, Entity: 2)
2017-09-29 16:16:12.0622 [DEBUG] Upload terrain diff complete. (Entity: 2)
2017-09-29 16:16:12.3058 [DEBUG] Upload terrain diff. (Type: 0, Size: 3568, Entity: 2)
2017-09-29 16:16:12.3068 [DEBUG] Upload terrain diff complete. (Entity: 2)
2017-09-29 16:16:12.4597 [DEBUG] Upload terrain diff. (Type: 0, Size: 3408, Entity: 2)
2017-09-29 16:16:12.4602 [DEBUG] Upload terrain diff complete. (Entity: 2)
2017-09-29 16:16:12.7787 [DEBUG] Upload terrain diff. (Type: 0, Size: 4108, Entity: 2)
2017-09-29 16:16:12.7797 [DEBUG] Upload terrain diff complete. (Entity: 2)
2017-09-29 16:16:12.9557 [DEBUG] Upload terrain diff. (Type: 0, Size: 3680, Entity: 2)
2017-09-29 16:16:12.9572 [DEBUG] Upload terrain diff complete. (Entity: 2)
2017-09-29 16:16:13.1302 [DEBUG] Upload terrain diff. (Type: 0, Size: 3792, Entity: 2)
2017-09-29 16:16:13.1312 [DEBUG] Upload terrain diff complete. (Entity: 2)
2017-09-29 16:16:13.1312 [DEBUG] Upload terrain diff. (Type: 0, Size: 2960, Entity: 2)
2017-09-29 16:16:13.1317 [DEBUG] Upload terrain diff complete. (Entity: 2)
2017-09-29 16:16:13.3593 [DEBUG] Upload terrain diff. (Type: 0, Size: 3344, Entity: 2)
2017-09-29 16:16:13.3598 [DEBUG] Upload terrain diff complete. (Entity: 2)
2017-09-29 16:16:13.5413 [DEBUG] Upload terrain diff. (Type: 0, Size: 4112, Entity: 2)
2017-09-29 16:16:13.5423 [DEBUG] Upload terrain diff complete. (Entity: 2)
2017-09-29 16:16:13.6606 [DEBUG] Upload terrain diff. (Type: 0, Size: 4780, Entity: 2)
2017-09-29 16:16:13.6616 [DEBUG] Upload terrain diff complete. (Entity: 2)
2017-09-29 16:16:13.8338 [DEBUG] Upload terrain diff. (Type: 0, Size: 4104, Entity: 2)
2017-09-29 16:16:13.8348 [DEBUG] Upload terrain diff complete. (Entity: 2)
2017-09-29 16:16:14.0417 [DEBUG] Upload terrain diff. (Type: 0, Size: 2960, Entity: 2)
2017-09-29 16:16:14.0422 [DEBUG] Upload terrain diff complete. (Entity: 2)
2017-09-29 16:16:14.2076 [DEBUG] Upload terrain diff. (Type: 0, Size: 3980, Entity: 2)
2017-09-29 16:16:14.2086 [DEBUG] Upload terrain diff complete. (Entity: 2)
2017-09-29 16:16:14.3721 [DEBUG] Upload terrain diff. (Type: 0, Size: 3792, Entity: 2)
2017-09-29 16:16:14.3731 [DEBUG] Upload terrain diff complete. (Entity: 2)
2017-09-29 16:16:14.3731 [DEBUG] Upload terrain diff. (Type: 0, Size: 3596, Entity: 2)
2017-09-29 16:16:14.3736 [DEBUG] Upload terrain diff complete. (Entity: 2)
2017-09-29 16:16:14.4854 [DEBUG] Upload terrain diff. (Type: 0, Size: 3596, Entity: 2)
2017-09-29 16:16:14.4859 [DEBUG] Upload terrain diff complete. (Entity: 2)
2017-09-29 16:16:14.6583 [DEBUG] Upload terrain diff. (Type: 0, Size: 3252, Entity: 2)
2017-09-29 16:16:14.6593 [DEBUG] Upload terrain diff complete. (Entity: 2)
2017-09-29 16:16:14.8172 [DEBUG] Upload terrain diff. (Type: 0, Size: 2960, Entity: 2)
2017-09-29 16:16:14.8182 [DEBUG] Upload terrain diff complete. (Entity: 2)
2017-09-29 16:16:15.0007 [DEBUG] Upload terrain diff. (Type: 0, Size: 3892, Entity: 2)
2017-09-29 16:16:15.0017 [DEBUG] Upload terrain diff complete. (Entity: 2)
2017-09-29 16:16:15.1872 [DEBUG] Upload terrain diff. (Type: 0, Size: 3504, Entity: 2)
2017-09-29 16:16:15.1882 [DEBUG] Upload terrain diff complete. (Entity: 2)
2017-09-29 16:16:15.1882 [DEBUG] Upload terrain diff. (Type: 0, Size: 3568, Entity: 2)
2017-09-29 16:16:15.1892 [DEBUG] Upload terrain diff complete. (Entity: 2)
2017-09-29 16:16:15.3111 [DEBUG] Upload terrain diff. (Type: 0, Size: 3252, Entity: 2)
2017-09-29 16:16:15.3116 [DEBUG] Upload terrain diff complete. (Entity: 2)
2017-09-29 16:16:15.4795 [DEBUG] Upload terrain diff. (Type: 0, Size: 2960, Entity: 2)
2017-09-29 16:16:15.4810 [DEBUG] Upload terrain diff complete. (Entity: 2)
2017-09-29 16:16:15.6575 [DEBUG] Upload terrain diff. (Type: 0, Size: 2960, Entity: 2)
2017-09-29 16:16:15.6590 [DEBUG] Upload terrain diff complete. (Entity: 2)
2017-09-29 16:16:15.8233 [DEBUG] Upload terrain diff. (Type: 0, Size: 5136, Entity: 2)
2017-09-29 16:16:15.8248 [DEBUG] Upload terrain diff complete. (Entity: 2)
2017-09-29 16:16:17.5003 [DEBUG] Upload terrain diff. (Type: 0, Size: 2960, Entity: 2)
2017-09-29 16:16:17.5008 [DEBUG] Upload terrain diff complete. (Entity: 2)
2017-09-29 16:16:17.6041 [DEBUG] Upload terrain diff. (Type: 0, Size: 3472, Entity: 2)
2017-09-29 16:16:17.6046 [DEBUG] Upload terrain diff complete. (Entity: 2)
2017-09-29 16:16:17.7274 [DEBUG] Upload terrain diff. (Type: 0, Size: 3576, Entity: 2)
2017-09-29 16:16:17.7279 [DEBUG] Upload terrain diff complete. (Entity: 2)
2017-09-29 16:16:17.8372 [DEBUG] Upload terrain diff. (Type: 0, Size: 3616, Entity: 2)
2017-09-29 16:16:17.8382 [DEBUG] Upload terrain diff complete. (Entity: 2)
2017-09-29 16:16:18.0322 [DEBUG] Upload terrain diff. (Type: 0, Size: 6548, Entity: 2)
2017-09-29 16:16:18.0337 [DEBUG] Upload terrain diff complete. (Entity: 2)
2017-09-29 16:16:18.1383 [DEBUG] Upload terrain diff. (Type: 0, Size: 2960, Entity: 2)
2017-09-29 16:16:18.1388 [DEBUG] Upload terrain diff complete. (Entity: 2)
2017-09-29 16:16:18.2726 [DEBUG] Upload terrain diff. (Type: 0, Size: 6048, Entity: 2)
2017-09-29 16:16:18.2736 [DEBUG] Upload terrain diff complete. (Entity: 2)
2017-09-29 16:16:18.4102 [DEBUG] Upload terrain diff. (Type: 0, Size: 3496, Entity: 2)
2017-09-29 16:16:18.4112 [DEBUG] Upload terrain diff complete. (Entity: 2)
2017-09-29 16:16:18.5225 [DEBUG] Upload terrain diff. (Type: 0, Size: 3996, Entity: 2)
2017-09-29 16:16:18.5235 [DEBUG] Upload terrain diff complete. (Entity: 2)
2017-09-29 16:16:18.6633 [DEBUG] Upload terrain diff. (Type: 0, Size: 4052, Entity: 2)
2017-09-29 16:16:18.6643 [DEBUG] Upload terrain diff complete. (Entity: 2)
2017-09-29 16:16:18.7826 [DEBUG] Upload terrain diff. (Type: 0, Size: 3912, Entity: 2)
2017-09-29 16:16:18.7837 [DEBUG] Upload terrain diff complete. (Entity: 2)
2017-09-29 16:16:18.9085 [DEBUG] Upload terrain diff. (Type: 0, Size: 3544, Entity: 2)
2017-09-29 16:16:18.9095 [DEBUG] Upload terrain diff complete. (Entity: 2)
2017-09-29 16:16:19.0047 [DEBUG] Upload terrain diff. (Type: 0, Size: 3140, Entity: 2)
2017-09-29 16:16:19.0057 [DEBUG] Upload terrain diff complete. (Entity: 2)
2017-09-29 16:16:19.2411 [DEBUG] Upload terrain diff. (Type: 0, Size: 3988, Entity: 2)
2017-09-29 16:16:19.2421 [DEBUG] Upload terrain diff complete. (Entity: 2)
2017-09-29 16:16:19.3589 [DEBUG] Upload terrain diff. (Type: 0, Size: 3864, Entity: 2)
2017-09-29 16:16:19.3599 [DEBUG] Upload terrain diff complete. (Entity: 2)
2017-09-29 16:16:19.4840 [DEBUG] Upload terrain diff. (Type: 0, Size: 3720, Entity: 2)
2017-09-29 16:16:19.4845 [DEBUG] Upload terrain diff complete. (Entity: 2)
2017-09-29 16:16:19.6224 [DEBUG] Upload terrain diff. (Type: 0, Size: 3852, Entity: 2)
2017-09-29 16:16:19.6229 [DEBUG] Upload terrain diff complete. (Entity: 2)
2017-09-29 16:16:19.7339 [DEBUG] Upload terrain diff. (Type: 0, Size: 3620, Entity: 2)
2017-09-29 16:16:19.7349 [DEBUG] Upload terrain diff complete. (Entity: 2)
2017-09-29 16:16:19.8432 [DEBUG] Upload terrain diff. (Type: 0, Size: 3376, Entity: 2)
2017-09-29 16:16:19.8442 [DEBUG] Upload terrain diff complete. (Entity: 2)
2017-09-29 16:16:19.9853 [DEBUG] Upload terrain diff. (Type: 0, Size: 3504, Entity: 2)
2017-09-29 16:16:19.9858 [DEBUG] Upload terrain diff complete. (Entity: 2)
2017-09-29 16:16:20.0981 [DEBUG] Upload terrain diff. (Type: 0, Size: 3608, Entity: 2)
2017-09-29 16:16:20.0991 [DEBUG] Upload terrain diff complete. (Entity: 2)
2017-09-29 16:16:20.2475 [DEBUG] Upload terrain diff. (Type: 0, Size: 3424, Entity: 2)
2017-09-29 16:16:20.2480 [DEBUG] Upload terrain diff complete. (Entity: 2)
2017-09-29 16:16:20.3709 [DEBUG] Upload terrain diff. (Type: 0, Size: 3540, Entity: 2)
2017-09-29 16:16:20.3719 [DEBUG] Upload terrain diff complete. (Entity: 2)
2017-09-29 16:16:20.4952 [DEBUG] Upload terrain diff. (Type: 0, Size: 3656, Entity: 2)
2017-09-29 16:16:20.4962 [DEBUG] Upload terrain diff complete. (Entity: 2)
2017-09-29 16:16:20.6240 [DEBUG] Upload terrain diff. (Type: 0, Size: 5920, Entity: 2)
2017-09-29 16:16:20.6255 [DEBUG] Upload terrain diff complete. (Entity: 2)
2017-09-29 16:16:20.7508 [DEBUG] Upload terrain diff. (Type: 0, Size: 3320, Entity: 2)
2017-09-29 16:16:20.7518 [DEBUG] Upload terrain diff complete. (Entity: 2)
2017-09-29 16:16:20.8812 [DEBUG] Upload terrain diff. (Type: 0, Size: 4056, Entity: 2)
2017-09-29 16:16:20.8822 [DEBUG] Upload terrain diff complete. (Entity: 2)
2017-09-29 16:16:21.0166 [DEBUG] Upload terrain diff. (Type: 0, Size: 3308, Entity: 2)
2017-09-29 16:16:21.0171 [DEBUG] Upload terrain diff complete. (Entity: 2)
2017-09-29 16:16:21.0176 [DEBUG] Upload terrain diff. (Type: 0, Size: 3472, Entity: 2)
2017-09-29 16:16:21.0181 [DEBUG] Upload terrain diff complete. (Entity: 2)
2017-09-29 16:16:21.1434 [DEBUG] Upload terrain diff. (Type: 0, Size: 3376, Entity: 2)
2017-09-29 16:16:21.1444 [DEBUG] Upload terrain diff complete. (Entity: 2)
2017-09-29 16:16:21.2702 [DEBUG] Upload terrain diff. (Type: 0, Size: 3136, Entity: 2)
2017-09-29 16:16:21.2712 [DEBUG] Upload terrain diff complete. (Entity: 2)
2017-09-29 16:16:21.4021 [DEBUG] Upload terrain diff. (Type: 0, Size: 3576, Entity: 2)
2017-09-29 16:16:21.4026 [DEBUG] Upload terrain diff complete. (Entity: 2)
2017-09-29 16:16:21.5038 [DEBUG] Upload terrain diff. (Type: 0, Size: 3440, Entity: 2)
2017-09-29 16:16:21.5048 [DEBUG] Upload terrain diff complete. (Entity: 2)
2017-09-29 16:16:21.6402 [DEBUG] Upload terrain diff. (Type: 0, Size: 3272, Entity: 2)
2017-09-29 16:16:21.6412 [DEBUG] Upload terrain diff complete. (Entity: 2)
2017-09-29 16:16:21.7695 [DEBUG] Upload terrain diff. (Type: 0, Size: 3076, Entity: 2)
2017-09-29 16:16:21.7700 [DEBUG] Upload terrain diff complete. (Entity: 2)
2017-09-29 16:16:21.8747 [DEBUG] Upload terrain diff. (Type: 0, Size: 3236, Entity: 2)
2017-09-29 16:16:21.8757 [DEBUG] Upload terrain diff complete. (Entity: 2)
2017-09-29 16:16:21.9928 [DEBUG] Upload terrain diff. (Type: 0, Size: 3272, Entity: 2)
2017-09-29 16:16:21.9938 [DEBUG] Upload terrain diff complete. (Entity: 2)
2017-09-29 16:16:28.1531 [DEBUG] Upload terrain diff. (Type: 0, Size: 2960, Entity: 2)
2017-09-29 16:16:28.1541 [DEBUG] Upload terrain diff complete. (Entity: 2)
2017-09-29 16:16:28.2934 [DEBUG] Upload terrain diff. (Type: 0, Size: 3800, Entity: 2)
2017-09-29 16:16:28.2944 [DEBUG] Upload terrain diff complete. (Entity: 2)
2017-09-29 16:16:28.4133 [DEBUG] Upload terrain diff. (Type: 0, Size: 3620, Entity: 2)
2017-09-29 16:16:28.4143 [DEBUG] Upload terrain diff complete. (Entity: 2)
2017-09-29 16:16:28.5561 [DEBUG] Upload terrain diff. (Type: 0, Size: 3592, Entity: 2)
2017-09-29 16:16:28.5571 [DEBUG] Upload terrain diff complete. (Entity: 2)
2017-09-29 16:16:28.6739 [DEBUG] Upload terrain diff. (Type: 0, Size: 3848, Entity: 2)
2017-09-29 16:16:28.6749 [DEBUG] Upload terrain diff complete. (Entity: 2)
2017-09-29 16:16:28.8221 [DEBUG] Upload terrain diff. (Type: 0, Size: 3364, Entity: 2)
2017-09-29 16:16:28.8226 [DEBUG] Upload terrain diff complete. (Entity: 2)
2017-09-29 16:16:28.9154 [DEBUG] Upload terrain diff. (Type: 0, Size: 3252, Entity: 2)
2017-09-29 16:16:28.9164 [DEBUG] Upload terrain diff complete. (Entity: 2)
2017-09-29 16:16:29.0336 [DEBUG] Upload terrain diff. (Type: 0, Size: 2960, Entity: 2)
2017-09-29 16:16:29.0341 [DEBUG] Upload terrain diff complete. (Entity: 2)
2017-09-29 16:16:29.1695 [DEBUG] Upload terrain diff. (Type: 0, Size: 6964, Entity: 2)
2017-09-29 16:16:29.1710 [DEBUG] Upload terrain diff complete. (Entity: 2)
2017-09-29 16:16:29.1710 [DEBUG] Upload terrain diff. (Type: 0, Size: 6932, Entity: 2)
2017-09-29 16:16:29.1725 [DEBUG] Upload terrain diff complete. (Entity: 2)
2017-09-29 16:16:29.3119 [DEBUG] Upload terrain diff. (Type: 0, Size: 4732, Entity: 2)
2017-09-29 16:16:29.3129 [DEBUG] Upload terrain diff complete. (Entity: 2)
2017-09-29 16:16:29.4252 [DEBUG] Upload terrain diff. (Type: 0, Size: 6212, Entity: 2)
2017-09-29 16:16:29.4267 [DEBUG] Upload terrain diff complete. (Entity: 2)
2017-09-29 16:16:29.5725 [DEBUG] Upload terrain diff. (Type: 0, Size: 5168, Entity: 2)
2017-09-29 16:16:29.5735 [DEBUG] Upload terrain diff complete. (Entity: 2)
2017-09-29 16:16:29.7079 [DEBUG] Upload terrain diff. (Type: 0, Size: 3976, Entity: 2)
2017-09-29 16:16:29.7089 [DEBUG] Upload terrain diff complete. (Entity: 2)
2017-09-29 16:16:29.8322 [DEBUG] Upload terrain diff. (Type: 0, Size: 3192, Entity: 2)
2017-09-29 16:16:29.8327 [DEBUG] Upload terrain diff complete. (Entity: 2)
2017-09-29 16:16:29.9751 [DEBUG] Upload terrain diff. (Type: 0, Size: 3628, Entity: 2)
2017-09-29 16:16:29.9756 [DEBUG] Upload terrain diff complete. (Entity: 2)
2017-09-29 16:16:29.9756 [DEBUG] Upload terrain diff. (Type: 0, Size: 3376, Entity: 2)
2017-09-29 16:16:29.9766 [DEBUG] Upload terrain diff complete. (Entity: 2)
2017-09-29 16:16:30.0844 [DEBUG] Upload terrain diff. (Type: 0, Size: 4432, Entity: 2)
2017-09-29 16:16:30.0854 [DEBUG] Upload terrain diff complete. (Entity: 2)
2017-09-29 16:16:30.2318 [DEBUG] Upload terrain diff. (Type: 0, Size: 4176, Entity: 2)
2017-09-29 16:16:30.2328 [DEBUG] Upload terrain diff complete. (Entity: 2)
2017-09-29 16:16:30.3661 [DEBUG] Upload terrain diff. (Type: 0, Size: 4252, Entity: 2)
2017-09-29 16:16:30.3671 [DEBUG] Upload terrain diff complete. (Entity: 2)
2017-09-29 16:16:31.2762 [DEBUG] Upload terrain diff. (Type: 0, Size: 5464, Entity: 2)
2017-09-29 16:16:31.2777 [DEBUG] Upload terrain diff complete. (Entity: 2)
2017-09-29 16:16:31.4148 [DEBUG] Upload terrain diff. (Type: 0, Size: 7420, Entity: 2)
2017-09-29 16:16:31.4168 [DEBUG] Upload terrain diff complete. (Entity: 2)
2017-09-29 16:16:31.5486 [DEBUG] Upload terrain diff. (Type: 0, Size: 7504, Entity: 2)
2017-09-29 16:16:31.5501 [DEBUG] Upload terrain diff complete. (Entity: 2)
2017-09-29 16:16:31.6984 [DEBUG] Upload terrain diff. (Type: 0, Size: 3320, Entity: 2)
2017-09-29 16:16:31.6994 [DEBUG] Upload terrain diff complete. (Entity: 2)
2017-09-29 16:16:31.8378 [DEBUG] Upload terrain diff. (Type: 0, Size: 4224, Entity: 2)
2017-09-29 16:16:31.8388 [DEBUG] Upload terrain diff complete. (Entity: 2)
2017-09-29 16:16:31.8388 [DEBUG] Upload terrain diff. (Type: 0, Size: 3984, Entity: 2)
2017-09-29 16:16:31.8398 [DEBUG] Upload terrain diff complete. (Entity: 2)
2017-09-29 16:16:31.9396 [DEBUG] Upload terrain diff. (Type: 0, Size: 3968, Entity: 2)
2017-09-29 16:16:31.9406 [DEBUG] Upload terrain diff complete. (Entity: 2)
2017-09-29 16:16:32.1060 [DEBUG] Upload terrain diff. (Type: 0, Size: 6636, Entity: 2)
2017-09-29 16:16:32.1075 [DEBUG] Upload terrain diff complete. (Entity: 2)
2017-09-29 16:16:32.2103 [DEBUG] Upload terrain diff. (Type: 0, Size: 5424, Entity: 2)
2017-09-29 16:16:32.2118 [DEBUG] Upload terrain diff complete. (Entity: 2)
2017-09-29 16:16:32.3622 [DEBUG] Upload terrain diff. (Type: 0, Size: 3244, Entity: 2)
2017-09-29 16:16:32.3632 [DEBUG] Upload terrain diff complete. (Entity: 2)
2017-09-29 16:16:32.5071 [DEBUG] Upload terrain diff. (Type: 0, Size: 3076, Entity: 2)
2017-09-29 16:16:32.5081 [DEBUG] Upload terrain diff complete. (Entity: 2)
2017-09-29 16:16:32.5081 [DEBUG] Upload terrain diff. (Type: 0, Size: 3768, Entity: 2)
2017-09-29 16:16:32.5086 [DEBUG] Upload terrain diff complete. (Entity: 2)
2017-09-29 16:16:32.6418 [DEBUG] Upload terrain diff. (Type: 0, Size: 3392, Entity: 2)
2017-09-29 16:16:32.6423 [DEBUG] Upload terrain diff complete. (Entity: 2)
2017-09-29 16:16:32.7720 [DEBUG] Upload terrain diff. (Type: 0, Size: 6636, Entity: 2)
2017-09-29 16:16:32.7735 [DEBUG] Upload terrain diff complete. (Entity: 2)
2017-09-29 16:16:32.9038 [DEBUG] Upload terrain diff. (Type: 0, Size: 3368, Entity: 2)
2017-09-29 16:16:32.9043 [DEBUG] Upload terrain diff complete. (Entity: 2)
2017-09-29 16:16:33.0362 [DEBUG] Upload terrain diff. (Type: 0, Size: 3888, Entity: 2)
2017-09-29 16:16:33.0372 [DEBUG] Upload terrain diff complete. (Entity: 2)
2017-09-29 16:16:33.1514 [DEBUG] Upload terrain diff. (Type: 0, Size: 3360, Entity: 2)
2017-09-29 16:16:33.1524 [DEBUG] Upload terrain diff complete. (Entity: 2)
2017-09-29 16:16:33.3089 [DEBUG] Upload terrain diff. (Type: 0, Size: 7068, Entity: 2)
2017-09-29 16:16:33.3104 [DEBUG] Upload terrain diff complete. (Entity: 2)
2017-09-29 16:16:33.4227 [DEBUG] Upload terrain diff. (Type: 0, Size: 4328, Entity: 2)
2017-09-29 16:16:33.4237 [DEBUG] Upload terrain diff complete. (Entity: 2)
2017-09-29 16:16:33.5570 [DEBUG] Upload terrain diff. (Type: 0, Size: 3420, Entity: 2)
2017-09-29 16:16:33.5580 [DEBUG] Upload terrain diff complete. (Entity: 2)
2017-09-29 16:16:33.6778 [DEBUG] Upload terrain diff. (Type: 0, Size: 2960, Entity: 2)
2017-09-29 16:16:33.6793 [DEBUG] Upload terrain diff complete. (Entity: 2)
2017-09-29 16:16:33.7947 [DEBUG] Upload terrain diff. (Type: 0, Size: 4280, Entity: 2)
2017-09-29 16:16:33.7957 [DEBUG] Upload terrain diff complete. (Entity: 2)
2017-09-29 16:18:23.7214 [DEBUG] Disconnecting from room (43469:SceneFusion:SceneFusion)
2017-09-29 16:18:23.7274 [INFO] Disconnected from server.
2017-09-29 16:18:23.7274 [DEBUG] Disconnect. (Duration: 120)
