2017-08-25 23:06:07.7217 [DEBUG] Authenticating with server...
2017-08-25 23:06:07.9521 [DEBUG] Connected to room. (38776:SceneFusion:SceneFusion)
2017-08-25 23:06:07.9556 [INFO] Connected to server.
2017-08-25 23:06:07.9561 [DEBUG] OS : Microsoft Windows NT 10.0.15063.0
2017-08-25 23:06:07.9561 [DEBUG] Unity Version : 2017.1.0f3
2017-08-25 23:06:07.9561 [DEBUG] Pro License : False
2017-08-25 23:06:07.9561 [DEBUG] Platform : WindowsEditor
2017-08-25 23:06:07.9561 [DEBUG] Build Target : StandaloneWindows64
2017-08-25 23:06:07.9566 [DEBUG] Scene Fusion version : 1.5.2
2017-08-25 23:06:07.9566 [DEBUG] User : 
2017-08-25 23:06:08.0253 [DEBUG] Tier: Beta, Permissions: FFFFFFFF
2017-08-25 23:06:08.0253 [DEBUG] User Permissions: FFFFFFFF
2017-08-25 23:06:08.2474 [DEBUG] No stand-in for UnityEngine.CustomRenderTexture
2017-08-25 23:06:08.2474 [DEBUG] No stand-in for UnityEngine.U2D.SpriteAtlas
2017-08-25 23:06:08.2474 [DEBUG] No stand-in for UnityEngine.AI.NavMeshData
2017-08-25 23:06:08.2474 [DEBUG] No stand-in for UnityEngine.AvatarMask
2017-08-25 23:06:08.2474 [DEBUG] No stand-in for UnityEngine.Video.VideoClip
2017-08-25 23:06:08.5421 [DEBUG] Uploading scene 'WIP'
2017-08-25 23:06:08.6935 [ERROR] InvalidCastException: Cannot cast from source type to destination type.
KS.SceneFusion.Client.Editor.SSProperty.GetValue[Int32] (KS.SceneFusion.Client.Editor.Getter`1 getter)
UnityEngine.Debug:LogException(Exception)
KS.Reactor.ksLog:LogToUnity(Level, String, String, Exception, Object)
KS.Reactor.ksLog:HandleLog(String, String, String, Exception, Level, Object)
KS.Reactor.ksLog:Log(SSProperty, String, Exception, Level, Object)
KS.Reactor.ksLog:Error(SSProperty, String, Exception)
KS.SceneFusion.Client.Editor.SSProperty:GetValue(Getter`1)
KS.SceneFusion.Client.Editor.SSProperty:get_Int()
KS.SceneFusion.Client.Editor.<>c:<RegisterProperty>b__5_36(SSProperty)
KS.SceneFusion.Client.Editor.SyncComponentProperty`1:PullValue()
KS.SceneFusion.Client.Editor.PropertyRegistrar:Register(RegisterParams, SyncComponentProperty`1)
KS.SceneFusion.Client.Editor.PropertyRegistrar:Register(SSProperty, RegisterParams, Getter, Setter, ToMultiType, FromMultiType, Comparer)
KS.SceneFusion.Client.Editor.PropertyRegistrar:RegisterProperty(SSProperty, RegisterParams)
KS.SceneFusion.Client.Editor.ComponentManager:SerializeProperties(PropertyIterator, List`1, SyncComponent, Int32)
KS.SceneFusion.Client.Editor.ComponentManager:SerializeProperties(PropertyIterator, SyncComponent)
KS.SceneFusion.Client.Editor.ComponentManager:SerializeProperties(PropertyIterator, List`1, SyncComponent, Int32)
KS.SceneFusion.Client.Editor.ComponentManager:SerializeProperties(PropertyIterator, SyncComponent)
KS.SceneFusion.Client.Editor.ComponentManager:SerializeComponent(Component, Boolean)
KS.SceneFusion.Client.Editor.ComponentManager:Serialize(ReferenceId)
KS.SceneFusion.Client.Editor.<EncodeObjectPropertiesCoroutine>d__90:MoveNext()
KS.Reactor.ksCoroutine:Step()
KS.Reactor.ksCoroutine:Step()
KS.Reactor.ksCoroutine:Step()
KS.Reactor.ksCoroutine:Step()
KS.Reactor.ksCoroutine:Step()
KS.Reactor.ksCoroutine:Step()
KS.Reactor.ksCoroutine:Step()
KS.Reactor.ksCoroutine:Step()
KS.Reactor.ksCoroutine:Step()
KS.Reactor.ksCoroutine:Step()
KS.Reactor.ksCoroutine:Step()
KS.Reactor.ksCoroutine:Step()
KS.Reactor.ksCoroutine:Step()
KS.Reactor.ksCoroutine:Step()
KS.Reactor.ksCoroutine:Step()
KS.Reactor.ksCoroutine:Step()
KS.Reactor.ksCoroutine:Step()
KS.Reactor.ksCoroutine:Step()
KS.Reactor.ksCoroutine:Step()
KS.Reactor.ksCoroutine:Step()
KS.Reactor.ksCoroutine:Step()
KS.Reactor.ksCoroutine:Step()
KS.Reactor.ksCoroutine:Step()
KS.Reactor.ksCoroutine:Step()
KS.Reactor.ksCoroutine:Step()
KS.Reactor.ksCoroutine:Step()
KS.Reactor.ksCoroutine:Step()
KS.Reactor.ksCoroutine:Step()
KS.Reactor.ksCoroutine:Step()
KS.Reactor.ksCoroutine:Step()
KS.Reactor.ksCoroutine:Step()
KS.Reactor.ksCoroutine:Step()
KS.Reactor.ksCoroutine:Step()
KS.Reactor.ksCoroutine:Step()
KS.Reactor.ksCoroutine:Step()
KS.Reactor.ksCoroutine:Step()
KS.Reactor.ksCoroutine:Step()
KS.Reactor.ksCoroutine:Step()
KS.Reactor.ksCoroutine:Step()
KS.Reactor.ksCoroutine:Step()
KS.Reactor.ksCoroutine:Step()
KS.Reactor.ksCoroutine:Step()
KS.Reactor.ksCoroutine:Step()
KS.Reactor.ksCoroutine:Step()
KS.Reactor.ksCoroutine:Step()
KS.Reactor.ksCoroutine:Step()
KS.Reactor.ksCoroutine:Step()
KS.Reactor.ksCoroutine:Step()
KS.Reactor.ksCoroutine:Step()
KS.Reactor.ksCoroutine:Step()
KS.Reactor.ksCoroutine:Step()
KS.Reactor.ksCoroutine:Step()
KS.Reactor.ksCoroutine:Step()
KS.Reactor.ksCoroutine:Step()
KS.Reactor.ksCoroutine:Step()
KS.Reactor.ksCoroutine:Step()
KS.Reactor.ksCoroutine:Step()
KS.Reactor.ksCoroutine:Step()
KS.Reactor.ksCoroutine:Step()
KS.Reactor.ksCoroutine:Step()
KS.Reactor.ksCoroutine:Step()
KS.Reactor.ksCoroutine:Step()
KS.Reactor.ksCoroutine:Step()
KS.Reactor.ksCoroutine:Step()
KS.Reactor.ksCoroutine:Step()
KS.Reactor.ksCoroutine:Step()
KS.Reactor.ksCoroutine:Step()
KS.Reactor.ksCoroutine:Step()
KS.Reactor.ksCoroutine:Step()
KS.Reactor.ksCoroutine:Step()
KS.Reactor.ksCoroutine:Step()
KS.Reactor.ksCoroutine:Step()
KS.Reactor.ksCoroutine:Step()
KS.Reactor.ksCoroutine:Step()
KS.Reactor.ksCoroutine:Step()
KS.Reactor.ksCoroutine:Step()
KS.Reactor.ksCoroutine:Step()
KS.Reactor.<>c:<UpdateCoroutines>b__5_0(ksCoroutine)
KS.Reactor.ksCoroutineManager:ForEach(CoroutineCallback)
KS.Reactor.ksCoroutineManager:UpdateCoroutines()
KS.SceneFusion.Client.Editor.ObjectManager:Update()
KS.SceneFusion.Client.Editor.CoEditService:Update()
UnityEditor.EditorApplication:Internal_CallUpdateFunctions()

2017-08-25 23:06:08.6940 [ERROR] Error getting 'walkableRegions.Array.data[0].terrainMask' property value: Cannot cast from source type to destination type.
  at KS.SceneFusion.Client.Editor.SSProperty.GetValue[Int32] (KS.SceneFusion.Client.Editor.Getter`1 getter) [0x00000] in <filename unknown>:0 
2017-08-25 23:06:08.7046 [DEBUG] Spawn request. (Objects: 86)
2017-08-25 23:06:08.7076 [DEBUG] Entity RPC. (Id: 1, Size: 11415, Reporting Threshold: 10000)
2017-08-25 23:06:08.9688 [DEBUG] Entity RPC. (Id: 20, Size: 100008, Reporting Threshold: 10000)
2017-08-25 23:06:09.0526 [DEBUG] Entity RPC. (Id: 20, Size: 100008, Reporting Threshold: 10000)
2017-08-25 23:06:09.1895 [DEBUG] Entity RPC. (Id: 20, Size: 100008, Reporting Threshold: 10000)
2017-08-25 23:06:09.3218 [DEBUG] Entity RPC. (Id: 20, Size: 100008, Reporting Threshold: 10000)
2017-08-25 23:06:09.4301 [DEBUG] Entity RPC. (Id: 20, Size: 100008, Reporting Threshold: 10000)
2017-08-25 23:06:09.5539 [DEBUG] Entity RPC. (Id: 20, Size: 100008, Reporting Threshold: 10000)
2017-08-25 23:06:09.6436 [DEBUG] Entity RPC. (Id: 20, Size: 100008, Reporting Threshold: 10000)
2017-08-25 23:06:09.7508 [DEBUG] Entity RPC. (Id: 20, Size: 100008, Reporting Threshold: 10000)
2017-08-25 23:06:09.8977 [DEBUG] Entity RPC. (Id: 20, Size: 100008, Reporting Threshold: 10000)
2017-08-25 23:06:10.0120 [DEBUG] Entity RPC. (Id: 20, Size: 100008, Reporting Threshold: 10000)
2017-08-25 23:06:10.1203 [DEBUG] Entity RPC. (Id: 20, Size: 52684, Reporting Threshold: 10000)
2017-08-25 23:06:10.3396 [DEBUG] Entity RPC. (Id: 20, Size: 71030, Reporting Threshold: 10000)
2017-08-25 23:08:06.7919 [DEBUG] Spawn request. (Objects: 1)
2017-08-25 23:29:58.6615 [DEBUG] Disconnecting from room (38776:SceneFusion:SceneFusion)
2017-08-25 23:29:58.6655 [INFO] Disconnected from server.
2017-08-25 23:29:58.6655 [DEBUG] Disconnect. (Duration: 1430)
