2017-08-25 19:06:27.8737 [DEBUG] Authenticating with server...
2017-08-25 19:06:28.1264 [DEBUG] Connected to room. (38752:SceneFusion:SceneFusion)
2017-08-25 19:06:28.1334 [INFO] Connected to server.
2017-08-25 19:06:28.1334 [DEBUG] OS : Microsoft Windows NT 10.0.15063.0
2017-08-25 19:06:28.1334 [DEBUG] Unity Version : 2017.1.0f3
2017-08-25 19:06:28.1339 [DEBUG] Pro License : False
2017-08-25 19:06:28.1344 [DEBUG] Platform : WindowsEditor
2017-08-25 19:06:28.1344 [DEBUG] Build Target : StandaloneWindows64
2017-08-25 19:06:28.1344 [DEBUG] Scene Fusion version : 1.5.2
2017-08-25 19:06:28.1349 [DEBUG] User : 
2017-08-25 19:06:28.2266 [DEBUG] Tier: Beta, Permissions: FFFFFFFF
2017-08-25 19:06:28.2266 [DEBUG] User Permissions: FFFFFFFF
2017-08-25 19:06:28.4557 [DEBUG] No stand-in for UnityEngine.CustomRenderTexture
2017-08-25 19:06:28.4557 [DEBUG] No stand-in for UnityEngine.U2D.SpriteAtlas
2017-08-25 19:06:28.4557 [DEBUG] No stand-in for UnityEngine.AI.NavMeshData
2017-08-25 19:06:28.4557 [DEBUG] No stand-in for UnityEngine.AvatarMask
2017-08-25 19:06:28.4557 [DEBUG] No stand-in for UnityEngine.Video.VideoClip
2017-08-25 19:06:28.6778 [DEBUG] Uploading scene 'WIP'
2017-08-25 19:06:28.8774 [ERROR] InvalidCastException: Cannot cast from source type to destination type.
KS.SceneFusion.Client.Editor.SSProperty.GetValue[Int32] (KS.SceneFusion.Client.Editor.Getter`1 getter)
UnityEngine.Debug:LogException(Exception)
KS.Reactor.ksLog:LogToUnity(Level, String, String, Exception, Object)
KS.Reactor.ksLog:HandleLog(String, String, String, Exception, Level, Object)
KS.Reactor.ksLog:Log(SSProperty, String, Exception, Level, Object)
KS.Reactor.ksLog:Error(SSProperty, String, Exception)
KS.SceneFusion.Client.Editor.SSProperty:GetValue(Getter`1)
KS.SceneFusion.Client.Editor.SSProperty:get_Int()
KS.SceneFusion.Client.Editor.<>c:<RegisterProperty>b__5_36(SSProperty)
KS.SceneFusion.Client.Editor.SyncComponentProperty`1:PullValue()
KS.SceneFusion.Client.Editor.PropertyRegistrar:Register(RegisterParams, SyncComponentProperty`1)
KS.SceneFusion.Client.Editor.PropertyRegistrar:Register(SSProperty, RegisterParams, Getter, Setter, ToMultiType, FromMultiType, Comparer)
KS.SceneFusion.Client.Editor.PropertyRegistrar:RegisterProperty(SSProperty, RegisterParams)
KS.SceneFusion.Client.Editor.ComponentManager:SerializeProperties(PropertyIterator, List`1, SyncComponent, Int32)
KS.SceneFusion.Client.Editor.ComponentManager:SerializeProperties(PropertyIterator, SyncComponent)
KS.SceneFusion.Client.Editor.ComponentManager:SerializeProperties(PropertyIterator, List`1, SyncComponent, Int32)
KS.SceneFusion.Client.Editor.ComponentManager:SerializeProperties(PropertyIterator, SyncComponent)
KS.SceneFusion.Client.Editor.ComponentManager:SerializeComponent(Component, Boolean)
KS.SceneFusion.Client.Editor.ComponentManager:Serialize(ReferenceId)
KS.SceneFusion.Client.Editor.<EncodeObjectPropertiesCoroutine>d__90:MoveNext()
KS.Reactor.ksCoroutine:Step()
KS.Reactor.ksCoroutine:Step()
KS.Reactor.ksCoroutine:Step()
KS.Reactor.ksCoroutine:Step()
KS.Reactor.ksCoroutine:Step()
KS.Reactor.ksCoroutine:Step()
KS.Reactor.ksCoroutine:Step()
KS.Reactor.ksCoroutine:Step()
KS.Reactor.ksCoroutine:Step()
KS.Reactor.ksCoroutine:Step()
KS.Reactor.ksCoroutine:Step()
KS.Reactor.ksCoroutine:Step()
KS.Reactor.ksCoroutine:Step()
KS.Reactor.ksCoroutine:Step()
KS.Reactor.ksCoroutine:Step()
KS.Reactor.ksCoroutine:Step()
KS.Reactor.ksCoroutine:Step()
KS.Reactor.ksCoroutine:Step()
KS.Reactor.ksCoroutine:Step()
KS.Reactor.ksCoroutine:Step()
KS.Reactor.ksCoroutine:Step()
KS.Reactor.ksCoroutine:Step()
KS.Reactor.ksCoroutine:Step()
KS.Reactor.ksCoroutine:Step()
KS.Reactor.ksCoroutine:Step()
KS.Reactor.ksCoroutine:Step()
KS.Reactor.ksCoroutine:Step()
KS.Reactor.ksCoroutine:Step()
KS.Reactor.ksCoroutine:Step()
KS.Reactor.ksCoroutine:Step()
KS.Reactor.ksCoroutine:Step()
KS.Reactor.ksCoroutine:Step()
KS.Reactor.ksCoroutine:Step()
KS.Reactor.ksCoroutine:Step()
KS.Reactor.ksCoroutine:Step()
KS.Reactor.ksCoroutine:Step()
KS.Reactor.ksCoroutine:Step()
KS.Reactor.ksCoroutine:Step()
KS.Reactor.ksCoroutine:Step()
KS.Reactor.ksCoroutine:Step()
KS.Reactor.ksCoroutine:Step()
KS.Reactor.ksCoroutine:Step()
KS.Reactor.ksCoroutine:Step()
KS.Reactor.ksCoroutine:Step()
KS.Reactor.ksCoroutine:Step()
KS.Reactor.ksCoroutine:Step()
KS.Reactor.ksCoroutine:Step()
KS.Reactor.ksCoroutine:Step()
KS.Reactor.ksCoroutine:Step()
KS.Reactor.ksCoroutine:Step()
KS.Reactor.ksCoroutine:Step()
KS.Reactor.ksCoroutine:Step()
KS.Reactor.ksCoroutine:Step()
KS.Reactor.ksCoroutine:Step()
KS.Reactor.ksCoroutine:Step()
KS.Reactor.ksCoroutine:Step()
KS.Reactor.ksCoroutine:Step()
KS.Reactor.ksCoroutine:Step()
KS.Reactor.ksCoroutine:Step()
KS.Reactor.ksCoroutine:Step()
KS.Reactor.ksCoroutine:Step()
KS.Reactor.ksCoroutine:Step()
KS.Reactor.ksCoroutine:Step()
KS.Reactor.ksCoroutine:Step()
KS.Reactor.ksCoroutine:Step()
KS.Reactor.ksCoroutine:Step()
KS.Reactor.ksCoroutine:Step()
KS.Reactor.ksCoroutine:Step()
KS.Reactor.ksCoroutine:Step()
KS.Reactor.ksCoroutine:Step()
KS.Reactor.ksCoroutine:Step()
KS.Reactor.ksCoroutine:Step()
KS.Reactor.ksCoroutine:Step()
KS.Reactor.ksCoroutine:Step()
KS.Reactor.ksCoroutine:Step()
KS.Reactor.ksCoroutine:Step()
KS.Reactor.<>c:<UpdateCoroutines>b__5_0(ksCoroutine)
KS.Reactor.ksCoroutineManager:ForEach(CoroutineCallback)
KS.Reactor.ksCoroutineManager:UpdateCoroutines()
KS.SceneFusion.Client.Editor.ObjectManager:Update()
KS.SceneFusion.Client.Editor.CoEditService:Update()
UnityEditor.EditorApplication:Internal_CallUpdateFunctions()

2017-08-25 19:06:28.8779 [ERROR] Error getting 'walkableRegions.Array.data[0].terrainMask' property value: Cannot cast from source type to destination type.
  at KS.SceneFusion.Client.Editor.SSProperty.GetValue[Int32] (KS.SceneFusion.Client.Editor.Getter`1 getter) [0x00000] in <filename unknown>:0 
2017-08-25 19:06:28.8964 [DEBUG] Spawn request. (Objects: 90)
2017-08-25 19:06:28.9039 [DEBUG] Entity RPC. (Id: 1, Size: 11672, Reporting Threshold: 10000)
2017-08-25 19:08:10.5760 [DEBUG] Spawn request. (Objects: 1)
2017-08-25 19:08:45.1832 [ERROR] InvalidCastException: Cannot cast from source type to destination type.
KS.SceneFusion.Client.Editor.SSProperty.GetValue[Int32] (KS.SceneFusion.Client.Editor.Getter`1 getter)
UnityEngine.Debug:LogException(Exception)
KS.Reactor.ksLog:LogToUnity(Level, String, String, Exception, Object)
KS.Reactor.ksLog:HandleLog(String, String, String, Exception, Level, Object)
KS.Reactor.ksLog:Log(SSProperty, String, Exception, Level, Object)
KS.Reactor.ksLog:Error(SSProperty, String, Exception)
KS.SceneFusion.Client.Editor.SSProperty:GetValue(Getter`1)
KS.SceneFusion.Client.Editor.SSProperty:get_Int()
KS.SceneFusion.Client.Editor.<>c:<RegisterProperty>b__5_36(SSProperty)
KS.SceneFusion.Client.Editor.SyncComponentProperty`1:CheckChange(ObjectEntity, ComponentProperty, UInt32, List`1, Boolean)
KS.SceneFusion.Client.Editor.<SendChangesCoroutine>d__80:MoveNext()
KS.Reactor.ksCoroutine:Step()
KS.Reactor.ksCoroutine:Step()
KS.Reactor.ksCoroutine:Step()
KS.Reactor.ksCoroutine:Step()
KS.Reactor.ksCoroutine:Step()
KS.Reactor.ksCoroutine:Step()
KS.Reactor.ksCoroutine:Step()
KS.Reactor.ksCoroutine:Step()
KS.Reactor.ksCoroutine:Step()
KS.SceneFusion.Client.Editor.ObjectManager:StepSendChanges()
KS.SceneFusion.Client.Editor.ObjectManager:ProcessChangeCheckQueue()
KS.SceneFusion.Client.Editor.ObjectManager:Update()
KS.SceneFusion.Client.Editor.CoEditService:Update()
UnityEditor.EditorApplication:Internal_CallUpdateFunctions()

2017-08-25 19:08:45.1832 [ERROR] Error getting 'walkableRegions.Array.data[0].terrainMask' property value: Cannot cast from source type to destination type.
  at KS.SceneFusion.Client.Editor.SSProperty.GetValue[Int32] (KS.SceneFusion.Client.Editor.Getter`1 getter) [0x00000] in <filename unknown>:0 
2017-08-25 19:08:45.2202 [ERROR] InvalidCastException: Cannot cast from source type to destination type.
KS.SceneFusion.Client.Editor.SSProperty.GetValue[Int32] (KS.SceneFusion.Client.Editor.Getter`1 getter)
UnityEngine.Debug:LogException(Exception)
KS.Reactor.ksLog:LogToUnity(Level, String, String, Exception, Object)
KS.Reactor.ksLog:HandleLog(String, String, String, Exception, Level, Object)
KS.Reactor.ksLog:Log(SSProperty, String, Exception, Level, Object)
KS.Reactor.ksLog:Error(SSProperty, String, Exception)
KS.SceneFusion.Client.Editor.SSProperty:GetValue(Getter`1)
KS.SceneFusion.Client.Editor.SSProperty:get_Int()
KS.SceneFusion.Client.Editor.<>c:<RegisterProperty>b__5_36(SSProperty)
KS.SceneFusion.Client.Editor.SyncComponentProperty`1:CheckChange(ObjectEntity, ComponentProperty, UInt32, List`1, Boolean)
KS.SceneFusion.Client.Editor.<SendChangesCoroutine>d__80:MoveNext()
KS.Reactor.ksCoroutine:Step()
KS.Reactor.ksCoroutine:Step()
KS.Reactor.ksCoroutine:Step()
KS.Reactor.ksCoroutine:Step()
KS.Reactor.ksCoroutine:Step()
KS.Reactor.ksCoroutine:Step()
KS.Reactor.ksCoroutine:Step()
KS.Reactor.ksCoroutine:Step()
KS.Reactor.ksCoroutine:Step()
KS.SceneFusion.Client.Editor.ObjectManager:StepSendChanges()
KS.SceneFusion.Client.Editor.ObjectManager:ProcessChangeCheckQueue()
KS.SceneFusion.Client.Editor.ObjectManager:Update()
KS.SceneFusion.Client.Editor.CoEditService:Update()
UnityEditor.EditorApplication:Internal_CallUpdateFunctions()

2017-08-25 19:08:45.2202 [ERROR] Error getting 'walkableRegions.Array.data[0].terrainMask' property value: Cannot cast from source type to destination type.
  at KS.SceneFusion.Client.Editor.SSProperty.GetValue[Int32] (KS.SceneFusion.Client.Editor.Getter`1 getter) [0x00000] in <filename unknown>:0 
2017-08-25 19:08:45.2533 [ERROR] InvalidCastException: Cannot cast from source type to destination type.
KS.SceneFusion.Client.Editor.SSProperty.GetValue[Int32] (KS.SceneFusion.Client.Editor.Getter`1 getter)
UnityEngine.Debug:LogException(Exception)
KS.Reactor.ksLog:LogToUnity(Level, String, String, Exception, Object)
KS.Reactor.ksLog:HandleLog(String, String, String, Exception, Level, Object)
KS.Reactor.ksLog:Log(SSProperty, String, Exception, Level, Object)
KS.Reactor.ksLog:Error(SSProperty, String, Exception)
KS.SceneFusion.Client.Editor.SSProperty:GetValue(Getter`1)
KS.SceneFusion.Client.Editor.SSProperty:get_Int()
KS.SceneFusion.Client.Editor.<>c:<RegisterProperty>b__5_36(SSProperty)
KS.SceneFusion.Client.Editor.SyncComponentProperty`1:CheckChange(ObjectEntity, ComponentProperty, UInt32, List`1, Boolean)
KS.SceneFusion.Client.Editor.<SendChangesCoroutine>d__80:MoveNext()
KS.Reactor.ksCoroutine:Step()
KS.Reactor.ksCoroutine:Step()
KS.Reactor.ksCoroutine:Step()
KS.Reactor.ksCoroutine:Step()
KS.Reactor.ksCoroutine:Step()
KS.Reactor.ksCoroutine:Step()
KS.Reactor.ksCoroutine:Step()
KS.Reactor.ksCoroutine:Step()
KS.Reactor.ksCoroutine:Step()
KS.SceneFusion.Client.Editor.ObjectManager:StepSendChanges()
KS.SceneFusion.Client.Editor.ObjectManager:ProcessChangeCheckQueue()
KS.SceneFusion.Client.Editor.ObjectManager:Update()
KS.SceneFusion.Client.Editor.CoEditService:Update()
UnityEditor.EditorApplication:Internal_CallUpdateFunctions()

2017-08-25 19:08:45.2533 [ERROR] Error getting 'walkableRegions.Array.data[0].terrainMask' property value: Cannot cast from source type to destination type.
  at KS.SceneFusion.Client.Editor.SSProperty.GetValue[Int32] (KS.SceneFusion.Client.Editor.Getter`1 getter) [0x00000] in <filename unknown>:0 
2017-08-25 19:08:45.2869 [ERROR] InvalidCastException: Cannot cast from source type to destination type.
KS.SceneFusion.Client.Editor.SSProperty.GetValue[Int32] (KS.SceneFusion.Client.Editor.Getter`1 getter)
UnityEngine.Debug:LogException(Exception)
KS.Reactor.ksLog:LogToUnity(Level, String, String, Exception, Object)
KS.Reactor.ksLog:HandleLog(String, String, String, Exception, Level, Object)
KS.Reactor.ksLog:Log(SSProperty, String, Exception, Level, Object)
KS.Reactor.ksLog:Error(SSProperty, String, Exception)
KS.SceneFusion.Client.Editor.SSProperty:GetValue(Getter`1)
KS.SceneFusion.Client.Editor.SSProperty:get_Int()
KS.SceneFusion.Client.Editor.<>c:<RegisterProperty>b__5_36(SSProperty)
KS.SceneFusion.Client.Editor.SyncComponentProperty`1:CheckChange(ObjectEntity, ComponentProperty, UInt32, List`1, Boolean)
KS.SceneFusion.Client.Editor.<SendChangesCoroutine>d__80:MoveNext()
KS.Reactor.ksCoroutine:Step()
KS.Reactor.ksCoroutine:Step()
KS.Reactor.ksCoroutine:Step()
KS.Reactor.ksCoroutine:Step()
KS.Reactor.ksCoroutine:Step()
KS.Reactor.ksCoroutine:Step()
KS.Reactor.ksCoroutine:Step()
KS.Reactor.ksCoroutine:Step()
KS.Reactor.ksCoroutine:Step()
KS.SceneFusion.Client.Editor.ObjectManager:StepSendChanges()
KS.SceneFusion.Client.Editor.ObjectManager:ProcessChangeCheckQueue()
KS.SceneFusion.Client.Editor.ObjectManager:Update()
KS.SceneFusion.Client.Editor.CoEditService:Update()
UnityEditor.EditorApplication:Internal_CallUpdateFunctions()

2017-08-25 19:08:45.2874 [ERROR] Error getting 'walkableRegions.Array.data[0].terrainMask' property value: Cannot cast from source type to destination type.
  at KS.SceneFusion.Client.Editor.SSProperty.GetValue[Int32] (KS.SceneFusion.Client.Editor.Getter`1 getter) [0x00000] in <filename unknown>:0 
2017-08-25 19:08:45.3356 [ERROR] InvalidCastException: Cannot cast from source type to destination type.
KS.SceneFusion.Client.Editor.SSProperty.GetValue[Int32] (KS.SceneFusion.Client.Editor.Getter`1 getter)
UnityEngine.Debug:LogException(Exception)
KS.Reactor.ksLog:LogToUnity(Level, String, String, Exception, Object)
KS.Reactor.ksLog:HandleLog(String, String, String, Exception, Level, Object)
KS.Reactor.ksLog:Log(SSProperty, String, Exception, Level, Object)
KS.Reactor.ksLog:Error(SSProperty, String, Exception)
KS.SceneFusion.Client.Editor.SSProperty:GetValue(Getter`1)
KS.SceneFusion.Client.Editor.SSProperty:get_Int()
KS.SceneFusion.Client.Editor.<>c:<RegisterProperty>b__5_36(SSProperty)
KS.SceneFusion.Client.Editor.SyncComponentProperty`1:CheckChange(ObjectEntity, ComponentProperty, UInt32, List`1, Boolean)
KS.SceneFusion.Client.Editor.<SendChangesCoroutine>d__80:MoveNext()
KS.Reactor.ksCoroutine:Step()
KS.Reactor.ksCoroutine:Step()
KS.Reactor.ksCoroutine:Step()
KS.Reactor.ksCoroutine:Step()
KS.Reactor.ksCoroutine:Step()
KS.Reactor.ksCoroutine:Step()
KS.Reactor.ksCoroutine:Step()
KS.Reactor.ksCoroutine:Step()
KS.Reactor.ksCoroutine:Step()
KS.SceneFusion.Client.Editor.ObjectManager:StepSendChanges()
KS.SceneFusion.Client.Editor.ObjectManager:ProcessChangeCheckQueue()
KS.SceneFusion.Client.Editor.ObjectManager:Update()
KS.SceneFusion.Client.Editor.CoEditService:Update()
UnityEditor.EditorApplication:Internal_CallUpdateFunctions()

2017-08-25 19:08:45.3356 [ERROR] Error getting 'walkableRegions.Array.data[0].terrainMask' property value: Cannot cast from source type to destination type.
  at KS.SceneFusion.Client.Editor.SSProperty.GetValue[Int32] (KS.SceneFusion.Client.Editor.Getter`1 getter) [0x00000] in <filename unknown>:0 
2017-08-25 19:08:45.3686 [ERROR] InvalidCastException: Cannot cast from source type to destination type.
KS.SceneFusion.Client.Editor.SSProperty.GetValue[Int32] (KS.SceneFusion.Client.Editor.Getter`1 getter)
UnityEngine.Debug:LogException(Exception)
KS.Reactor.ksLog:LogToUnity(Level, String, String, Exception, Object)
KS.Reactor.ksLog:HandleLog(String, String, String, Exception, Level, Object)
KS.Reactor.ksLog:Log(SSProperty, String, Exception, Level, Object)
KS.Reactor.ksLog:Error(SSProperty, String, Exception)
KS.SceneFusion.Client.Editor.SSProperty:GetValue(Getter`1)
KS.SceneFusion.Client.Editor.SSProperty:get_Int()
KS.SceneFusion.Client.Editor.<>c:<RegisterProperty>b__5_36(SSProperty)
KS.SceneFusion.Client.Editor.SyncComponentProperty`1:CheckChange(ObjectEntity, ComponentProperty, UInt32, List`1, Boolean)
KS.SceneFusion.Client.Editor.<SendChangesCoroutine>d__80:MoveNext()
KS.Reactor.ksCoroutine:Step()
KS.Reactor.ksCoroutine:Step()
KS.Reactor.ksCoroutine:Step()
KS.SceneFusion.Client.Editor.ObjectManager:StepSendChanges()
KS.SceneFusion.Client.Editor.ObjectManager:ProcessChangeCheckQueue()
KS.SceneFusion.Client.Editor.ObjectManager:Update()
KS.SceneFusion.Client.Editor.CoEditService:Update()
UnityEditor.EditorApplication:Internal_CallUpdateFunctions()

2017-08-25 19:08:45.3686 [ERROR] Error getting 'walkableRegions.Array.data[0].terrainMask' property value: Cannot cast from source type to destination type.
  at KS.SceneFusion.Client.Editor.SSProperty.GetValue[Int32] (KS.SceneFusion.Client.Editor.Getter`1 getter) [0x00000] in <filename unknown>:0 
2017-08-25 19:08:45.3767 [ERROR] InvalidCastException: Cannot cast from source type to destination type.
KS.SceneFusion.Client.Editor.SSProperty.GetValue[Int32] (KS.SceneFusion.Client.Editor.Getter`1 getter)
UnityEngine.Debug:LogException(Exception)
KS.Reactor.ksLog:LogToUnity(Level, String, String, Exception, Object)
KS.Reactor.ksLog:HandleLog(String, String, String, Exception, Level, Object)
KS.Reactor.ksLog:Log(SSProperty, String, Exception, Level, Object)
KS.Reactor.ksLog:Error(SSProperty, String, Exception)
KS.SceneFusion.Client.Editor.SSProperty:GetValue(Getter`1)
KS.SceneFusion.Client.Editor.SSProperty:get_Int()
KS.SceneFusion.Client.Editor.<>c:<RegisterProperty>b__5_36(SSProperty)
KS.SceneFusion.Client.Editor.SyncComponentProperty`1:CheckChange(ObjectEntity, ComponentProperty, UInt32, List`1, Boolean)
KS.SceneFusion.Client.Editor.<SendChangesCoroutine>d__80:MoveNext()
KS.Reactor.ksCoroutine:Step()
KS.Reactor.ksCoroutine:Step()
KS.Reactor.ksCoroutine:Step()
KS.Reactor.ksCoroutine:Step()
KS.Reactor.ksCoroutine:Step()
KS.Reactor.ksCoroutine:Step()
KS.Reactor.ksCoroutine:Step()
KS.Reactor.ksCoroutine:Step()
KS.Reactor.ksCoroutine:Step()
KS.SceneFusion.Client.Editor.ObjectManager:StepSendChanges()
KS.SceneFusion.Client.Editor.ObjectManager:ProcessChangeCheckQueue()
KS.SceneFusion.Client.Editor.ObjectManager:Update()
KS.SceneFusion.Client.Editor.CoEditService:Update()
UnityEditor.EditorApplication:Internal_CallUpdateFunctions()

2017-08-25 19:08:45.3767 [ERROR] Error getting 'walkableRegions.Array.data[0].terrainMask' property value: Cannot cast from source type to destination type.
  at KS.SceneFusion.Client.Editor.SSProperty.GetValue[Int32] (KS.SceneFusion.Client.Editor.Getter`1 getter) [0x00000] in <filename unknown>:0 
2017-08-25 19:08:45.4052 [ERROR] InvalidCastException: Cannot cast from source type to destination type.
KS.SceneFusion.Client.Editor.SSProperty.GetValue[Int32] (KS.SceneFusion.Client.Editor.Getter`1 getter)
UnityEngine.Debug:LogException(Exception)
KS.Reactor.ksLog:LogToUnity(Level, String, String, Exception, Object)
KS.Reactor.ksLog:HandleLog(String, String, String, Exception, Level, Object)
KS.Reactor.ksLog:Log(SSProperty, String, Exception, Level, Object)
KS.Reactor.ksLog:Error(SSProperty, String, Exception)
KS.SceneFusion.Client.Editor.SSProperty:GetValue(Getter`1)
KS.SceneFusion.Client.Editor.SSProperty:get_Int()
KS.SceneFusion.Client.Editor.<>c:<RegisterProperty>b__5_36(SSProperty)
KS.SceneFusion.Client.Editor.SyncComponentProperty`1:CheckChange(ObjectEntity, ComponentProperty, UInt32, List`1, Boolean)
KS.SceneFusion.Client.Editor.<SendChangesCoroutine>d__80:MoveNext()
KS.Reactor.ksCoroutine:Step()
KS.Reactor.ksCoroutine:Step()
KS.Reactor.ksCoroutine:Step()
KS.SceneFusion.Client.Editor.ObjectManager:StepSendChanges()
KS.SceneFusion.Client.Editor.ObjectManager:ProcessChangeCheckQueue()
KS.SceneFusion.Client.Editor.ObjectManager:Update()
KS.SceneFusion.Client.Editor.CoEditService:Update()
UnityEditor.EditorApplication:Internal_CallUpdateFunctions()

2017-08-25 19:08:45.4057 [ERROR] Error getting 'walkableRegions.Array.data[0].terrainMask' property value: Cannot cast from source type to destination type.
  at KS.SceneFusion.Client.Editor.SSProperty.GetValue[Int32] (KS.SceneFusion.Client.Editor.Getter`1 getter) [0x00000] in <filename unknown>:0 
2017-08-25 19:08:45.4123 [ERROR] InvalidCastException: Cannot cast from source type to destination type.
KS.SceneFusion.Client.Editor.SSProperty.GetValue[Int32] (KS.SceneFusion.Client.Editor.Getter`1 getter)
UnityEngine.Debug:LogException(Exception)
KS.Reactor.ksLog:LogToUnity(Level, String, String, Exception, Object)
KS.Reactor.ksLog:HandleLog(String, String, String, Exception, Level, Object)
KS.Reactor.ksLog:Log(SSProperty, String, Exception, Level, Object)
KS.Reactor.ksLog:Error(SSProperty, String, Exception)
KS.SceneFusion.Client.Editor.SSProperty:GetValue(Getter`1)
KS.SceneFusion.Client.Editor.SSProperty:get_Int()
KS.SceneFusion.Client.Editor.<>c:<RegisterProperty>b__5_36(SSProperty)
KS.SceneFusion.Client.Editor.SyncComponentProperty`1:CheckChange(ObjectEntity, ComponentProperty, UInt32, List`1, Boolean)
KS.SceneFusion.Client.Editor.<SendChangesCoroutine>d__80:MoveNext()
KS.Reactor.ksCoroutine:Step()
KS.Reactor.ksCoroutine:Step()
KS.Reactor.ksCoroutine:Step()
KS.Reactor.ksCoroutine:Step()
KS.Reactor.ksCoroutine:Step()
KS.Reactor.ksCoroutine:Step()
KS.Reactor.ksCoroutine:Step()
KS.Reactor.ksCoroutine:Step()
KS.Reactor.ksCoroutine:Step()
KS.SceneFusion.Client.Editor.ObjectManager:StepSendChanges()
KS.SceneFusion.Client.Editor.ObjectManager:ProcessChangeCheckQueue()
KS.SceneFusion.Client.Editor.ObjectManager:Update()
KS.SceneFusion.Client.Editor.CoEditService:Update()
UnityEditor.EditorApplication:Internal_CallUpdateFunctions()

2017-08-25 19:08:45.4128 [ERROR] Error getting 'walkableRegions.Array.data[0].terrainMask' property value: Cannot cast from source type to destination type.
  at KS.SceneFusion.Client.Editor.SSProperty.GetValue[Int32] (KS.SceneFusion.Client.Editor.Getter`1 getter) [0x00000] in <filename unknown>:0 
2017-08-25 19:08:45.4920 [ERROR] InvalidCastException: Cannot cast from source type to destination type.
KS.SceneFusion.Client.Editor.SSProperty.GetValue[Int32] (KS.SceneFusion.Client.Editor.Getter`1 getter)
UnityEngine.Debug:LogException(Exception)
KS.Reactor.ksLog:LogToUnity(Level, String, String, Exception, Object)
KS.Reactor.ksLog:HandleLog(String, String, String, Exception, Level, Object)
KS.Reactor.ksLog:Log(SSProperty, String, Exception, Level, Object)
KS.Reactor.ksLog:Error(SSProperty, String, Exception)
KS.SceneFusion.Client.Editor.SSProperty:GetValue(Getter`1)
KS.SceneFusion.Client.Editor.SSProperty:get_Int()
KS.SceneFusion.Client.Editor.<>c:<RegisterProperty>b__5_36(SSProperty)
KS.SceneFusion.Client.Editor.SyncComponentProperty`1:CheckChange(ObjectEntity, ComponentProperty, UInt32, List`1, Boolean)
KS.SceneFusion.Client.Editor.<SendChangesCoroutine>d__80:MoveNext()
KS.Reactor.ksCoroutine:Step()
KS.Reactor.ksCoroutine:Step()
KS.Reactor.ksCoroutine:Step()
KS.SceneFusion.Client.Editor.ObjectManager:StepSendChanges()
KS.SceneFusion.Client.Editor.ObjectManager:ProcessChangeCheckQueue()
KS.SceneFusion.Client.Editor.ObjectManager:Update()
KS.SceneFusion.Client.Editor.CoEditService:Update()
UnityEditor.EditorApplication:Internal_CallUpdateFunctions()

2017-08-25 19:08:45.4920 [ERROR] Error getting 'walkableRegions.Array.data[0].terrainMask' property value: Cannot cast from source type to destination type.
  at KS.SceneFusion.Client.Editor.SSProperty.GetValue[Int32] (KS.SceneFusion.Client.Editor.Getter`1 getter) [0x00000] in <filename unknown>:0 
2017-08-25 19:08:45.5000 [ERROR] InvalidCastException: Cannot cast from source type to destination type.
KS.SceneFusion.Client.Editor.SSProperty.GetValue[Int32] (KS.SceneFusion.Client.Editor.Getter`1 getter)
UnityEngine.Debug:LogException(Exception)
KS.Reactor.ksLog:LogToUnity(Level, String, String, Exception, Object)
KS.Reactor.ksLog:HandleLog(String, String, String, Exception, Level, Object)
KS.Reactor.ksLog:Log(SSProperty, String, Exception, Level, Object)
KS.Reactor.ksLog:Error(SSProperty, String, Exception)
KS.SceneFusion.Client.Editor.SSProperty:GetValue(Getter`1)
KS.SceneFusion.Client.Editor.SSProperty:get_Int()
KS.SceneFusion.Client.Editor.<>c:<RegisterProperty>b__5_36(SSProperty)
KS.SceneFusion.Client.Editor.SyncComponentProperty`1:CheckChange(ObjectEntity, ComponentProperty, UInt32, List`1, Boolean)
KS.SceneFusion.Client.Editor.<SendChangesCoroutine>d__80:MoveNext()
KS.Reactor.ksCoroutine:Step()
KS.Reactor.ksCoroutine:Step()
KS.Reactor.ksCoroutine:Step()
KS.Reactor.ksCoroutine:Step()
KS.Reactor.ksCoroutine:Step()
KS.Reactor.ksCoroutine:Step()
KS.Reactor.ksCoroutine:Step()
KS.Reactor.ksCoroutine:Step()
KS.Reactor.ksCoroutine:Step()
KS.SceneFusion.Client.Editor.ObjectManager:StepSendChanges()
KS.SceneFusion.Client.Editor.ObjectManager:ProcessChangeCheckQueue()
KS.SceneFusion.Client.Editor.ObjectManager:Update()
KS.SceneFusion.Client.Editor.CoEditService:Update()
UnityEditor.EditorApplication:Internal_CallUpdateFunctions()

2017-08-25 19:08:45.5000 [ERROR] Error getting 'walkableRegions.Array.data[0].terrainMask' property value: Cannot cast from source type to destination type.
  at KS.SceneFusion.Client.Editor.SSProperty.GetValue[Int32] (KS.SceneFusion.Client.Editor.Getter`1 getter) [0x00000] in <filename unknown>:0 
2017-08-25 19:08:45.6008 [ERROR] InvalidCastException: Cannot cast from source type to destination type.
KS.SceneFusion.Client.Editor.SSProperty.GetValue[Int32] (KS.SceneFusion.Client.Editor.Getter`1 getter)
UnityEngine.Debug:LogException(Exception)
KS.Reactor.ksLog:LogToUnity(Level, String, String, Exception, Object)
KS.Reactor.ksLog:HandleLog(String, String, String, Exception, Level, Object)
KS.Reactor.ksLog:Log(SSProperty, String, Exception, Level, Object)
KS.Reactor.ksLog:Error(SSProperty, String, Exception)
KS.SceneFusion.Client.Editor.SSProperty:GetValue(Getter`1)
KS.SceneFusion.Client.Editor.SSProperty:get_Int()
KS.SceneFusion.Client.Editor.<>c:<RegisterProperty>b__5_36(SSProperty)
KS.SceneFusion.Client.Editor.SyncComponentProperty`1:CheckChange(ObjectEntity, ComponentProperty, UInt32, List`1, Boolean)
KS.SceneFusion.Client.Editor.<SendChangesCoroutine>d__80:MoveNext()
KS.Reactor.ksCoroutine:Step()
KS.Reactor.ksCoroutine:Step()
KS.Reactor.ksCoroutine:Step()
KS.SceneFusion.Client.Editor.ObjectManager:StepSendChanges()
KS.SceneFusion.Client.Editor.ObjectManager:ProcessChangeCheckQueue()
KS.SceneFusion.Client.Editor.ObjectManager:Update()
KS.SceneFusion.Client.Editor.CoEditService:Update()
UnityEditor.EditorApplication:Internal_CallUpdateFunctions()

2017-08-25 19:08:45.6013 [ERROR] Error getting 'walkableRegions.Array.data[0].terrainMask' property value: Cannot cast from source type to destination type.
  at KS.SceneFusion.Client.Editor.SSProperty.GetValue[Int32] (KS.SceneFusion.Client.Editor.Getter`1 getter) [0x00000] in <filename unknown>:0 
2017-08-25 19:08:45.6063 [ERROR] InvalidCastException: Cannot cast from source type to destination type.
KS.SceneFusion.Client.Editor.SSProperty.GetValue[Int32] (KS.SceneFusion.Client.Editor.Getter`1 getter)
UnityEngine.Debug:LogException(Exception)
KS.Reactor.ksLog:LogToUnity(Level, String, String, Exception, Object)
KS.Reactor.ksLog:HandleLog(String, String, String, Exception, Level, Object)
KS.Reactor.ksLog:Log(SSProperty, String, Exception, Level, Object)
KS.Reactor.ksLog:Error(SSProperty, String, Exception)
KS.SceneFusion.Client.Editor.SSProperty:GetValue(Getter`1)
KS.SceneFusion.Client.Editor.SSProperty:get_Int()
KS.SceneFusion.Client.Editor.<>c:<RegisterProperty>b__5_36(SSProperty)
KS.SceneFusion.Client.Editor.SyncComponentProperty`1:CheckChange(ObjectEntity, ComponentProperty, UInt32, List`1, Boolean)
KS.SceneFusion.Client.Editor.<SendChangesCoroutine>d__80:MoveNext()
KS.Reactor.ksCoroutine:Step()
KS.Reactor.ksCoroutine:Step()
KS.Reactor.ksCoroutine:Step()
KS.Reactor.ksCoroutine:Step()
KS.Reactor.ksCoroutine:Step()
KS.Reactor.ksCoroutine:Step()
KS.Reactor.ksCoroutine:Step()
KS.Reactor.ksCoroutine:Step()
KS.Reactor.ksCoroutine:Step()
KS.SceneFusion.Client.Editor.ObjectManager:StepSendChanges()
KS.SceneFusion.Client.Editor.ObjectManager:ProcessChangeCheckQueue()
KS.SceneFusion.Client.Editor.ObjectManager:Update()
KS.SceneFusion.Client.Editor.CoEditService:Update()
UnityEditor.EditorApplication:Internal_CallUpdateFunctions()

2017-08-25 19:08:45.6063 [ERROR] Error getting 'walkableRegions.Array.data[0].terrainMask' property value: Cannot cast from source type to destination type.
  at KS.SceneFusion.Client.Editor.SSProperty.GetValue[Int32] (KS.SceneFusion.Client.Editor.Getter`1 getter) [0x00000] in <filename unknown>:0 
2017-08-25 19:08:45.7020 [ERROR] InvalidCastException: Cannot cast from source type to destination type.
KS.SceneFusion.Client.Editor.SSProperty.GetValue[Int32] (KS.SceneFusion.Client.Editor.Getter`1 getter)
UnityEngine.Debug:LogException(Exception)
KS.Reactor.ksLog:LogToUnity(Level, String, String, Exception, Object)
KS.Reactor.ksLog:HandleLog(String, String, String, Exception, Level, Object)
KS.Reactor.ksLog:Log(SSProperty, String, Exception, Level, Object)
KS.Reactor.ksLog:Error(SSProperty, String, Exception)
KS.SceneFusion.Client.Editor.SSProperty:GetValue(Getter`1)
KS.SceneFusion.Client.Editor.SSProperty:get_Int()
KS.SceneFusion.Client.Editor.<>c:<RegisterProperty>b__5_36(SSProperty)
KS.SceneFusion.Client.Editor.SyncComponentProperty`1:CheckChange(ObjectEntity, ComponentProperty, UInt32, List`1, Boolean)
KS.SceneFusion.Client.Editor.<SendChangesCoroutine>d__80:MoveNext()
KS.Reactor.ksCoroutine:Step()
KS.Reactor.ksCoroutine:Step()
KS.Reactor.ksCoroutine:Step()
KS.Reactor.ksCoroutine:Step()
KS.Reactor.ksCoroutine:Step()
KS.Reactor.ksCoroutine:Step()
KS.Reactor.ksCoroutine:Step()
KS.Reactor.ksCoroutine:Step()
KS.Reactor.ksCoroutine:Step()
KS.SceneFusion.Client.Editor.ObjectManager:StepSendChanges()
KS.SceneFusion.Client.Editor.ObjectManager:ProcessChangeCheckQueue()
KS.SceneFusion.Client.Editor.ObjectManager:Update()
KS.SceneFusion.Client.Editor.CoEditService:Update()
UnityEditor.EditorApplication:Internal_CallUpdateFunctions()

2017-08-25 19:08:45.7020 [ERROR] Error getting 'walkableRegions.Array.data[0].terrainMask' property value: Cannot cast from source type to destination type.
  at KS.SceneFusion.Client.Editor.SSProperty.GetValue[Int32] (KS.SceneFusion.Client.Editor.Getter`1 getter) [0x00000] in <filename unknown>:0 
2017-08-25 19:08:45.7562 [ERROR] InvalidCastException: Cannot cast from source type to destination type.
KS.SceneFusion.Client.Editor.SSProperty.GetValue[Int32] (KS.SceneFusion.Client.Editor.Getter`1 getter)
UnityEngine.Debug:LogException(Exception)
KS.Reactor.ksLog:LogToUnity(Level, String, String, Exception, Object)
KS.Reactor.ksLog:HandleLog(String, String, String, Exception, Level, Object)
KS.Reactor.ksLog:Log(SSProperty, String, Exception, Level, Object)
KS.Reactor.ksLog:Error(SSProperty, String, Exception)
KS.SceneFusion.Client.Editor.SSProperty:GetValue(Getter`1)
KS.SceneFusion.Client.Editor.SSProperty:get_Int()
KS.SceneFusion.Client.Editor.<>c:<RegisterProperty>b__5_36(SSProperty)
KS.SceneFusion.Client.Editor.SyncComponentProperty`1:CheckChange(ObjectEntity, ComponentProperty, UInt32, List`1, Boolean)
KS.SceneFusion.Client.Editor.<SendChangesCoroutine>d__80:MoveNext()
KS.Reactor.ksCoroutine:Step()
KS.Reactor.ksCoroutine:Step()
KS.Reactor.ksCoroutine:Step()
KS.SceneFusion.Client.Editor.ObjectManager:StepSendChanges()
KS.SceneFusion.Client.Editor.ObjectManager:ProcessChangeCheckQueue()
KS.SceneFusion.Client.Editor.ObjectManager:Update()
KS.SceneFusion.Client.Editor.CoEditService:Update()
UnityEditor.EditorApplication:Internal_CallUpdateFunctions()

2017-08-25 19:08:45.7562 [ERROR] Error getting 'walkableRegions.Array.data[0].terrainMask' property value: Cannot cast from source type to destination type.
  at KS.SceneFusion.Client.Editor.SSProperty.GetValue[Int32] (KS.SceneFusion.Client.Editor.Getter`1 getter) [0x00000] in <filename unknown>:0 
2017-08-25 19:08:45.7642 [ERROR] InvalidCastException: Cannot cast from source type to destination type.
KS.SceneFusion.Client.Editor.SSProperty.GetValue[Int32] (KS.SceneFusion.Client.Editor.Getter`1 getter)
UnityEngine.Debug:LogException(Exception)
KS.Reactor.ksLog:LogToUnity(Level, String, String, Exception, Object)
KS.Reactor.ksLog:HandleLog(String, String, String, Exception, Level, Object)
KS.Reactor.ksLog:Log(SSProperty, String, Exception, Level, Object)
KS.Reactor.ksLog:Error(SSProperty, String, Exception)
KS.SceneFusion.Client.Editor.SSProperty:GetValue(Getter`1)
KS.SceneFusion.Client.Editor.SSProperty:get_Int()
KS.SceneFusion.Client.Editor.<>c:<RegisterProperty>b__5_36(SSProperty)
KS.SceneFusion.Client.Editor.SyncComponentProperty`1:CheckChange(ObjectEntity, ComponentProperty, UInt32, List`1, Boolean)
KS.SceneFusion.Client.Editor.<SendChangesCoroutine>d__80:MoveNext()
KS.Reactor.ksCoroutine:Step()
KS.Reactor.ksCoroutine:Step()
KS.Reactor.ksCoroutine:Step()
KS.Reactor.ksCoroutine:Step()
KS.Reactor.ksCoroutine:Step()
KS.Reactor.ksCoroutine:Step()
KS.Reactor.ksCoroutine:Step()
KS.Reactor.ksCoroutine:Step()
KS.Reactor.ksCoroutine:Step()
KS.SceneFusion.Client.Editor.ObjectManager:StepSendChanges()
KS.SceneFusion.Client.Editor.ObjectManager:ProcessChangeCheckQueue()
KS.SceneFusion.Client.Editor.ObjectManager:Update()
KS.SceneFusion.Client.Editor.CoEditService:Update()
UnityEditor.EditorApplication:Internal_CallUpdateFunctions()

2017-08-25 19:08:45.7647 [ERROR] Error getting 'walkableRegions.Array.data[0].terrainMask' property value: Cannot cast from source type to destination type.
  at KS.SceneFusion.Client.Editor.SSProperty.GetValue[Int32] (KS.SceneFusion.Client.Editor.Getter`1 getter) [0x00000] in <filename unknown>:0 
2017-08-25 19:08:45.7908 [ERROR] InvalidCastException: Cannot cast from source type to destination type.
KS.SceneFusion.Client.Editor.SSProperty.GetValue[Int32] (KS.SceneFusion.Client.Editor.Getter`1 getter)
UnityEngine.Debug:LogException(Exception)
KS.Reactor.ksLog:LogToUnity(Level, String, String, Exception, Object)
KS.Reactor.ksLog:HandleLog(String, String, String, Exception, Level, Object)
KS.Reactor.ksLog:Log(SSProperty, String, Exception, Level, Object)
KS.Reactor.ksLog:Error(SSProperty, String, Exception)
KS.SceneFusion.Client.Editor.SSProperty:GetValue(Getter`1)
KS.SceneFusion.Client.Editor.SSProperty:get_Int()
KS.SceneFusion.Client.Editor.<>c:<RegisterProperty>b__5_36(SSProperty)
KS.SceneFusion.Client.Editor.SyncComponentProperty`1:CheckChange(ObjectEntity, ComponentProperty, UInt32, List`1, Boolean)
KS.SceneFusion.Client.Editor.<SendChangesCoroutine>d__80:MoveNext()
KS.Reactor.ksCoroutine:Step()
KS.Reactor.ksCoroutine:Step()
KS.Reactor.ksCoroutine:Step()
KS.SceneFusion.Client.Editor.ObjectManager:StepSendChanges()
KS.SceneFusion.Client.Editor.ObjectManager:ProcessChangeCheckQueue()
KS.SceneFusion.Client.Editor.ObjectManager:Update()
KS.SceneFusion.Client.Editor.CoEditService:Update()
UnityEditor.EditorApplication:Internal_CallUpdateFunctions()

2017-08-25 19:08:45.7913 [ERROR] Error getting 'walkableRegions.Array.data[0].terrainMask' property value: Cannot cast from source type to destination type.
  at KS.SceneFusion.Client.Editor.SSProperty.GetValue[Int32] (KS.SceneFusion.Client.Editor.Getter`1 getter) [0x00000] in <filename unknown>:0 
2017-08-25 19:08:45.8008 [ERROR] InvalidCastException: Cannot cast from source type to destination type.
KS.SceneFusion.Client.Editor.SSProperty.GetValue[Int32] (KS.SceneFusion.Client.Editor.Getter`1 getter)
UnityEngine.Debug:LogException(Exception)
KS.Reactor.ksLog:LogToUnity(Level, String, String, Exception, Object)
KS.Reactor.ksLog:HandleLog(String, String, String, Exception, Level, Object)
KS.Reactor.ksLog:Log(SSProperty, String, Exception, Level, Object)
KS.Reactor.ksLog:Error(SSProperty, String, Exception)
KS.SceneFusion.Client.Editor.SSProperty:GetValue(Getter`1)
KS.SceneFusion.Client.Editor.SSProperty:get_Int()
KS.SceneFusion.Client.Editor.<>c:<RegisterProperty>b__5_36(SSProperty)
KS.SceneFusion.Client.Editor.SyncComponentProperty`1:CheckChange(ObjectEntity, ComponentProperty, UInt32, List`1, Boolean)
KS.SceneFusion.Client.Editor.<SendChangesCoroutine>d__80:MoveNext()
KS.Reactor.ksCoroutine:Step()
KS.Reactor.ksCoroutine:Step()
KS.Reactor.ksCoroutine:Step()
KS.Reactor.ksCoroutine:Step()
KS.Reactor.ksCoroutine:Step()
KS.Reactor.ksCoroutine:Step()
KS.Reactor.ksCoroutine:Step()
KS.Reactor.ksCoroutine:Step()
KS.Reactor.ksCoroutine:Step()
KS.SceneFusion.Client.Editor.ObjectManager:StepSendChanges()
KS.SceneFusion.Client.Editor.ObjectManager:ProcessChangeCheckQueue()
KS.SceneFusion.Client.Editor.ObjectManager:Update()
KS.SceneFusion.Client.Editor.CoEditService:Update()
UnityEditor.EditorApplication:Internal_CallUpdateFunctions()

2017-08-25 19:08:45.8008 [ERROR] Error getting 'walkableRegions.Array.data[0].terrainMask' property value: Cannot cast from source type to destination type.
  at KS.SceneFusion.Client.Editor.SSProperty.GetValue[Int32] (KS.SceneFusion.Client.Editor.Getter`1 getter) [0x00000] in <filename unknown>:0 
2017-08-25 19:16:48.9213 [DEBUG] Disconnecting from room (38752:SceneFusion:SceneFusion)
2017-08-25 19:16:48.9248 [INFO] Disconnected from server.
2017-08-25 19:16:48.9248 [DEBUG] Disconnect. (Duration: 620)
