2017-08-29 00:15:38.3224 [DEBUG] Scene Fusion version 1.5.2
2017-08-29 00:28:27.7182 [DEBUG] Scene Fusion version 1.5.2
2017-08-29 00:28:41.2411 [DEBUG] Scene Fusion version 1.5.2
2017-08-29 00:28:41.2986 [DEBUG] Play mode: True, sync in play mode: True
2017-08-29 00:28:57.4447 [DEBUG] Play mode: False
2017-08-29 00:29:05.1943 [DEBUG] Scene Fusion version 1.5.2
2017-08-29 00:29:05.2504 [DEBUG] Play mode: True, sync in play mode: True
2017-08-29 00:29:13.4159 [DEBUG] Play mode: False
2017-08-29 00:30:39.6012 [DEBUG] Scene Fusion version 1.5.2
2017-08-29 00:30:39.6659 [DEBUG] Play mode: True, sync in play mode: True
2017-08-29 00:30:56.8706 [DEBUG] Play mode: False
2017-08-29 00:31:15.7844 [DEBUG] Scene Fusion version 1.5.2
2017-08-29 00:31:15.8451 [DEBUG] Play mode: True, sync in play mode: True
2017-08-29 00:31:55.4865 [DEBUG] Play mode: False
2017-08-29 00:32:00.5947 [DEBUG] Scene Fusion version 1.5.2
2017-08-29 00:32:00.6493 [DEBUG] Play mode: True, sync in play mode: True
2017-08-29 00:32:10.0412 [DEBUG] Play mode: False
2017-08-29 00:32:13.0404 [DEBUG] Scene Fusion version 1.5.2
2017-08-29 00:32:13.0995 [DEBUG] Play mode: True, sync in play mode: True
2017-08-29 00:32:30.9384 [DEBUG] Play mode: False
2017-08-29 00:32:49.5132 [DEBUG] Scene Fusion version 1.5.2
2017-08-29 00:32:49.5723 [DEBUG] Play mode: True, sync in play mode: True
2017-08-29 00:33:02.0135 [DEBUG] Play mode: False
2017-08-29 00:33:10.9969 [DEBUG] Scene Fusion version 1.5.2
2017-08-29 00:33:11.0505 [DEBUG] Play mode: True, sync in play mode: True
2017-08-29 00:33:17.4858 [DEBUG] Play mode: False
2017-08-29 00:35:30.2672 [DEBUG] Scene Fusion version 1.5.2
2017-08-29 00:35:30.3018 [DEBUG] Play mode: True, sync in play mode: True
2017-08-29 00:35:58.5934 [DEBUG] Play mode: False
2017-08-29 00:36:26.0918 [DEBUG] Scene Fusion version 1.5.2
2017-08-29 00:36:26.1494 [DEBUG] Play mode: True, sync in play mode: True
2017-08-29 00:36:42.6587 [DEBUG] Play mode: False
2017-08-29 00:37:13.2284 [DEBUG] Scene Fusion version 1.5.2
2017-08-29 00:37:13.2694 [DEBUG] Play mode: True, sync in play mode: True
2017-08-29 00:37:33.8273 [DEBUG] Play mode: False
2017-08-29 00:38:24.3187 [DEBUG] Scene Fusion version 1.5.2
2017-08-29 00:38:24.3784 [DEBUG] Play mode: True, sync in play mode: True
2017-08-29 00:38:37.5456 [DEBUG] Play mode: False
2017-08-29 00:39:01.2419 [DEBUG] Scene Fusion version 1.5.2
2017-08-29 00:39:58.2892 [DEBUG] Scene Fusion version 1.5.2
2017-08-29 00:39:58.3378 [DEBUG] Play mode: True, sync in play mode: True
2017-08-29 00:40:36.5039 [DEBUG] Play mode: False
2017-08-29 00:44:42.3434 [DEBUG] Scene Fusion version 1.5.2
2017-08-29 00:47:53.0386 [DEBUG] Scene Fusion version 1.5.2
2017-08-29 00:47:53.0947 [DEBUG] Play mode: True, sync in play mode: True
2017-08-29 00:48:29.4432 [DEBUG] Play mode: False
2017-08-29 00:55:08.9652 [DEBUG] Scene Fusion version 1.5.2
2017-08-29 00:55:09.0214 [DEBUG] Play mode: True, sync in play mode: True
2017-08-29 00:55:43.3373 [DEBUG] Play mode: False
2017-08-29 00:56:04.1446 [DEBUG] Scene Fusion version 1.5.2
2017-08-29 00:56:04.2051 [DEBUG] Play mode: True, sync in play mode: True
2017-08-29 00:56:58.1538 [DEBUG] Play mode: False
2017-08-29 00:57:01.2275 [DEBUG] Scene Fusion version 1.5.2
2017-08-29 00:57:01.2896 [DEBUG] Play mode: True, sync in play mode: True
2017-08-29 00:57:29.3641 [DEBUG] Play mode: False
2017-08-29 00:58:26.1444 [DEBUG] Scene Fusion version 1.5.2
2017-08-29 00:58:26.2060 [DEBUG] Play mode: True, sync in play mode: True
2017-08-29 00:59:08.6418 [DEBUG] Play mode: False
2017-08-29 00:59:21.5817 [DEBUG] Scene Fusion version 1.5.2
2017-08-29 00:59:21.6454 [DEBUG] Play mode: True, sync in play mode: True
2017-08-29 00:59:28.0403 [DEBUG] Play mode: False
2017-08-29 00:59:38.0959 [DEBUG] Scene Fusion version 1.5.2
2017-08-29 00:59:38.1565 [DEBUG] Play mode: True, sync in play mode: True
2017-08-29 01:00:12.0902 [DEBUG] Play mode: False
2017-08-29 01:00:16.7636 [DEBUG] Scene Fusion version 1.5.2
2017-08-29 01:00:16.8068 [DEBUG] Play mode: True, sync in play mode: True
2017-08-29 01:00:37.8581 [DEBUG] Play mode: False
2017-08-29 01:01:10.1168 [DEBUG] Scene Fusion version 1.5.2
2017-08-29 01:01:10.1745 [DEBUG] Play mode: True, sync in play mode: True
2017-08-29 01:01:15.3968 [DEBUG] Play mode: False
2017-08-29 01:01:32.2813 [DEBUG] Scene Fusion version 1.5.2
2017-08-29 01:01:32.3369 [DEBUG] Play mode: True, sync in play mode: True
2017-08-29 01:01:46.3629 [DEBUG] Play mode: False
2017-08-29 01:01:58.6203 [DEBUG] Scene Fusion version 1.5.2
2017-08-29 01:01:58.6779 [DEBUG] Play mode: True, sync in play mode: True
2017-08-29 01:02:42.8457 [DEBUG] Play mode: False
2017-08-29 01:20:35.7921 [DEBUG] Scene Fusion version 1.5.2
2017-08-29 01:20:35.8412 [DEBUG] Play mode: True, sync in play mode: True
2017-08-29 01:20:38.5580 [DEBUG] Play mode: False
2017-08-29 01:21:48.5836 [DEBUG] Scene Fusion version 1.5.2
2017-08-29 01:21:48.6368 [DEBUG] Play mode: True, sync in play mode: True
2017-08-29 01:22:02.3261 [DEBUG] Play mode: False
2017-08-29 01:22:38.5990 [DEBUG] Scene Fusion version 1.5.2
2017-08-29 01:22:55.2663 [DEBUG] Scene Fusion version 1.5.2
2017-08-29 01:22:58.1757 [DEBUG] Scene Fusion version 1.5.2
2017-08-29 01:22:58.2210 [DEBUG] Play mode: True, sync in play mode: True
2017-08-29 01:23:01.4154 [DEBUG] Play mode: False
2017-08-29 10:00:26.2453 [DEBUG] Scene Fusion version 1.5.2
2017-08-29 10:21:12.5496 [DEBUG] Scene Fusion version 1.5.2
2017-08-29 10:21:12.5937 [DEBUG] Play mode: True, sync in play mode: True
2017-08-29 10:21:29.5929 [DEBUG] Play mode: False
2017-08-29 10:21:35.3558 [DEBUG] Scene Fusion version 1.5.2
2017-08-29 10:21:35.4069 [DEBUG] Play mode: True, sync in play mode: True
2017-08-29 10:21:46.6137 [DEBUG] Play mode: False
2017-08-29 10:24:32.6037 [DEBUG] Scene Fusion version 1.5.2
2017-08-29 10:24:52.2380 [DEBUG] Scene Fusion version 1.5.2
2017-08-29 10:24:52.2836 [DEBUG] Play mode: True, sync in play mode: True
2017-08-29 10:25:09.6375 [DEBUG] Play mode: False
2017-08-29 10:25:18.6150 [DEBUG] Scene Fusion version 1.5.2
2017-08-29 10:25:18.6616 [DEBUG] Play mode: True, sync in play mode: True
2017-08-29 10:25:24.5328 [DEBUG] Play mode: False
2017-08-29 10:25:30.9796 [DEBUG] Scene Fusion version 1.5.2
2017-08-29 10:25:31.0263 [DEBUG] Play mode: True, sync in play mode: True
2017-08-29 10:25:45.5303 [DEBUG] Play mode: False
2017-08-29 10:25:52.8562 [DEBUG] Scene Fusion version 1.5.2
2017-08-29 10:25:52.9058 [DEBUG] Play mode: True, sync in play mode: True
2017-08-29 10:42:53.6362 [DEBUG] Play mode: False
2017-08-29 10:46:38.6348 [DEBUG] Scene Fusion version 1.5.2
2017-08-29 10:46:38.6820 [DEBUG] Play mode: True, sync in play mode: True
2017-08-29 10:47:29.1712 [DEBUG] Play mode: False
2017-08-29 10:47:32.7222 [DEBUG] Scene Fusion version 1.5.2
2017-08-29 10:47:32.7683 [DEBUG] Play mode: True, sync in play mode: True
2017-08-29 10:47:42.7258 [DEBUG] Play mode: False
2017-08-29 10:47:46.6748 [DEBUG] Scene Fusion version 1.5.2
2017-08-29 10:47:46.7194 [DEBUG] Play mode: True, sync in play mode: True
2017-08-29 10:47:52.2379 [DEBUG] Play mode: False
2017-08-29 10:49:49.1826 [DEBUG] Scene Fusion version 1.5.2
2017-08-29 10:49:49.2358 [DEBUG] Play mode: True, sync in play mode: True
2017-08-29 10:49:57.8425 [DEBUG] Play mode: False
2017-08-29 10:51:56.7044 [DEBUG] Scene Fusion version 1.5.2
2017-08-29 10:51:56.7543 [DEBUG] Play mode: True, sync in play mode: True
2017-08-29 10:52:00.2785 [DEBUG] Play mode: False
2017-08-29 10:52:21.1069 [DEBUG] Scene Fusion version 1.5.2
2017-08-29 10:52:21.1556 [DEBUG] Play mode: True, sync in play mode: True
2017-08-29 10:52:24.4375 [DEBUG] Play mode: False
2017-08-29 10:52:45.9744 [DEBUG] Scene Fusion version 1.5.2
2017-08-29 10:52:46.0255 [DEBUG] Play mode: True, sync in play mode: True
2017-08-29 10:52:51.0709 [DEBUG] Play mode: False
2017-08-29 10:53:15.4646 [DEBUG] Scene Fusion version 1.5.2
2017-08-29 10:53:15.5133 [DEBUG] Play mode: True, sync in play mode: True
2017-08-29 10:53:32.4219 [DEBUG] Play mode: False
2017-08-29 10:54:30.2590 [DEBUG] Scene Fusion version 1.5.2
2017-08-29 10:54:30.3076 [DEBUG] Play mode: True, sync in play mode: True
2017-08-29 10:54:38.2989 [DEBUG] Play mode: False
2017-08-29 10:55:19.8195 [DEBUG] Scene Fusion version 1.5.2
2017-08-29 10:55:19.8717 [DEBUG] Play mode: True, sync in play mode: True
2017-08-29 10:55:27.5899 [DEBUG] Play mode: False
2017-08-29 10:56:04.4997 [DEBUG] Scene Fusion version 1.5.2
2017-08-29 10:56:04.5484 [DEBUG] Play mode: True, sync in play mode: True
2017-08-29 10:56:19.6974 [DEBUG] Play mode: False
2017-08-29 11:00:17.1082 [DEBUG] Scene Fusion version 1.5.2
2017-08-29 11:00:17.1568 [DEBUG] Play mode: True, sync in play mode: True
2017-08-29 11:00:27.9939 [DEBUG] Play mode: False
2017-08-29 11:00:47.6607 [DEBUG] Scene Fusion version 1.5.2
2017-08-29 11:00:47.7109 [DEBUG] Play mode: True, sync in play mode: True
2017-08-29 11:00:55.8474 [DEBUG] Play mode: False
2017-08-29 11:01:07.7952 [DEBUG] Scene Fusion version 1.5.2
2017-08-29 11:01:07.8398 [DEBUG] Play mode: True, sync in play mode: True
2017-08-29 11:01:13.6436 [DEBUG] Play mode: False
2017-08-29 11:01:30.2343 [DEBUG] Scene Fusion version 1.5.2
2017-08-29 11:01:44.5441 [DEBUG] Scene Fusion version 1.5.2
2017-08-29 11:01:44.6353 [DEBUG] Play mode: True, sync in play mode: True
2017-08-29 11:01:47.3601 [DEBUG] Play mode: False
2017-08-29 11:02:02.3788 [DEBUG] Scene Fusion version 1.5.2
2017-08-29 11:02:02.4240 [DEBUG] Play mode: True, sync in play mode: True
2017-08-29 11:02:14.3900 [DEBUG] Play mode: False
2017-08-29 11:04:07.0223 [DEBUG] Scene Fusion version 1.5.2
2017-08-29 11:04:07.0704 [DEBUG] Play mode: True, sync in play mode: True
2017-08-29 11:04:22.5427 [DEBUG] Play mode: False
2017-08-29 11:04:34.4832 [DEBUG] Scene Fusion version 1.5.2
2017-08-29 11:04:34.5338 [DEBUG] Play mode: True, sync in play mode: True
2017-08-29 11:04:43.5951 [DEBUG] Play mode: False
2017-08-29 11:05:12.7706 [DEBUG] Scene Fusion version 1.5.2
2017-08-29 11:05:12.8217 [DEBUG] Play mode: True, sync in play mode: True
2017-08-29 11:05:23.3000 [DEBUG] Play mode: False
2017-08-29 11:09:04.1593 [DEBUG] Scene Fusion version 1.5.2
2017-08-29 11:09:04.2114 [DEBUG] Play mode: True, sync in play mode: True
2017-08-29 11:09:11.9758 [DEBUG] Play mode: False
2017-08-29 11:10:26.5589 [DEBUG] Scene Fusion version 1.5.2
2017-08-29 11:10:26.6090 [DEBUG] Play mode: True, sync in play mode: True
2017-08-29 11:10:29.1886 [DEBUG] Play mode: False
2017-08-29 11:13:28.9672 [DEBUG] Scene Fusion version 1.5.2
2017-08-29 11:15:31.7734 [DEBUG] Scene Fusion version 1.5.2
2017-08-29 11:15:31.8200 [DEBUG] Play mode: True, sync in play mode: True
2017-08-29 11:15:48.4628 [DEBUG] Play mode: False
2017-08-29 11:17:30.7568 [DEBUG] Scene Fusion version 1.5.2
2017-08-29 11:17:30.8071 [DEBUG] Play mode: True, sync in play mode: True
2017-08-29 11:17:38.6076 [DEBUG] Play mode: False
2017-08-29 11:17:56.0226 [DEBUG] Scene Fusion version 1.5.2
2017-08-29 11:17:56.0758 [DEBUG] Play mode: True, sync in play mode: True
2017-08-29 11:18:06.1487 [DEBUG] Play mode: False
2017-08-29 11:18:24.8802 [DEBUG] Scene Fusion version 1.5.2
2017-08-29 11:18:24.9343 [DEBUG] Play mode: True, sync in play mode: True
2017-08-29 11:18:40.6406 [DEBUG] Play mode: False
2017-08-29 11:19:02.8154 [DEBUG] Scene Fusion version 1.5.2
2017-08-29 11:19:02.8720 [DEBUG] Play mode: True, sync in play mode: True
2017-08-29 11:19:08.8799 [DEBUG] Play mode: False
2017-08-29 11:19:28.0071 [DEBUG] Scene Fusion version 1.5.2
2017-08-29 11:19:28.0588 [DEBUG] Play mode: True, sync in play mode: True
2017-08-29 11:19:43.1682 [DEBUG] Play mode: False
2017-08-29 11:20:00.3692 [DEBUG] Scene Fusion version 1.5.2
2017-08-29 11:20:00.4239 [DEBUG] Play mode: True, sync in play mode: True
2017-08-29 11:20:17.5579 [DEBUG] Play mode: False
2017-08-29 11:23:07.2270 [DEBUG] Scene Fusion version 1.5.2
2017-08-29 11:23:07.2821 [DEBUG] Play mode: True, sync in play mode: True
2017-08-29 11:23:30.1292 [DEBUG] Play mode: False
2017-08-29 11:23:56.2969 [DEBUG] Scene Fusion version 1.5.2
2017-08-29 11:23:56.3625 [DEBUG] Play mode: True, sync in play mode: True
2017-08-29 11:23:59.9927 [DEBUG] Play mode: False
2017-08-29 11:24:43.5745 [DEBUG] Scene Fusion version 1.5.2
2017-08-29 11:24:43.6096 [DEBUG] Play mode: True, sync in play mode: True
2017-08-29 11:25:21.9308 [DEBUG] Play mode: False
2017-08-29 11:25:38.5703 [DEBUG] Scene Fusion version 1.5.2
2017-08-29 11:25:38.6310 [DEBUG] Play mode: True, sync in play mode: True
2017-08-29 11:25:49.9035 [DEBUG] Play mode: False
2017-08-29 11:26:01.1322 [DEBUG] Scene Fusion version 1.5.2
2017-08-29 11:26:01.1893 [DEBUG] Play mode: True, sync in play mode: True
2017-08-29 11:26:20.0107 [DEBUG] Play mode: False
2017-08-29 11:26:46.8289 [DEBUG] Scene Fusion version 1.5.2
2017-08-29 11:26:46.8910 [DEBUG] Play mode: True, sync in play mode: True
2017-08-29 11:26:55.9004 [DEBUG] Play mode: False
2017-08-29 11:28:23.7218 [DEBUG] Scene Fusion version 1.5.2
2017-08-29 11:28:23.7669 [DEBUG] Play mode: True, sync in play mode: True
2017-08-29 11:28:30.2420 [DEBUG] Play mode: False
2017-08-29 11:28:49.9514 [DEBUG] Scene Fusion version 1.5.2
2017-08-29 11:28:49.9976 [DEBUG] Play mode: True, sync in play mode: True
2017-08-29 11:28:55.5700 [DEBUG] Play mode: False
2017-08-29 11:29:11.6962 [DEBUG] Scene Fusion version 1.5.2
2017-08-29 11:29:11.7428 [DEBUG] Play mode: True, sync in play mode: True
2017-08-29 11:29:25.6766 [DEBUG] Play mode: False
2017-08-29 11:29:30.5569 [DEBUG] Scene Fusion version 1.5.2
2017-08-29 11:29:30.6106 [DEBUG] Play mode: True, sync in play mode: True
2017-08-29 11:29:33.1361 [DEBUG] Play mode: False
2017-08-29 11:31:55.7997 [DEBUG] Scene Fusion version 1.5.2
2017-08-29 11:31:55.8532 [DEBUG] Play mode: True, sync in play mode: True
2017-08-29 11:32:17.5437 [DEBUG] Play mode: False
2017-08-29 11:32:55.1464 [DEBUG] Scene Fusion version 1.5.2
2017-08-29 11:32:55.2046 [DEBUG] Play mode: True, sync in play mode: True
2017-08-29 11:33:07.4189 [DEBUG] Play mode: False
2017-08-29 11:33:30.6556 [DEBUG] Scene Fusion version 1.5.2
2017-08-29 11:33:46.1668 [DEBUG] Scene Fusion version 1.5.2
2017-08-29 11:33:46.2164 [DEBUG] Play mode: True, sync in play mode: True
2017-08-29 11:34:00.7158 [DEBUG] Play mode: False
2017-08-29 11:34:09.6400 [DEBUG] Scene Fusion version 1.5.2
2017-08-29 11:34:09.6872 [DEBUG] Play mode: True, sync in play mode: True
2017-08-29 11:34:20.9289 [DEBUG] Play mode: False
2017-08-29 11:34:33.0179 [DEBUG] Scene Fusion version 1.5.2
2017-08-29 11:34:33.0645 [DEBUG] Play mode: True, sync in play mode: True
2017-08-29 11:35:11.0221 [DEBUG] Play mode: False
2017-08-29 11:35:30.5806 [DEBUG] Scene Fusion version 1.5.2
2017-08-29 11:35:30.6322 [DEBUG] Play mode: True, sync in play mode: True
2017-08-29 11:35:39.5210 [DEBUG] Play mode: False
2017-08-29 11:35:47.8178 [DEBUG] Scene Fusion version 1.5.2
2017-08-29 11:35:47.8736 [DEBUG] Play mode: True, sync in play mode: True
2017-08-29 11:35:54.4594 [DEBUG] Play mode: False
2017-08-29 11:38:39.5441 [DEBUG] Scene Fusion version 1.5.2
2017-08-29 11:38:51.0875 [DEBUG] Scene Fusion version 1.5.2
2017-08-29 11:38:51.1326 [DEBUG] Play mode: True, sync in play mode: True
2017-08-29 11:38:59.2335 [DEBUG] Play mode: False
2017-08-29 11:39:25.8551 [DEBUG] Scene Fusion version 1.5.2
2017-08-29 11:39:25.9077 [DEBUG] Play mode: True, sync in play mode: True
2017-08-29 11:39:29.6797 [DEBUG] Play mode: False
2017-08-29 11:40:07.7979 [DEBUG] Scene Fusion version 1.5.2
2017-08-29 11:40:10.4339 [DEBUG] Scene Fusion version 1.5.2
2017-08-29 11:40:10.4835 [DEBUG] Play mode: True, sync in play mode: True
2017-08-29 11:40:14.7259 [DEBUG] Play mode: False
2017-08-29 11:40:49.7855 [DEBUG] Scene Fusion version 1.5.2
2017-08-29 11:40:49.8381 [DEBUG] Play mode: True, sync in play mode: True
2017-08-29 11:41:12.2053 [DEBUG] Play mode: False
2017-08-29 11:41:30.0311 [DEBUG] Scene Fusion version 1.5.2
2017-08-29 11:41:30.0870 [DEBUG] Play mode: True, sync in play mode: True
2017-08-29 11:41:37.9529 [DEBUG] Play mode: False
2017-08-29 11:44:07.6012 [DEBUG] Scene Fusion version 1.5.2
2017-08-29 11:44:07.6277 [DEBUG] Play mode: True, sync in play mode: True
2017-08-29 11:44:26.6552 [DEBUG] Play mode: False
2017-08-29 11:51:05.6684 [DEBUG] Scene Fusion version 1.5.2
2017-08-29 11:51:05.7225 [DEBUG] Play mode: True, sync in play mode: True
2017-08-29 11:51:52.3793 [DEBUG] Play mode: False
2017-08-29 11:52:03.0871 [DEBUG] Scene Fusion version 1.5.2
2017-08-29 11:52:03.1402 [DEBUG] Play mode: True, sync in play mode: True
2017-08-29 11:52:08.8183 [DEBUG] Play mode: False
2017-08-29 11:52:17.9580 [DEBUG] Scene Fusion version 1.5.2
2017-08-29 11:52:18.0136 [DEBUG] Play mode: True, sync in play mode: True
2017-08-29 11:52:37.4189 [DEBUG] Play mode: False
2017-08-29 11:52:46.5758 [DEBUG] Scene Fusion version 1.5.2
2017-08-29 11:52:46.6315 [DEBUG] Play mode: True, sync in play mode: True
2017-08-29 11:53:26.4331 [DEBUG] Play mode: False
2017-08-29 12:28:13.3173 [DEBUG] Scene Fusion version 1.5.2
2017-08-29 12:28:13.3714 [DEBUG] Play mode: True, sync in play mode: True
2017-08-29 12:28:19.7200 [DEBUG] Play mode: False
2017-08-29 12:30:54.8649 [DEBUG] Scene Fusion version 1.5.2
2017-08-29 12:30:54.9131 [DEBUG] Play mode: True, sync in play mode: True
2017-08-29 12:31:12.6202 [DEBUG] Play mode: False
2017-08-29 12:31:42.4102 [DEBUG] Scene Fusion version 1.5.2
2017-08-29 12:31:44.9599 [DEBUG] Scene Fusion version 1.5.2
2017-08-29 12:31:45.0080 [DEBUG] Play mode: True, sync in play mode: True
2017-08-29 12:31:51.7644 [DEBUG] Play mode: False
2017-08-29 12:35:15.7208 [DEBUG] Scene Fusion version 1.5.2
2017-08-29 12:35:15.7685 [DEBUG] Play mode: True, sync in play mode: True
2017-08-29 12:35:20.4695 [DEBUG] Play mode: False
2017-08-29 12:35:39.4714 [DEBUG] Scene Fusion version 1.5.2
2017-08-29 12:35:39.5265 [DEBUG] Play mode: True, sync in play mode: True
2017-08-29 12:35:45.6063 [DEBUG] Play mode: False
2017-08-29 12:36:01.6487 [DEBUG] Scene Fusion version 1.5.2
2017-08-29 12:36:01.6968 [DEBUG] Play mode: True, sync in play mode: True
2017-08-29 12:36:04.7032 [DEBUG] Play mode: False
2017-08-29 12:36:37.5117 [DEBUG] Scene Fusion version 1.5.2
2017-08-29 12:36:37.5644 [DEBUG] Play mode: True, sync in play mode: True
2017-08-29 12:36:41.2856 [DEBUG] Play mode: False
2017-08-29 12:36:52.7369 [DEBUG] Scene Fusion version 1.5.2
2017-08-29 12:36:52.7855 [DEBUG] Play mode: True, sync in play mode: True
2017-08-29 12:36:54.8952 [DEBUG] Play mode: False
2017-08-29 12:37:17.8846 [DEBUG] Scene Fusion version 1.5.2
2017-08-29 12:37:17.9326 [DEBUG] Play mode: True, sync in play mode: True
2017-08-29 12:37:27.7228 [DEBUG] Play mode: False
2017-08-29 12:38:06.7627 [DEBUG] Scene Fusion version 1.5.2
2017-08-29 12:38:06.8108 [DEBUG] Play mode: True, sync in play mode: True
2017-08-29 12:38:15.9598 [DEBUG] Play mode: False
2017-08-29 12:44:58.0559 [DEBUG] Scene Fusion version 1.5.2
2017-08-29 12:44:58.1050 [DEBUG] Play mode: True, sync in play mode: True
2017-08-29 12:45:03.9645 [DEBUG] Play mode: False
2017-08-29 12:57:29.6377 [DEBUG] Scene Fusion version 1.5.2
2017-08-29 12:57:29.6863 [DEBUG] Play mode: True, sync in play mode: True
2017-08-29 12:57:32.4625 [DEBUG] Play mode: False
2017-08-29 13:08:54.0808 [DEBUG] Scene Fusion version 1.5.2
2017-08-29 13:08:54.1335 [DEBUG] Play mode: True, sync in play mode: True
2017-08-29 13:08:57.1724 [DEBUG] Play mode: False
2017-08-29 13:09:23.2215 [DEBUG] Scene Fusion version 1.5.2
2017-08-29 13:09:23.2686 [DEBUG] Play mode: True, sync in play mode: True
2017-08-29 13:09:32.6807 [DEBUG] Play mode: False
2017-08-29 13:10:00.8666 [DEBUG] Scene Fusion version 1.5.2
2017-08-29 13:10:00.9003 [DEBUG] Play mode: True, sync in play mode: True
2017-08-29 13:10:06.8613 [DEBUG] Play mode: False
2017-08-29 13:12:54.6060 [DEBUG] Scene Fusion version 1.5.2
2017-08-29 13:12:54.6562 [DEBUG] Play mode: True, sync in play mode: True
2017-08-29 13:13:01.6200 [DEBUG] Play mode: False
2017-08-29 13:13:48.5104 [DEBUG] Scene Fusion version 1.5.2
2017-08-29 13:13:48.5575 [DEBUG] Play mode: True, sync in play mode: True
2017-08-29 13:13:52.6601 [DEBUG] Play mode: False
2017-08-29 13:16:45.9325 [DEBUG] Scene Fusion version 1.5.2
2017-08-29 13:16:45.9826 [DEBUG] Play mode: True, sync in play mode: True
2017-08-29 13:16:51.0714 [DEBUG] Play mode: False
2017-08-29 13:17:47.3662 [DEBUG] Scene Fusion version 1.5.2
2017-08-29 13:17:47.4117 [DEBUG] Play mode: True, sync in play mode: True
2017-08-29 13:18:07.7172 [DEBUG] Play mode: False
2017-08-29 13:26:02.5437 [DEBUG] Scene Fusion version 1.5.2
2017-08-29 13:26:02.5949 [DEBUG] Play mode: True, sync in play mode: True
2017-08-29 13:26:09.0614 [DEBUG] Play mode: False
2017-08-29 13:28:54.1139 [DEBUG] Scene Fusion version 1.5.2
2017-08-29 13:28:54.1615 [DEBUG] Play mode: True, sync in play mode: True
2017-08-29 13:29:46.4581 [DEBUG] Play mode: False
2017-08-29 13:30:56.0206 [DEBUG] Scene Fusion version 1.5.2
2017-08-29 13:30:56.0532 [DEBUG] Play mode: True, sync in play mode: True
2017-08-29 13:30:59.8505 [DEBUG] Play mode: False
2017-08-29 13:31:09.9399 [DEBUG] Scene Fusion version 1.5.2
2017-08-29 13:31:09.9901 [DEBUG] Play mode: True, sync in play mode: True
2017-08-29 13:31:13.7944 [DEBUG] Play mode: False
2017-08-29 13:36:20.9620 [DEBUG] Scene Fusion version 1.5.2
2017-08-29 13:36:21.0152 [DEBUG] Play mode: True, sync in play mode: True
2017-08-29 13:36:28.9906 [DEBUG] Play mode: False
2017-08-29 13:36:40.7244 [DEBUG] Scene Fusion version 1.5.2
2017-08-29 13:36:40.7758 [DEBUG] Play mode: True, sync in play mode: True
2017-08-29 13:36:51.0600 [DEBUG] Play mode: False
2017-08-29 13:37:36.3508 [DEBUG] Scene Fusion version 1.5.2
2017-08-29 13:37:36.4014 [DEBUG] Play mode: True, sync in play mode: True
2017-08-29 13:37:42.5441 [DEBUG] Play mode: False
2017-08-29 13:37:58.8031 [DEBUG] Scene Fusion version 1.5.2
2017-08-29 13:37:58.8522 [DEBUG] Play mode: True, sync in play mode: True
2017-08-29 13:38:03.1678 [DEBUG] Play mode: False
2017-08-29 13:43:00.3796 [DEBUG] Scene Fusion version 1.5.2
2017-08-29 13:43:00.4304 [DEBUG] Play mode: True, sync in play mode: True
2017-08-29 13:43:10.5578 [DEBUG] Play mode: False
2017-08-29 13:44:41.3733 [DEBUG] Scene Fusion version 1.5.2
2017-08-29 13:44:48.9319 [DEBUG] Scene Fusion version 1.5.2
2017-08-29 13:44:48.9806 [DEBUG] Play mode: True, sync in play mode: True
2017-08-29 13:44:57.0311 [DEBUG] Play mode: False
2017-08-29 13:45:15.8785 [DEBUG] Scene Fusion version 1.5.2
2017-08-29 13:45:18.5330 [DEBUG] Scene Fusion version 1.5.2
2017-08-29 13:45:18.5841 [DEBUG] Play mode: True, sync in play mode: True
2017-08-29 13:45:20.0140 [ERROR] IndexOutOfRangeException: Array index is out of range.
NS.Defender.DetectAction () (at Assets/New Scripts/Defender.cs:54)
NS.Defender.Update () (at Assets/New Scripts/Defender.cs:37)

2017-08-29 13:45:23.7376 [ERROR] IndexOutOfRangeException: Array index is out of range.
NS.Defender.DetectAction () (at Assets/New Scripts/Defender.cs:54)
NS.Defender.Update () (at Assets/New Scripts/Defender.cs:37)

2017-08-29 13:45:25.5188 [DEBUG] Play mode: False
2017-08-29 13:46:34.3868 [DEBUG] Scene Fusion version 1.5.2
2017-08-29 13:46:34.4369 [DEBUG] Play mode: True, sync in play mode: True
2017-08-29 13:47:03.8905 [DEBUG] Play mode: False
2017-08-29 13:47:36.5706 [DEBUG] Scene Fusion version 1.5.2
2017-08-29 13:47:36.6217 [DEBUG] Play mode: True, sync in play mode: True
2017-08-29 13:47:44.6417 [DEBUG] Play mode: False
2017-08-29 13:49:41.4224 [DEBUG] Scene Fusion version 1.5.2
2017-08-29 13:49:41.4741 [DEBUG] Play mode: True, sync in play mode: True
2017-08-29 13:49:55.9929 [DEBUG] Play mode: False
2017-08-29 13:50:08.2369 [DEBUG] Scene Fusion version 1.5.2
2017-08-29 13:50:08.2920 [DEBUG] Play mode: True, sync in play mode: True
2017-08-29 13:50:17.7949 [DEBUG] Play mode: False
2017-08-29 13:50:25.9789 [DEBUG] Scene Fusion version 1.5.2
2017-08-29 13:50:26.0326 [DEBUG] Play mode: True, sync in play mode: True
2017-08-29 13:50:51.6878 [DEBUG] Play mode: False
2017-08-29 13:50:59.9601 [DEBUG] Scene Fusion version 1.5.2
2017-08-29 13:51:00.0107 [DEBUG] Play mode: True, sync in play mode: True
2017-08-29 13:51:19.4760 [DEBUG] Play mode: False
2017-08-29 13:51:24.3281 [DEBUG] Scene Fusion version 1.5.2
2017-08-29 13:51:24.3818 [DEBUG] Play mode: True, sync in play mode: True
2017-08-29 13:51:34.0703 [DEBUG] Play mode: False
2017-08-29 13:51:41.4721 [DEBUG] Scene Fusion version 1.5.2
2017-08-29 13:52:09.7670 [DEBUG] Scene Fusion version 1.5.2
2017-08-29 13:52:09.8161 [DEBUG] Play mode: True, sync in play mode: True
2017-08-29 13:52:21.1411 [DEBUG] Play mode: False
2017-08-29 13:52:30.6550 [DEBUG] Scene Fusion version 1.5.2
2017-08-29 13:52:30.7031 [DEBUG] Play mode: True, sync in play mode: True
2017-08-29 13:53:01.7571 [DEBUG] Play mode: False
2017-08-29 13:53:14.2027 [DEBUG] Scene Fusion version 1.5.2
2017-08-29 13:53:14.2588 [DEBUG] Play mode: True, sync in play mode: True
2017-08-29 13:54:32.2229 [DEBUG] Play mode: False
2017-08-29 13:55:56.5239 [DEBUG] Scene Fusion version 1.5.2
2017-08-29 13:55:56.5791 [DEBUG] Play mode: True, sync in play mode: True
2017-08-29 13:56:31.0258 [DEBUG] Play mode: False
2017-08-29 14:14:39.4660 [DEBUG] Scene Fusion version 1.5.2
2017-08-29 14:14:39.5101 [DEBUG] Play mode: True, sync in play mode: True
2017-08-29 14:15:08.6816 [DEBUG] Play mode: False
2017-08-29 14:39:58.2447 [DEBUG] Scene Fusion version 1.5.2
2017-08-29 14:39:58.2928 [DEBUG] Play mode: True, sync in play mode: True
2017-08-29 14:40:20.2467 [DEBUG] Play mode: False
2017-08-29 14:42:57.9408 [DEBUG] Scene Fusion version 1.5.2
2017-08-29 19:04:43.9875 [DEBUG] Scene Fusion version 1.5.2
2017-08-29 19:06:32.7653 [DEBUG] Scene Fusion version 1.5.2
2017-08-29 19:06:59.0427 [DEBUG] Scene Fusion version 1.5.2
2017-08-29 19:06:59.0702 [DEBUG] Play mode: True, sync in play mode: True
2017-08-29 19:07:07.9487 [DEBUG] Play mode: False
2017-08-29 19:11:29.8348 [DEBUG] Scene Fusion version 1.5.2
2017-08-29 19:11:29.8879 [DEBUG] Play mode: True, sync in play mode: True
2017-08-29 19:11:43.6961 [DEBUG] Play mode: False
2017-08-29 19:14:31.0425 [DEBUG] Scene Fusion version 1.5.2
2017-08-29 19:14:41.7259 [DEBUG] Scene Fusion version 1.5.2
2017-08-29 19:14:41.7761 [DEBUG] Play mode: True, sync in play mode: True
2017-08-29 19:15:02.4281 [DEBUG] Play mode: False
2017-08-29 19:15:14.2189 [DEBUG] Scene Fusion version 1.5.2
2017-08-29 19:15:14.2731 [DEBUG] Play mode: True, sync in play mode: True
2017-08-29 19:15:27.9298 [DEBUG] Play mode: False
2017-08-29 19:19:10.1903 [DEBUG] Scene Fusion version 1.5.2
2017-08-29 19:19:10.2415 [DEBUG] Play mode: True, sync in play mode: True
2017-08-29 19:19:24.5466 [DEBUG] Play mode: False
2017-08-29 19:19:36.6152 [DEBUG] Scene Fusion version 1.5.2
2017-08-29 19:19:36.6657 [DEBUG] Play mode: True, sync in play mode: True
2017-08-29 19:19:44.5951 [DEBUG] Play mode: False
2017-08-29 19:21:43.3011 [DEBUG] Scene Fusion version 1.5.2
2017-08-29 19:21:43.3526 [DEBUG] Play mode: True, sync in play mode: True
2017-08-29 19:21:44.0555 [ERROR] NullReferenceException: Object reference not set to an instance of an object
NS.Defender.DetectAction () (at Assets/New Scripts/Defender.cs:57)
NS.Defender.Update () (at Assets/New Scripts/Defender.cs:39)

2017-08-29 19:21:48.8161 [DEBUG] Play mode: False
2017-08-29 19:22:25.1939 [DEBUG] Scene Fusion version 1.5.2
2017-08-29 19:22:32.0735 [DEBUG] Scene Fusion version 1.5.2
2017-08-29 19:22:32.1220 [DEBUG] Play mode: True, sync in play mode: True
2017-08-29 19:22:43.8285 [DEBUG] Play mode: False
2017-08-29 19:22:58.1585 [DEBUG] Scene Fusion version 1.5.2
2017-08-29 19:22:58.2111 [DEBUG] Play mode: True, sync in play mode: True
2017-08-29 19:23:08.4994 [DEBUG] Play mode: False
2017-08-29 19:28:19.5833 [DEBUG] Scene Fusion version 1.5.2
2017-08-29 19:31:43.6743 [DEBUG] Scene Fusion version 1.5.2
2017-08-29 19:31:43.7210 [DEBUG] Play mode: True, sync in play mode: True
2017-08-29 19:32:07.7785 [DEBUG] Play mode: False
2017-08-29 19:32:37.4899 [DEBUG] Scene Fusion version 1.5.2
2017-08-29 19:32:37.5385 [DEBUG] Play mode: True, sync in play mode: True
2017-08-29 19:32:58.7745 [DEBUG] Play mode: False
2017-08-29 19:37:04.4837 [DEBUG] Scene Fusion version 1.5.2
2017-08-29 19:37:04.5293 [DEBUG] Play mode: True, sync in play mode: True
2017-08-29 19:37:59.7045 [DEBUG] Play mode: False
2017-08-29 19:39:23.4198 [DEBUG] Scene Fusion version 1.5.2
2017-08-29 19:39:23.4674 [DEBUG] Play mode: True, sync in play mode: True
2017-08-29 19:39:31.6911 [DEBUG] Play mode: False
2017-08-29 19:41:10.8891 [DEBUG] Scene Fusion version 1.5.2
2017-08-29 19:41:10.9417 [DEBUG] Play mode: True, sync in play mode: True
2017-08-29 19:41:19.0617 [DEBUG] Play mode: False
2017-08-29 19:41:58.7938 [DEBUG] Scene Fusion version 1.5.2
2017-08-29 19:41:58.8554 [DEBUG] Play mode: True, sync in play mode: True
2017-08-29 19:42:19.5939 [DEBUG] Play mode: False
2017-08-29 19:47:40.8658 [DEBUG] Scene Fusion version 1.5.2
2017-08-29 19:47:40.9175 [DEBUG] Play mode: True, sync in play mode: True
2017-08-29 19:47:50.1946 [DEBUG] Play mode: False
2017-08-29 19:48:00.4775 [DEBUG] Scene Fusion version 1.5.2
2017-08-29 19:48:00.5351 [DEBUG] Play mode: True, sync in play mode: True
2017-08-29 19:48:08.1976 [DEBUG] Play mode: False
2017-08-29 19:48:23.6582 [DEBUG] Scene Fusion version 1.5.2
2017-08-29 19:48:23.7144 [DEBUG] Play mode: True, sync in play mode: True
2017-08-29 19:48:27.8243 [DEBUG] Play mode: False
2017-08-29 19:48:37.8403 [DEBUG] Scene Fusion version 1.5.2
2017-08-29 19:48:37.8960 [DEBUG] Play mode: True, sync in play mode: True
2017-08-29 19:49:08.2850 [DEBUG] Play mode: False
2017-08-29 19:49:16.0084 [DEBUG] Scene Fusion version 1.5.2
2017-08-29 19:49:16.0580 [DEBUG] Play mode: True, sync in play mode: True
2017-08-29 19:49:21.5011 [DEBUG] Play mode: False
2017-08-29 19:49:52.6073 [DEBUG] Scene Fusion version 1.5.2
2017-08-29 19:49:52.6715 [DEBUG] Play mode: True, sync in play mode: True
2017-08-29 19:50:01.7313 [DEBUG] Play mode: False
2017-08-29 19:50:13.4273 [DEBUG] Scene Fusion version 1.5.2
2017-08-29 19:50:13.4724 [DEBUG] Play mode: True, sync in play mode: True
2017-08-29 19:50:17.0905 [DEBUG] Play mode: False
2017-08-29 19:50:26.2234 [DEBUG] Scene Fusion version 1.5.2
2017-08-29 19:50:26.2796 [DEBUG] Play mode: True, sync in play mode: True
2017-08-29 19:50:31.0824 [DEBUG] Play mode: False
2017-08-29 19:51:02.6501 [DEBUG] Scene Fusion version 1.5.2
2017-08-29 19:51:02.6977 [DEBUG] Play mode: True, sync in play mode: True
2017-08-29 19:51:09.8703 [DEBUG] Play mode: False
2017-08-29 19:51:18.7840 [DEBUG] Scene Fusion version 1.5.2
2017-08-29 19:51:18.8336 [DEBUG] Play mode: True, sync in play mode: True
2017-08-29 19:51:24.0771 [DEBUG] Play mode: False
2017-08-29 19:51:38.1254 [DEBUG] Scene Fusion version 1.5.2
2017-08-29 19:51:38.1730 [DEBUG] Play mode: True, sync in play mode: True
2017-08-29 19:51:49.2761 [DEBUG] Play mode: False
2017-08-29 19:52:05.8766 [DEBUG] Scene Fusion version 1.5.2
2017-08-29 19:52:05.9232 [DEBUG] Play mode: True, sync in play mode: True
2017-08-29 19:52:14.3103 [DEBUG] Play mode: False
2017-08-29 19:52:31.3310 [DEBUG] Scene Fusion version 1.5.2
2017-08-29 19:52:31.3786 [DEBUG] Play mode: True, sync in play mode: True
2017-08-29 19:52:35.7746 [DEBUG] Play mode: False
2017-08-29 19:53:38.2628 [DEBUG] Scene Fusion version 1.5.2
2017-08-29 19:53:38.3129 [DEBUG] Play mode: True, sync in play mode: True
2017-08-29 19:53:45.7656 [DEBUG] Play mode: False
2017-08-29 19:53:59.7351 [DEBUG] Scene Fusion version 1.5.2
2017-08-29 19:53:59.7843 [DEBUG] Play mode: True, sync in play mode: True
2017-08-29 19:54:03.9930 [DEBUG] Play mode: False
2017-08-29 19:54:34.0099 [DEBUG] Scene Fusion version 1.5.2
2017-08-29 19:54:34.0590 [DEBUG] Play mode: True, sync in play mode: True
2017-08-29 19:54:38.1189 [DEBUG] Play mode: False
2017-08-29 19:54:54.2561 [DEBUG] Scene Fusion version 1.5.2
2017-08-29 19:54:54.3062 [DEBUG] Play mode: True, sync in play mode: True
2017-08-29 19:55:05.0565 [DEBUG] Play mode: False
2017-08-29 19:55:26.3846 [DEBUG] Scene Fusion version 1.5.2
2017-08-29 19:55:26.4358 [DEBUG] Play mode: True, sync in play mode: True
2017-08-29 19:55:28.8825 [DEBUG] Play mode: False
2017-08-29 19:55:37.9484 [DEBUG] Scene Fusion version 1.5.2
2017-08-29 19:55:38.0010 [DEBUG] Play mode: True, sync in play mode: True
2017-08-29 19:55:45.6865 [DEBUG] Play mode: False
2017-08-29 19:55:56.6742 [DEBUG] Scene Fusion version 1.5.2
2017-08-29 19:55:56.7219 [DEBUG] Play mode: True, sync in play mode: True
2017-08-29 19:56:03.2783 [DEBUG] Play mode: False
2017-08-29 19:56:11.3402 [DEBUG] Scene Fusion version 1.5.2
2017-08-29 19:56:11.3889 [DEBUG] Play mode: True, sync in play mode: True
2017-08-29 19:56:16.9795 [DEBUG] Play mode: False
2017-08-29 19:56:32.4702 [DEBUG] Scene Fusion version 1.5.2
2017-08-29 19:56:32.5208 [DEBUG] Play mode: True, sync in play mode: True
2017-08-29 19:56:49.8871 [DEBUG] Play mode: False
2017-08-29 19:58:38.8480 [DEBUG] Scene Fusion version 1.5.2
2017-08-29 19:58:38.8854 [DEBUG] Play mode: True, sync in play mode: True
2017-08-29 19:59:06.2004 [DEBUG] Play mode: False
2017-08-29 20:22:38.0762 [DEBUG] Scene Fusion version 1.5.2
2017-08-29 20:26:13.4446 [DEBUG] Scene Fusion version 1.5.2
2017-08-29 20:26:20.3193 [DEBUG] Scene Fusion version 1.5.2
2017-08-29 20:41:15.0397 [DEBUG] Scene Fusion version 1.5.2
2017-08-29 20:45:37.7198 [DEBUG] Scene Fusion version 1.5.2
2017-08-29 20:45:37.7599 [DEBUG] Play mode: True, sync in play mode: True
2017-08-29 20:45:44.4623 [DEBUG] Play mode: False
2017-08-29 20:51:26.5701 [DEBUG] Scene Fusion version 1.5.2
2017-08-29 20:51:26.6278 [DEBUG] Play mode: True, sync in play mode: True
2017-08-29 20:51:37.3441 [DEBUG] Play mode: False
2017-08-29 20:52:08.4252 [DEBUG] Scene Fusion version 1.5.2
2017-08-29 20:52:08.4633 [DEBUG] Play mode: True, sync in play mode: True
2017-08-29 20:52:13.4776 [DEBUG] Play mode: False
2017-08-29 20:52:20.4251 [DEBUG] Scene Fusion version 1.5.2
2017-08-29 20:52:20.4677 [DEBUG] Play mode: True, sync in play mode: True
2017-08-29 20:52:24.1222 [DEBUG] Play mode: False
2017-08-29 20:55:06.0366 [DEBUG] Scene Fusion version 1.5.2
2017-08-29 20:55:06.0862 [DEBUG] Play mode: True, sync in play mode: True
2017-08-29 20:55:22.5537 [DEBUG] Play mode: False
2017-08-29 21:07:16.6889 [DEBUG] Scene Fusion version 1.5.2
2017-08-29 21:07:16.7371 [DEBUG] Play mode: True, sync in play mode: True
2017-08-29 21:07:21.6363 [DEBUG] Play mode: False
2017-08-29 21:23:08.2959 [DEBUG] Scene Fusion version 1.5.2
2017-08-29 21:23:08.3405 [DEBUG] Play mode: True, sync in play mode: True
2017-08-29 21:23:18.7108 [DEBUG] Play mode: False
2017-08-29 21:23:47.7229 [DEBUG] Scene Fusion version 1.5.2
2017-08-29 21:23:47.7545 [DEBUG] Play mode: True, sync in play mode: True
2017-08-29 21:24:15.5078 [DEBUG] Play mode: False
2017-08-29 21:24:27.7000 [DEBUG] Scene Fusion version 1.5.2
2017-08-29 21:24:27.7497 [DEBUG] Play mode: True, sync in play mode: True
2017-08-29 21:24:52.7051 [DEBUG] Play mode: False
