2017-09-04 10:05:15.4364 [DEBUG] Scene Fusion version 1.5.2
2017-09-04 10:07:30.4487 [DEBUG] Scene Fusion version 1.5.2
2017-09-04 10:07:30.5003 [DEBUG] Play mode: True, sync in play mode: True
2017-09-04 10:08:13.5768 [DEBUG] Play mode: False
2017-09-04 11:11:14.0215 [DEBUG] Scene Fusion version 1.5.2
2017-09-04 13:54:36.8082 [DEBUG] Scene Fusion version 1.5.2
2017-09-04 13:54:36.8347 [DEBUG] Play mode: True, sync in play mode: True
2017-09-04 13:54:38.8273 [DEBUG] Play mode: False
2017-09-04 14:01:12.8968 [DEBUG] Scene Fusion version 1.5.2
2017-09-04 14:01:12.9214 [DEBUG] Play mode: True, sync in play mode: True
2017-09-04 14:01:17.4642 [DEBUG] Play mode: False
2017-09-04 14:02:46.9168 [DEBUG] Scene Fusion version 1.5.2
2017-09-04 14:02:46.9493 [DEBUG] Play mode: True, sync in play mode: True
2017-09-04 14:02:52.3056 [DEBUG] Play mode: False
2017-09-04 14:02:59.8667 [DEBUG] Scene Fusion version 1.5.2
2017-09-04 14:02:59.9121 [DEBUG] Play mode: True, sync in play mode: True
2017-09-04 14:03:00.5469 [ERROR] NullReferenceException: Object reference not set to an instance of an object
NS.Defender.Start () (at Assets/New Scripts/Defender.cs:29)

2017-09-04 14:03:00.5479 [ERROR] UnassignedReferenceException: The variable enemy of DefenderHealth has not been assigned.
You probably need to assign the enemy variable of the DefenderHealth script in the inspector.
UnityEngine.Component.GetComponent[EnemyAI] () (at C:/buildslave/unity/build/artifacts/generated/common/runtime/ComponentBindings.gen.cs:48)
NS.DefenderHealth.Start () (at Assets/New Scripts/DefenderHealth.cs:21)

2017-09-04 14:03:04.6526 [DEBUG] Play mode: False
2017-09-04 14:03:17.8464 [DEBUG] Scene Fusion version 1.5.2
2017-09-04 14:03:17.8915 [DEBUG] Play mode: True, sync in play mode: True
2017-09-04 14:03:18.9431 [ERROR] NullReferenceException: Object reference not set to an instance of an object
NS.Defender.Start () (at Assets/New Scripts/Defender.cs:29)

2017-09-04 14:03:18.9441 [ERROR] UnassignedReferenceException: The variable enemy of DefenderHealth has not been assigned.
You probably need to assign the enemy variable of the DefenderHealth script in the inspector.
UnityEngine.Component.GetComponent[EnemyAI] () (at C:/buildslave/unity/build/artifacts/generated/common/runtime/ComponentBindings.gen.cs:48)
NS.DefenderHealth.Start () (at Assets/New Scripts/DefenderHealth.cs:21)

2017-09-04 14:03:32.8158 [DEBUG] Play mode: False
2017-09-04 14:11:01.4542 [DEBUG] Scene Fusion version 1.5.2
2017-09-04 14:11:01.4783 [DEBUG] Play mode: True, sync in play mode: True
2017-09-04 14:11:02.8469 [ERROR] NullReferenceException: Object reference not set to an instance of an object
NS.Defender.Start () (at Assets/New Scripts/Defender.cs:29)

2017-09-04 14:11:02.8479 [ERROR] UnassignedReferenceException: The variable enemy of DefenderHealth has not been assigned.
You probably need to assign the enemy variable of the DefenderHealth script in the inspector.
UnityEngine.Component.GetComponent[EnemyAI] () (at C:/buildslave/unity/build/artifacts/generated/common/runtime/ComponentBindings.gen.cs:48)
NS.DefenderHealth.Start () (at Assets/New Scripts/DefenderHealth.cs:21)

2017-09-04 14:11:30.1557 [ERROR] NullReferenceException: Object reference not set to an instance of an object
NS.Defender.Start () (at Assets/New Scripts/Defender.cs:29)

2017-09-04 14:11:30.1572 [ERROR] UnassignedReferenceException: The variable enemy of DefenderHealth has not been assigned.
You probably need to assign the enemy variable of the DefenderHealth script in the inspector.
UnityEngine.Component.GetComponent[EnemyAI] () (at C:/buildslave/unity/build/artifacts/generated/common/runtime/ComponentBindings.gen.cs:48)
NS.DefenderHealth.Start () (at Assets/New Scripts/DefenderHealth.cs:21)

2017-09-04 14:11:36.2186 [DEBUG] Play mode: False
2017-09-04 14:11:51.3515 [DEBUG] Scene Fusion version 1.5.2
2017-09-04 14:11:51.3821 [DEBUG] Play mode: True, sync in play mode: True
2017-09-04 14:11:52.5860 [ERROR] NullReferenceException: Object reference not set to an instance of an object
NS.Defender.Start () (at Assets/New Scripts/Defender.cs:29)

2017-09-04 14:11:56.6068 [DEBUG] Play mode: False
2017-09-04 14:12:02.3332 [DEBUG] Scene Fusion version 1.5.2
2017-09-04 14:12:02.3849 [DEBUG] Play mode: True, sync in play mode: True
2017-09-04 14:12:04.2975 [DEBUG] Play mode: False
2017-09-04 14:12:27.9566 [DEBUG] Scene Fusion version 1.5.2
2017-09-04 14:12:27.9912 [DEBUG] Play mode: True, sync in play mode: True
2017-09-04 14:12:42.9142 [ERROR] UnassignedReferenceException: The variable goal of EnemyGoal has not been assigned.
You probably need to assign the goal variable of the EnemyGoal script in the inspector.
UnityEngine.Transform.get_position () (at C:/buildslave/unity/build/artifacts/generated/common/runtime/TransformBindings.gen.cs:27)
NS.EnemyGoal.Update () (at Assets/New Scripts/EnemyGoal.cs:27)

2017-09-04 14:13:26.1340 [DEBUG] Play mode: False
2017-09-04 14:13:35.6602 [DEBUG] Scene Fusion version 1.5.2
2017-09-04 14:13:35.6923 [DEBUG] Play mode: True, sync in play mode: True
2017-09-04 14:14:03.4737 [DEBUG] Play mode: False
2017-09-04 14:14:19.7280 [DEBUG] Scene Fusion version 1.5.2
2017-09-04 14:14:19.7921 [ERROR] NullReferenceException: Object reference not set to an instance of an object
NS.Defender.Start () (at Assets/New Scripts/Defender.cs:29)

2017-09-04 14:14:20.0237 [DEBUG] Play mode: True, sync in play mode: True
2017-09-04 14:14:42.6288 [DEBUG] Play mode: False
2017-09-04 14:14:49.0392 [DEBUG] Scene Fusion version 1.5.2
2017-09-04 14:14:49.0748 [DEBUG] Play mode: True, sync in play mode: True
2017-09-04 14:14:56.0207 [DEBUG] Play mode: False
2017-09-04 14:15:11.9594 [DEBUG] Scene Fusion version 1.5.2
2017-09-04 14:15:11.9945 [DEBUG] Play mode: True, sync in play mode: True
2017-09-04 14:15:13.3759 [ERROR] UnassignedReferenceException: The variable Player of DefenderCam has not been assigned.
You probably need to assign the Player variable of the DefenderCam script in the inspector.
NS.DefenderCam.LateUpdate () (at Assets/New Scripts/DefenderCam.cs:58)

2017-09-04 14:15:17.1358 [DEBUG] Play mode: False
2017-09-04 14:15:43.5071 [DEBUG] Scene Fusion version 1.5.2
2017-09-04 14:15:43.5316 [DEBUG] Play mode: True, sync in play mode: True
2017-09-04 14:16:16.7597 [DEBUG] Play mode: False
