2017-09-29 15:49:29.0257 [DEBUG] Scene Fusion version 1.6.0-1
2017-09-29 15:50:22.6803 [INFO] Launching Scene: Map 1
2017-09-29 15:50:23.8415 [DEBUG] Connecting to room (43465:SceneFusion:SceneFusion) via TCP at console.kinematicsoup.com:1025
2017-09-29 15:52:11.5331 [DEBUG] Sent C:/Users/Lathu/Desktop/LORE/LORE/KSEditorLogs/SessionLogs/session.43465-636422970238475503.log
2017-09-29 15:52:15.9338 [DEBUG] Connecting to room (43465:SceneFusion:SceneFusion) via TCP at console.kinematicsoup.com:1025
2017-09-29 16:01:13.2429 [DEBUG] Scene Fusion version 1.6.0-1
2017-09-29 16:02:57.7787 [DEBUG] Connecting to room (43468:SceneFusion:SceneFusion) via TCP at console.kinematicsoup.com:1025
2017-09-29 16:08:26.3904 [DEBUG] Sent C:/Users/Lathu/Desktop/LORE/LORE/KSEditorLogs/SessionLogs/session.43468-636422977778033527.log
2017-09-29 16:09:11.7099 [INFO] Launching Scene: Map 1
2017-09-29 16:09:12.8037 [DEBUG] Connecting to room (43469:SceneFusion:SceneFusion) via TCP at console.kinematicsoup.com:1026
2017-09-29 16:18:23.8517 [DEBUG] Sent C:/Users/Lathu/Desktop/LORE/LORE/KSEditorLogs/SessionLogs/session.43469-636422981528080334.log
2017-09-29 16:20:23.6326 [DEBUG] Scene Fusion version 1.6.0-1
2017-09-29 16:21:50.3055 [INFO] Launching Scene: Map 1
2017-09-29 16:21:51.5204 [DEBUG] Connecting to room (43471:SceneFusion:SceneFusion) via TCP at console.kinematicsoup.com:1025
2017-09-29 16:29:46.2810 [DEBUG] Sent C:/Users/Lathu/Desktop/LORE/LORE/KSEditorLogs/SessionLogs/session.43471-636422989115267935.log
2017-09-29 16:56:21.7546 [DEBUG] Scene Fusion version 1.6.0-1
2017-09-29 16:58:04.3575 [DEBUG] Invalid token sent as part of a web request token. Token = xHjO4R8H5LhddmSrRd1cEh50FIC0FuNKHY28ijJTnwdiJTgUo64FZzkwtzQ8BjD3XdFtCQCPPUgg46FNLMM8Lr3WiNTlOyjYywf7xuO9hp8jTcKQX54EcpjaFguA6oMrCIncDeL5iFKKzr9uIgZ4hYmzffPnwp4h3JS8tIkPXGNsDLDfeBubJzHGyuLLijpdsYxOn4qdQsga3yAqlRKOPTIzhN2g8zHhidI5TRz1fHOelI4D9uUeefn91dTzp3S
2017-09-29 17:01:23.5595 [DEBUG] Scene Fusion version 1.6.0-1
2017-09-29 17:01:23.6021 [DEBUG] Play mode: True, sync in play mode: True
2017-09-29 17:01:28.7643 [DEBUG] Play mode: False
2017-09-29 17:01:51.1226 [INFO] Launching Scene: Map 1
2017-09-29 17:01:52.5278 [DEBUG] Connecting to room (43474:SceneFusion:SceneFusion) via TCP at console.kinematicsoup.com:1025
