2017-08-25 08:33:56.9810 [DEBUG] Scene Fusion version 1.5.2
2017-08-25 08:33:57.2533 [INFO] Setting define symbol SCENE_FUSION
2017-08-25 08:34:01.3490 [DEBUG] Scene Fusion version 1.5.2
2017-08-25 14:04:14.3984 [DEBUG] Scene Fusion version 1.5.2
2017-08-25 14:20:45.9974 [DEBUG] Scene Fusion version 1.5.2
2017-08-25 14:20:46.0683 [DEBUG] Play mode: True, sync in play mode: False
2017-08-25 14:20:53.2725 [DEBUG] Play mode: False
2017-08-25 14:22:27.3876 [DEBUG] Scene Fusion version 1.5.2
2017-08-25 14:22:27.4544 [DEBUG] Play mode: True, sync in play mode: False
2017-08-25 14:22:51.1192 [DEBUG] Play mode: False
2017-08-25 14:31:45.9550 [DEBUG] Scene Fusion version 1.5.2
2017-08-25 14:32:27.1959 [DEBUG] Scene Fusion version 1.5.2
2017-08-25 14:32:30.5054 [DEBUG] Scene Fusion version 1.5.2
2017-08-25 14:32:30.5820 [DEBUG] Play mode: True, sync in play mode: False
2017-08-25 14:32:39.0351 [DEBUG] Play mode: False
2017-08-25 14:32:47.6160 [DEBUG] Scene Fusion version 1.5.2
2017-08-25 14:32:47.6902 [DEBUG] Play mode: True, sync in play mode: False
2017-08-25 14:32:54.9022 [DEBUG] Play mode: False
2017-08-25 14:33:01.3678 [DEBUG] Scene Fusion version 1.5.2
2017-08-25 14:33:01.4408 [DEBUG] Play mode: True, sync in play mode: False
2017-08-25 14:33:05.8339 [DEBUG] Play mode: False
2017-08-25 14:34:06.7811 [DEBUG] Scene Fusion version 1.5.2
2017-08-25 14:34:09.2841 [DEBUG] Scene Fusion version 1.5.2
2017-08-25 14:34:09.3729 [DEBUG] Play mode: True, sync in play mode: False
2017-08-25 14:34:17.4483 [DEBUG] Play mode: False
2017-08-25 14:34:25.5033 [DEBUG] Scene Fusion version 1.5.2
2017-08-25 14:34:25.5765 [DEBUG] Play mode: True, sync in play mode: False
2017-08-25 14:34:30.8844 [DEBUG] Play mode: False
2017-08-25 14:34:51.2352 [DEBUG] Scene Fusion version 1.5.2
2017-08-25 14:34:51.3110 [DEBUG] Play mode: True, sync in play mode: False
2017-08-25 14:34:58.9432 [DEBUG] Play mode: False
2017-08-25 14:35:31.4089 [DEBUG] Scene Fusion version 1.5.2
2017-08-25 14:35:31.4918 [DEBUG] Play mode: True, sync in play mode: False
2017-08-25 14:35:52.2328 [DEBUG] Play mode: False
2017-08-25 14:36:07.7811 [DEBUG] Scene Fusion version 1.5.2
2017-08-25 14:36:07.8763 [DEBUG] Play mode: True, sync in play mode: False
2017-08-25 14:38:21.0509 [DEBUG] Play mode: False
2017-08-25 14:39:36.8078 [DEBUG] Scene Fusion version 1.5.2
2017-08-25 14:39:36.8874 [DEBUG] Play mode: True, sync in play mode: False
2017-08-25 14:40:02.3646 [DEBUG] Play mode: False
2017-08-25 14:40:09.9870 [DEBUG] Scene Fusion version 1.5.2
2017-08-25 14:40:10.0716 [DEBUG] Play mode: True, sync in play mode: False
2017-08-25 14:40:41.7719 [DEBUG] Play mode: False
2017-08-25 14:42:07.8687 [DEBUG] Scene Fusion version 1.5.2
2017-08-25 14:42:14.9470 [ERROR] NullReferenceException: Object reference not set to an instance of an object
UnityEditor.Graphs.ParameterControllerView.HasKeyboardControl () (at C:/buildslave/unity/build/Editor/Graphs/UnityEditor.Graphs/Animation/ParameterControllerView.cs:762)
UnityEditor.Graphs.AnimatorControllerTool.OnGUI () (at C:/buildslave/unity/build/Editor/Graphs/UnityEditor.Graphs/Animation/AnimatorControllerTool.cs:1006)
System.Reflection.MonoMethod.Invoke (System.Object obj, BindingFlags invokeAttr, System.Reflection.Binder binder, System.Object[] parameters, System.Globalization.CultureInfo culture) (at /Users/builduser/buildslave/mono/build/mcs/class/corlib/System.Reflection/MonoMethod.cs:222)
Rethrow as TargetInvocationException: Exception has been thrown by the target of an invocation.
System.Reflection.MonoMethod.Invoke (System.Object obj, BindingFlags invokeAttr, System.Reflection.Binder binder, System.Object[] parameters, System.Globalization.CultureInfo culture) (at /Users/builduser/buildslave/mono/build/mcs/class/corlib/System.Reflection/MonoMethod.cs:232)
System.Reflection.MethodBase.Invoke (System.Object obj, System.Object[] parameters) (at /Users/builduser/buildslave/mono/build/mcs/class/corlib/System.Reflection/MethodBase.cs:115)
UnityEditor.HostView.Invoke (System.String methodName, System.Object obj) (at C:/buildslave/unity/build/Editor/Mono/HostView.cs:272)
UnityEditor.HostView.Invoke (System.String methodName) (at C:/buildslave/unity/build/Editor/Mono/HostView.cs:265)
UnityEditor.HostView.InvokeOnGUI (Rect onGUIPosition) (at C:/buildslave/unity/build/Editor/Mono/HostView.cs:232)

2017-08-25 14:42:15.9254 [ERROR] NullReferenceException: Object reference not set to an instance of an object
UnityEditor.Graphs.ParameterControllerView.HasKeyboardControl () (at C:/buildslave/unity/build/Editor/Graphs/UnityEditor.Graphs/Animation/ParameterControllerView.cs:762)
UnityEditor.Graphs.AnimatorControllerTool.OnGUI () (at C:/buildslave/unity/build/Editor/Graphs/UnityEditor.Graphs/Animation/AnimatorControllerTool.cs:1006)
System.Reflection.MonoMethod.Invoke (System.Object obj, BindingFlags invokeAttr, System.Reflection.Binder binder, System.Object[] parameters, System.Globalization.CultureInfo culture) (at /Users/builduser/buildslave/mono/build/mcs/class/corlib/System.Reflection/MonoMethod.cs:222)
Rethrow as TargetInvocationException: Exception has been thrown by the target of an invocation.
System.Reflection.MonoMethod.Invoke (System.Object obj, BindingFlags invokeAttr, System.Reflection.Binder binder, System.Object[] parameters, System.Globalization.CultureInfo culture) (at /Users/builduser/buildslave/mono/build/mcs/class/corlib/System.Reflection/MonoMethod.cs:232)
System.Reflection.MethodBase.Invoke (System.Object obj, System.Object[] parameters) (at /Users/builduser/buildslave/mono/build/mcs/class/corlib/System.Reflection/MethodBase.cs:115)
UnityEditor.HostView.Invoke (System.String methodName, System.Object obj) (at C:/buildslave/unity/build/Editor/Mono/HostView.cs:272)
UnityEditor.HostView.Invoke (System.String methodName) (at C:/buildslave/unity/build/Editor/Mono/HostView.cs:265)
UnityEditor.HostView.InvokeOnGUI (Rect onGUIPosition) (at C:/buildslave/unity/build/Editor/Mono/HostView.cs:232)

2017-08-25 14:42:16.4256 [ERROR] NullReferenceException: Object reference not set to an instance of an object
UnityEditor.Graphs.ParameterControllerView.HasKeyboardControl () (at C:/buildslave/unity/build/Editor/Graphs/UnityEditor.Graphs/Animation/ParameterControllerView.cs:762)
UnityEditor.Graphs.AnimatorControllerTool.OnGUI () (at C:/buildslave/unity/build/Editor/Graphs/UnityEditor.Graphs/Animation/AnimatorControllerTool.cs:1006)
System.Reflection.MonoMethod.Invoke (System.Object obj, BindingFlags invokeAttr, System.Reflection.Binder binder, System.Object[] parameters, System.Globalization.CultureInfo culture) (at /Users/builduser/buildslave/mono/build/mcs/class/corlib/System.Reflection/MonoMethod.cs:222)
Rethrow as TargetInvocationException: Exception has been thrown by the target of an invocation.
System.Reflection.MonoMethod.Invoke (System.Object obj, BindingFlags invokeAttr, System.Reflection.Binder binder, System.Object[] parameters, System.Globalization.CultureInfo culture) (at /Users/builduser/buildslave/mono/build/mcs/class/corlib/System.Reflection/MonoMethod.cs:232)
System.Reflection.MethodBase.Invoke (System.Object obj, System.Object[] parameters) (at /Users/builduser/buildslave/mono/build/mcs/class/corlib/System.Reflection/MethodBase.cs:115)
UnityEditor.HostView.Invoke (System.String methodName, System.Object obj) (at C:/buildslave/unity/build/Editor/Mono/HostView.cs:272)
UnityEditor.HostView.Invoke (System.String methodName) (at C:/buildslave/unity/build/Editor/Mono/HostView.cs:265)
UnityEditor.HostView.InvokeOnGUI (Rect onGUIPosition) (at C:/buildslave/unity/build/Editor/Mono/HostView.cs:232)

2017-08-25 14:42:16.9826 [ERROR] NullReferenceException: Object reference not set to an instance of an object
UnityEditor.Graphs.ParameterControllerView.HasKeyboardControl () (at C:/buildslave/unity/build/Editor/Graphs/UnityEditor.Graphs/Animation/ParameterControllerView.cs:762)
UnityEditor.Graphs.AnimatorControllerTool.OnGUI () (at C:/buildslave/unity/build/Editor/Graphs/UnityEditor.Graphs/Animation/AnimatorControllerTool.cs:1006)
System.Reflection.MonoMethod.Invoke (System.Object obj, BindingFlags invokeAttr, System.Reflection.Binder binder, System.Object[] parameters, System.Globalization.CultureInfo culture) (at /Users/builduser/buildslave/mono/build/mcs/class/corlib/System.Reflection/MonoMethod.cs:222)
Rethrow as TargetInvocationException: Exception has been thrown by the target of an invocation.
System.Reflection.MonoMethod.Invoke (System.Object obj, BindingFlags invokeAttr, System.Reflection.Binder binder, System.Object[] parameters, System.Globalization.CultureInfo culture) (at /Users/builduser/buildslave/mono/build/mcs/class/corlib/System.Reflection/MonoMethod.cs:232)
System.Reflection.MethodBase.Invoke (System.Object obj, System.Object[] parameters) (at /Users/builduser/buildslave/mono/build/mcs/class/corlib/System.Reflection/MethodBase.cs:115)
UnityEditor.HostView.Invoke (System.String methodName, System.Object obj) (at C:/buildslave/unity/build/Editor/Mono/HostView.cs:272)
UnityEditor.HostView.Invoke (System.String methodName) (at C:/buildslave/unity/build/Editor/Mono/HostView.cs:265)
UnityEditor.HostView.InvokeOnGUI (Rect onGUIPosition) (at C:/buildslave/unity/build/Editor/Mono/HostView.cs:232)

2017-08-25 14:42:24.0488 [ERROR] NullReferenceException: Object reference not set to an instance of an object
UnityEditor.Graphs.ParameterControllerView.HasKeyboardControl () (at C:/buildslave/unity/build/Editor/Graphs/UnityEditor.Graphs/Animation/ParameterControllerView.cs:762)
UnityEditor.Graphs.AnimatorControllerTool.OnGUI () (at C:/buildslave/unity/build/Editor/Graphs/UnityEditor.Graphs/Animation/AnimatorControllerTool.cs:1006)
System.Reflection.MonoMethod.Invoke (System.Object obj, BindingFlags invokeAttr, System.Reflection.Binder binder, System.Object[] parameters, System.Globalization.CultureInfo culture) (at /Users/builduser/buildslave/mono/build/mcs/class/corlib/System.Reflection/MonoMethod.cs:222)
Rethrow as TargetInvocationException: Exception has been thrown by the target of an invocation.
System.Reflection.MonoMethod.Invoke (System.Object obj, BindingFlags invokeAttr, System.Reflection.Binder binder, System.Object[] parameters, System.Globalization.CultureInfo culture) (at /Users/builduser/buildslave/mono/build/mcs/class/corlib/System.Reflection/MonoMethod.cs:232)
System.Reflection.MethodBase.Invoke (System.Object obj, System.Object[] parameters) (at /Users/builduser/buildslave/mono/build/mcs/class/corlib/System.Reflection/MethodBase.cs:115)
UnityEditor.HostView.Invoke (System.String methodName, System.Object obj) (at C:/buildslave/unity/build/Editor/Mono/HostView.cs:272)
UnityEditor.HostView.Invoke (System.String methodName) (at C:/buildslave/unity/build/Editor/Mono/HostView.cs:265)
UnityEditor.HostView.InvokeOnGUI (Rect onGUIPosition) (at C:/buildslave/unity/build/Editor/Mono/HostView.cs:232)

2017-08-25 14:42:24.5367 [ERROR] NullReferenceException: Object reference not set to an instance of an object
UnityEditor.Graphs.ParameterControllerView.HasKeyboardControl () (at C:/buildslave/unity/build/Editor/Graphs/UnityEditor.Graphs/Animation/ParameterControllerView.cs:762)
UnityEditor.Graphs.AnimatorControllerTool.OnGUI () (at C:/buildslave/unity/build/Editor/Graphs/UnityEditor.Graphs/Animation/AnimatorControllerTool.cs:1006)
System.Reflection.MonoMethod.Invoke (System.Object obj, BindingFlags invokeAttr, System.Reflection.Binder binder, System.Object[] parameters, System.Globalization.CultureInfo culture) (at /Users/builduser/buildslave/mono/build/mcs/class/corlib/System.Reflection/MonoMethod.cs:222)
Rethrow as TargetInvocationException: Exception has been thrown by the target of an invocation.
System.Reflection.MonoMethod.Invoke (System.Object obj, BindingFlags invokeAttr, System.Reflection.Binder binder, System.Object[] parameters, System.Globalization.CultureInfo culture) (at /Users/builduser/buildslave/mono/build/mcs/class/corlib/System.Reflection/MonoMethod.cs:232)
System.Reflection.MethodBase.Invoke (System.Object obj, System.Object[] parameters) (at /Users/builduser/buildslave/mono/build/mcs/class/corlib/System.Reflection/MethodBase.cs:115)
UnityEditor.HostView.Invoke (System.String methodName, System.Object obj) (at C:/buildslave/unity/build/Editor/Mono/HostView.cs:272)
UnityEditor.HostView.Invoke (System.String methodName) (at C:/buildslave/unity/build/Editor/Mono/HostView.cs:265)
UnityEditor.HostView.InvokeOnGUI (Rect onGUIPosition) (at C:/buildslave/unity/build/Editor/Mono/HostView.cs:232)

2017-08-25 14:42:26.3316 [ERROR] NullReferenceException: Object reference not set to an instance of an object
UnityEditor.Graphs.ParameterControllerView.HasKeyboardControl () (at C:/buildslave/unity/build/Editor/Graphs/UnityEditor.Graphs/Animation/ParameterControllerView.cs:762)
UnityEditor.Graphs.AnimatorControllerTool.OnGUI () (at C:/buildslave/unity/build/Editor/Graphs/UnityEditor.Graphs/Animation/AnimatorControllerTool.cs:1006)
System.Reflection.MonoMethod.Invoke (System.Object obj, BindingFlags invokeAttr, System.Reflection.Binder binder, System.Object[] parameters, System.Globalization.CultureInfo culture) (at /Users/builduser/buildslave/mono/build/mcs/class/corlib/System.Reflection/MonoMethod.cs:222)
Rethrow as TargetInvocationException: Exception has been thrown by the target of an invocation.
System.Reflection.MonoMethod.Invoke (System.Object obj, BindingFlags invokeAttr, System.Reflection.Binder binder, System.Object[] parameters, System.Globalization.CultureInfo culture) (at /Users/builduser/buildslave/mono/build/mcs/class/corlib/System.Reflection/MonoMethod.cs:232)
System.Reflection.MethodBase.Invoke (System.Object obj, System.Object[] parameters) (at /Users/builduser/buildslave/mono/build/mcs/class/corlib/System.Reflection/MethodBase.cs:115)
UnityEditor.HostView.Invoke (System.String methodName, System.Object obj) (at C:/buildslave/unity/build/Editor/Mono/HostView.cs:272)
UnityEditor.HostView.Invoke (System.String methodName) (at C:/buildslave/unity/build/Editor/Mono/HostView.cs:265)
UnityEditor.HostView.InvokeOnGUI (Rect onGUIPosition) (at C:/buildslave/unity/build/Editor/Mono/HostView.cs:232)

2017-08-25 14:42:26.7822 [ERROR] NullReferenceException: Object reference not set to an instance of an object
UnityEditor.Graphs.ParameterControllerView.HasKeyboardControl () (at C:/buildslave/unity/build/Editor/Graphs/UnityEditor.Graphs/Animation/ParameterControllerView.cs:762)
UnityEditor.Graphs.AnimatorControllerTool.OnGUI () (at C:/buildslave/unity/build/Editor/Graphs/UnityEditor.Graphs/Animation/AnimatorControllerTool.cs:1006)
System.Reflection.MonoMethod.Invoke (System.Object obj, BindingFlags invokeAttr, System.Reflection.Binder binder, System.Object[] parameters, System.Globalization.CultureInfo culture) (at /Users/builduser/buildslave/mono/build/mcs/class/corlib/System.Reflection/MonoMethod.cs:222)
Rethrow as TargetInvocationException: Exception has been thrown by the target of an invocation.
System.Reflection.MonoMethod.Invoke (System.Object obj, BindingFlags invokeAttr, System.Reflection.Binder binder, System.Object[] parameters, System.Globalization.CultureInfo culture) (at /Users/builduser/buildslave/mono/build/mcs/class/corlib/System.Reflection/MonoMethod.cs:232)
System.Reflection.MethodBase.Invoke (System.Object obj, System.Object[] parameters) (at /Users/builduser/buildslave/mono/build/mcs/class/corlib/System.Reflection/MethodBase.cs:115)
UnityEditor.HostView.Invoke (System.String methodName, System.Object obj) (at C:/buildslave/unity/build/Editor/Mono/HostView.cs:272)
UnityEditor.HostView.Invoke (System.String methodName) (at C:/buildslave/unity/build/Editor/Mono/HostView.cs:265)
UnityEditor.HostView.InvokeOnGUI (Rect onGUIPosition) (at C:/buildslave/unity/build/Editor/Mono/HostView.cs:232)

2017-08-25 14:42:38.7884 [ERROR] NullReferenceException: Object reference not set to an instance of an object
UnityEditor.Graphs.ParameterControllerView.HasKeyboardControl () (at C:/buildslave/unity/build/Editor/Graphs/UnityEditor.Graphs/Animation/ParameterControllerView.cs:762)
UnityEditor.Graphs.AnimatorControllerTool.OnGUI () (at C:/buildslave/unity/build/Editor/Graphs/UnityEditor.Graphs/Animation/AnimatorControllerTool.cs:1006)
System.Reflection.MonoMethod.Invoke (System.Object obj, BindingFlags invokeAttr, System.Reflection.Binder binder, System.Object[] parameters, System.Globalization.CultureInfo culture) (at /Users/builduser/buildslave/mono/build/mcs/class/corlib/System.Reflection/MonoMethod.cs:222)
Rethrow as TargetInvocationException: Exception has been thrown by the target of an invocation.
System.Reflection.MonoMethod.Invoke (System.Object obj, BindingFlags invokeAttr, System.Reflection.Binder binder, System.Object[] parameters, System.Globalization.CultureInfo culture) (at /Users/builduser/buildslave/mono/build/mcs/class/corlib/System.Reflection/MonoMethod.cs:232)
System.Reflection.MethodBase.Invoke (System.Object obj, System.Object[] parameters) (at /Users/builduser/buildslave/mono/build/mcs/class/corlib/System.Reflection/MethodBase.cs:115)
UnityEditor.HostView.Invoke (System.String methodName, System.Object obj) (at C:/buildslave/unity/build/Editor/Mono/HostView.cs:272)
UnityEditor.HostView.Invoke (System.String methodName) (at C:/buildslave/unity/build/Editor/Mono/HostView.cs:265)
UnityEditor.HostView.InvokeOnGUI (Rect onGUIPosition) (at C:/buildslave/unity/build/Editor/Mono/HostView.cs:232)

2017-08-25 14:42:41.2470 [DEBUG] Scene Fusion version 1.5.2
2017-08-25 14:44:22.6893 [DEBUG] Scene Fusion version 1.5.2
2017-08-25 14:44:22.7833 [DEBUG] Play mode: True, sync in play mode: False
2017-08-25 14:44:30.3670 [DEBUG] Play mode: False
2017-08-25 14:44:43.5028 [DEBUG] Scene Fusion version 1.5.2
2017-08-25 14:44:43.5796 [DEBUG] Play mode: True, sync in play mode: False
2017-08-25 14:44:48.5881 [DEBUG] Play mode: False
2017-08-25 14:45:11.7905 [DEBUG] Scene Fusion version 1.5.2
2017-08-25 14:45:11.8722 [DEBUG] Play mode: True, sync in play mode: False
2017-08-25 14:45:14.4197 [DEBUG] Play mode: False
2017-08-25 14:45:24.6260 [DEBUG] Scene Fusion version 1.5.2
2017-08-25 14:45:24.7037 [DEBUG] Play mode: True, sync in play mode: False
2017-08-25 14:45:37.1189 [DEBUG] Play mode: False
2017-08-25 14:45:48.0232 [DEBUG] Scene Fusion version 1.5.2
2017-08-25 14:45:48.1040 [DEBUG] Play mode: True, sync in play mode: False
2017-08-25 14:45:51.8873 [DEBUG] Play mode: False
2017-08-25 14:46:05.4981 [DEBUG] Scene Fusion version 1.5.2
2017-08-25 14:46:05.5798 [DEBUG] Play mode: True, sync in play mode: False
2017-08-25 14:46:10.3473 [DEBUG] Play mode: False
2017-08-25 14:46:21.1834 [DEBUG] Scene Fusion version 1.5.2
2017-08-25 14:46:21.2691 [DEBUG] Play mode: True, sync in play mode: False
2017-08-25 14:46:31.4383 [DEBUG] Play mode: False
2017-08-25 14:49:04.5037 [DEBUG] Scene Fusion version 1.5.2
2017-08-25 14:49:04.5887 [DEBUG] Play mode: True, sync in play mode: False
2017-08-25 14:49:09.5483 [DEBUG] Play mode: False
2017-08-25 14:49:18.2463 [DEBUG] Scene Fusion version 1.5.2
2017-08-25 14:49:18.3254 [DEBUG] Play mode: True, sync in play mode: False
2017-08-25 14:50:16.8579 [DEBUG] Play mode: False
2017-08-25 14:51:04.8109 [DEBUG] Scene Fusion version 1.5.2
2017-08-25 14:51:04.9004 [DEBUG] Play mode: True, sync in play mode: False
2017-08-25 14:51:11.2126 [DEBUG] Play mode: False
2017-08-25 14:55:04.0554 [DEBUG] Scene Fusion version 1.5.2
2017-08-25 14:55:04.1419 [DEBUG] Play mode: True, sync in play mode: False
2017-08-25 14:55:17.2201 [DEBUG] Play mode: False
2017-08-25 14:55:42.4933 [DEBUG] Scene Fusion version 1.5.2
2017-08-25 14:55:42.5870 [DEBUG] Play mode: True, sync in play mode: False
2017-08-25 14:55:48.3731 [DEBUG] Play mode: False
2017-08-25 14:56:03.6451 [DEBUG] Scene Fusion version 1.5.2
2017-08-25 14:56:03.7123 [DEBUG] Play mode: True, sync in play mode: False
2017-08-25 14:56:13.4955 [DEBUG] Play mode: False
2017-08-25 14:56:33.3558 [DEBUG] Scene Fusion version 1.5.2
2017-08-25 14:56:33.4326 [DEBUG] Play mode: True, sync in play mode: False
2017-08-25 14:56:38.7988 [DEBUG] Play mode: False
2017-08-25 14:56:56.1879 [DEBUG] Scene Fusion version 1.5.2
2017-08-25 14:56:56.2609 [DEBUG] Play mode: True, sync in play mode: False
2017-08-25 14:57:05.1027 [DEBUG] Play mode: False
2017-08-25 14:57:48.2600 [DEBUG] Scene Fusion version 1.5.2
2017-08-25 14:57:48.3083 [DEBUG] Play mode: True, sync in play mode: False
2017-08-25 14:57:54.4929 [DEBUG] Play mode: False
2017-08-25 14:58:03.8690 [DEBUG] Scene Fusion version 1.5.2
2017-08-25 14:58:03.9402 [DEBUG] Play mode: True, sync in play mode: False
2017-08-25 14:58:12.7479 [DEBUG] Play mode: False
2017-08-25 14:58:42.9022 [DEBUG] Scene Fusion version 1.5.2
2017-08-25 14:58:42.9939 [DEBUG] Play mode: True, sync in play mode: False
2017-08-25 14:59:02.8423 [DEBUG] Play mode: False
2017-08-25 14:59:05.8352 [DEBUG] Scene Fusion version 1.5.2
2017-08-25 14:59:05.9280 [DEBUG] Play mode: True, sync in play mode: False
2017-08-25 14:59:30.1585 [DEBUG] Play mode: False
2017-08-25 14:59:41.2199 [DEBUG] Scene Fusion version 1.5.2
2017-08-25 14:59:41.2920 [DEBUG] Play mode: True, sync in play mode: False
2017-08-25 15:00:00.7661 [DEBUG] Play mode: False
2017-08-25 15:00:32.8918 [DEBUG] Scene Fusion version 1.5.2
2017-08-25 15:00:32.9758 [DEBUG] Play mode: True, sync in play mode: False
2017-08-25 15:02:14.3313 [DEBUG] Play mode: False
2017-08-25 15:08:23.8176 [DEBUG] Scene Fusion version 1.5.2
2017-08-25 15:08:23.9163 [DEBUG] Play mode: True, sync in play mode: False
2017-08-25 15:08:31.1275 [DEBUG] Play mode: False
2017-08-25 15:08:56.1193 [DEBUG] Scene Fusion version 1.5.2
2017-08-25 15:08:56.2067 [DEBUG] Play mode: True, sync in play mode: False
2017-08-25 15:09:42.3199 [DEBUG] Play mode: False
2017-08-25 15:09:45.1422 [DEBUG] Scene Fusion version 1.5.2
2017-08-25 15:09:45.2125 [DEBUG] Play mode: True, sync in play mode: False
2017-08-25 15:09:47.7544 [DEBUG] Play mode: False
2017-08-25 15:10:01.2452 [DEBUG] Scene Fusion version 1.5.2
2017-08-25 15:10:01.3299 [DEBUG] Play mode: True, sync in play mode: False
2017-08-25 15:10:19.0842 [DEBUG] Play mode: False
2017-08-25 15:12:00.7518 [DEBUG] Scene Fusion version 1.5.2
2017-08-25 15:12:00.8320 [DEBUG] Play mode: True, sync in play mode: False
2017-08-25 15:12:22.0766 [DEBUG] Play mode: False
2017-08-25 15:12:39.6770 [DEBUG] Scene Fusion version 1.5.2
2017-08-25 15:12:39.7618 [DEBUG] Play mode: True, sync in play mode: False
2017-08-25 15:12:59.5817 [DEBUG] Play mode: False
2017-08-25 15:14:00.7232 [DEBUG] Scene Fusion version 1.5.2
2017-08-25 15:14:00.8099 [DEBUG] Play mode: True, sync in play mode: False
2017-08-25 15:14:13.1066 [DEBUG] Play mode: False
2017-08-25 15:28:40.4293 [DEBUG] Scene Fusion version 1.5.2
2017-08-25 15:32:55.5859 [DEBUG] Scene Fusion version 1.5.2
2017-08-25 15:32:55.6728 [DEBUG] Play mode: True, sync in play mode: False
2017-08-25 15:33:03.5362 [DEBUG] Play mode: False
2017-08-25 15:33:10.1646 [DEBUG] Scene Fusion version 1.5.2
2017-08-25 15:33:10.2472 [DEBUG] Play mode: True, sync in play mode: False
2017-08-25 15:33:54.3070 [DEBUG] Play mode: False
2017-08-25 15:34:42.5455 [DEBUG] Scene Fusion version 1.5.2
2017-08-25 15:34:42.6256 [DEBUG] Play mode: True, sync in play mode: False
2017-08-25 15:35:06.8997 [DEBUG] Play mode: False
2017-08-25 15:35:36.2201 [DEBUG] Scene Fusion version 1.5.2
2017-08-25 15:35:36.3034 [DEBUG] Play mode: True, sync in play mode: False
2017-08-25 15:35:56.2655 [DEBUG] Play mode: False
2017-08-25 15:36:10.2354 [DEBUG] Scene Fusion version 1.5.2
2017-08-25 15:36:10.3178 [DEBUG] Play mode: True, sync in play mode: False
2017-08-25 15:37:00.9626 [DEBUG] Play mode: False
2017-08-25 15:37:16.6527 [DEBUG] Scene Fusion version 1.5.2
2017-08-25 15:37:16.7389 [DEBUG] Play mode: True, sync in play mode: False
2017-08-25 15:37:32.4412 [DEBUG] Play mode: False
2017-08-25 15:37:35.1750 [DEBUG] Scene Fusion version 1.5.2
2017-08-25 15:37:35.2540 [DEBUG] Play mode: True, sync in play mode: False
2017-08-25 15:37:42.7975 [DEBUG] Play mode: False
2017-08-25 15:37:50.0456 [DEBUG] Scene Fusion version 1.5.2
2017-08-25 15:37:50.1326 [DEBUG] Play mode: True, sync in play mode: False
2017-08-25 15:39:23.6071 [DEBUG] Play mode: False
2017-08-25 15:39:30.2555 [DEBUG] Scene Fusion version 1.5.2
2017-08-25 15:39:30.3538 [DEBUG] Play mode: True, sync in play mode: False
2017-08-25 15:39:36.2061 [DEBUG] Play mode: False
2017-08-25 15:39:46.8923 [DEBUG] Scene Fusion version 1.5.2
2017-08-25 15:39:46.9838 [DEBUG] Play mode: True, sync in play mode: False
2017-08-25 15:40:29.1398 [DEBUG] Play mode: False
2017-08-25 18:10:53.4252 [DEBUG] Scene Fusion version 1.5.2
2017-08-25 18:12:14.4611 [INFO] Launching Scene: WIP
2017-08-25 18:12:15.1803 [DEBUG] Connecting to room (38748:SceneFusion:SceneFusion) via TCP at console.kinematicsoup.com:1026
2017-08-25 19:01:49.4540 [DEBUG] Scene Fusion version 1.5.2
2017-08-25 19:02:19.1308 [DEBUG] Connecting to room (38748:SceneFusion:SceneFusion) via TCP at console.kinematicsoup.com:1026
2017-08-25 19:02:33.1242 [DEBUG] Sent C:/Users/Lathu/Desktop/LORE/LORE/KSEditorLogs/SessionLogs/session.38748-636392845391374103.log
2017-08-25 19:02:56.6518 [DEBUG] Scene Fusion version 1.5.2
2017-08-25 19:02:56.7030 [DEBUG] Play mode: True, sync in play mode: True
2017-08-25 19:03:02.8307 [DEBUG] Play mode: False
2017-08-25 19:03:21.6200 [DEBUG] Connecting to room (38748:SceneFusion:SceneFusion) via TCP at console.kinematicsoup.com:1026
2017-08-25 19:03:36.8208 [DEBUG] Sent C:/Users/Lathu/Desktop/LORE/LORE/KSEditorLogs/SessionLogs/session.38748-636392846016260750.log
2017-08-25 19:05:16.5123 [DEBUG] Scene Fusion version 1.5.2
2017-08-25 19:06:26.6514 [INFO] Launching Scene: WIP
2017-08-25 19:06:27.7293 [DEBUG] Connecting to room (38752:SceneFusion:SceneFusion) via TCP at console.kinematicsoup.com:1026
2017-08-25 19:16:48.9534 [DEBUG] Sent C:/Users/Lathu/Desktop/LORE/LORE/KSEditorLogs/SessionLogs/session.38752-636392847877358733.log
2017-08-25 19:24:28.5552 [INFO] Launching Scene: WIP
2017-08-25 19:24:29.2985 [DEBUG] Connecting to room (38755:SceneFusion:SceneFusion) via TCP at console.kinematicsoup.com:1026
2017-08-25 20:09:31.6714 [DEBUG] Sent C:/Users/Lathu/Desktop/LORE/LORE/KSEditorLogs/SessionLogs/session.38755-636392858693005455.log
2017-08-25 20:09:35.2332 [DEBUG] Connecting to room (38755:SceneFusion:SceneFusion) via TCP at console.kinematicsoup.com:1026
2017-08-25 22:22:52.3491 [DEBUG] Scene Fusion version 1.5.2
2017-08-25 23:04:34.0164 [DEBUG] Scene Fusion version 1.5.2
2017-08-25 23:05:56.9897 [DEBUG] Scene Fusion version 1.5.2
2017-08-25 23:06:06.8747 [INFO] Launching Scene: WIP
2017-08-25 23:06:07.5793 [DEBUG] Connecting to room (38776:SceneFusion:SceneFusion) via TCP at console.kinematicsoup.com:1026
2017-08-25 23:29:58.6900 [DEBUG] Sent C:/Users/Lathu/Desktop/LORE/LORE/KSEditorLogs/SessionLogs/session.38776-636392991675859205.log
